<?xml version="1.0" encoding="UTF-8"?>
<robot generator="Robot 7.0 (Python 3.10.9 on win32)" generated="2024-05-21T17:15:38.571625" rpa="false" schemaversion="5">
<suite id="s1" name="BrowserStackRobotAppium" source="C:\YAMAN_DEV\BrowserStackRobotAppium">
<suite id="s1-s1" name="Features" source="C:\YAMAN_DEV\BrowserStackRobotAppium\features">
<suite id="s1-s1-s1" name="Somar" source="C:\YAMAN_DEV\BrowserStackRobotAppium\features\Somar.robot">
<test id="s1-s1-s1-t1" name="CT-001: Somar 15 com 25" line="13">
<kw name="Abrir app" owner="Config" type="SETUP">
<kw name="Open Application" owner="AppiumLibrary">
<arg>remote_url=${REMOTE_URL}</arg>
<arg>app=${APP}</arg>
<arg>platformName=${OS}</arg>
<arg>deviceName=${DEVICE}</arg>
<arg>os_version=${OS_VERSION}</arg>
<arg>project=${PROJECT}</arg>
<arg>build=${SUITE NAME}</arg>
<arg>name=${SUITE NAME}</arg>
<doc>Opens a new application to given Appium server.
Capabilities of appium server, Android and iOS,
Please check https://github.com/appium/appium/blob/master/docs/en/writing-running-appium/server-args.md
| *Option*            | *Man.* | *Description*     |
| remote_url          | Yes    | Appium server url |
| alias               | no     | alias             |
| strict_ssl          | No     | allows you to send commands to an invalid certificate host like a self-signed one. |</doc>
<status status="PASS" start="2024-05-21T17:15:38.949998" elapsed="21.632976"/>
</kw>
<status status="PASS" start="2024-05-21T17:15:38.949163" elapsed="21.633811"/>
</kw>
<kw name="Dado que estou no app" owner="BDDpt-br" source_name="Dado ${keyword}">
<kw name="Run Keyword" owner="BuiltIn">
<kw name="que estou no app" owner="Somar">
<kw name="Wait Until Element Is Visible" owner="AppiumLibrary">
<msg time="2024-05-21T17:16:01.283950" level="INFO">criteria is android_button_sum</msg>
<arg>${BOTAO_SOMAR}</arg>
<doc>Waits until element specified with `locator` is visible.</doc>
<status status="PASS" start="2024-05-21T17:16:00.588954" elapsed="0.694996"/>
</kw>
<status status="PASS" start="2024-05-21T17:16:00.588008" elapsed="0.696941"/>
</kw>
<arg>${keyword}</arg>
<doc>Executes the given keyword with the given arguments.</doc>
<status status="PASS" start="2024-05-21T17:16:00.586998" elapsed="0.697951"/>
</kw>
<status status="PASS" start="2024-05-21T17:16:00.585011" elapsed="0.699938"/>
</kw>
<kw name="Quando digito o valor 15" owner="BDDpt-br" source_name="Quando ${keyword}">
<kw name="Run Keyword" owner="BuiltIn">
<kw name="digito o valor 15" owner="Somar">
<kw name="Wait Until Element Is Visible" owner="AppiumLibrary">
<msg time="2024-05-21T17:16:01.719490" level="INFO">criteria is android_field_first_number</msg>
<arg>${CAMPO_PRIMEIRO_NUMERO}</arg>
<doc>Waits until element specified with `locator` is visible.</doc>
<status status="PASS" start="2024-05-21T17:16:01.289904" elapsed="0.429586"/>
</kw>
<kw name="Input Text" owner="AppiumLibrary">
<msg time="2024-05-21T17:16:01.726469" level="INFO">Typing text '15' into text field 'id=android_field_first_number'</msg>
<msg time="2024-05-21T17:16:02.201136" level="INFO">criteria is android_field_first_number</msg>
<arg>${CAMPO_PRIMEIRO_NUMERO}</arg>
<arg>15</arg>
<doc>Types the given `text` into text field identified by `locator`.</doc>
<status status="PASS" start="2024-05-21T17:16:01.720492" elapsed="0.480771"/>
</kw>
<status status="PASS" start="2024-05-21T17:16:01.288903" elapsed="0.913666"/>
</kw>
<arg>${keyword}</arg>
<doc>Executes the given keyword with the given arguments.</doc>
<status status="PASS" start="2024-05-21T17:16:01.287909" elapsed="0.914845"/>
</kw>
<status status="PASS" start="2024-05-21T17:16:01.286914" elapsed="0.915840"/>
</kw>
<kw name="E somo com 25" owner="BDDpt-br" source_name="E ${keyword}">
<kw name="Run Keyword" owner="BuiltIn">
<kw name="somo com 25" owner="Somar">
<kw name="Wait Until Element Is Visible" owner="AppiumLibrary">
<msg time="2024-05-21T17:16:02.924640" level="INFO">criteria is android_field_second_number</msg>
<arg>${CAMPO_SEGUNDO_NUMERO}</arg>
<doc>Waits until element specified with `locator` is visible.</doc>
<status status="PASS" start="2024-05-21T17:16:02.206117" elapsed="0.719517"/>
</kw>
<kw name="Input Text" owner="AppiumLibrary">
<msg time="2024-05-21T17:16:02.931616" level="INFO">Typing text '25' into text field 'id=android_field_second_number'</msg>
<msg time="2024-05-21T17:16:03.905814" level="INFO">criteria is android_field_second_number</msg>
<arg>${CAMPO_SEGUNDO_NUMERO}</arg>
<arg>25</arg>
<doc>Types the given `text` into text field identified by `locator`.</doc>
<status status="PASS" start="2024-05-21T17:16:02.925634" elapsed="0.980180"/>
</kw>
<status status="PASS" start="2024-05-21T17:16:02.205119" elapsed="1.700695"/>
</kw>
<arg>${keyword}</arg>
<doc>Executes the given keyword with the given arguments.</doc>
<status status="PASS" start="2024-05-21T17:16:02.205119" elapsed="1.700695"/>
</kw>
<status status="PASS" start="2024-05-21T17:16:02.204129" elapsed="1.702681"/>
</kw>
<kw name="Então o resultado deve ser 40" owner="BDDpt-br" source_name="Então ${keyword}">
<kw name="Run Keyword" owner="BuiltIn">
<kw name="o resultado deve ser 40" owner="Somar">
<kw name="Wait Until Element Is Visible" owner="AppiumLibrary">
<msg time="2024-05-21T17:16:04.679223" level="INFO">criteria is android_button_sum</msg>
<arg>${BOTAO_SOMAR}</arg>
<doc>Waits until element specified with `locator` is visible.</doc>
<status status="PASS" start="2024-05-21T17:16:03.911840" elapsed="0.767383"/>
</kw>
<kw name="Click Element" owner="AppiumLibrary">
<msg time="2024-05-21T17:16:04.686210" level="INFO">Clicking element 'id=android_button_sum'.</msg>
<msg time="2024-05-21T17:16:05.131060" level="INFO">criteria is android_button_sum</msg>
<arg>${BOTAO_SOMAR}</arg>
<doc>Click element identified by `locator`.</doc>
<status status="PASS" start="2024-05-21T17:16:04.680217" elapsed="0.451837"/>
</kw>
<kw name="Wait Until Element Is Visible" owner="AppiumLibrary">
<msg time="2024-05-21T17:16:05.877811" level="INFO">criteria is android_result_text</msg>
<arg>${RESULTADO}</arg>
<doc>Waits until element specified with `locator` is visible.</doc>
<status status="PASS" start="2024-05-21T17:16:05.132054" elapsed="0.745757"/>
</kw>
<kw name="Element Should Contain Text" owner="AppiumLibrary">
<msg time="2024-05-21T17:16:05.884829" level="INFO">Verifying element 'id=android_result_text' contains text '40'.</msg>
<msg time="2024-05-21T17:16:06.392818" level="INFO">criteria is android_result_text</msg>
<arg>${RESULTADO}</arg>
<arg>40</arg>
<doc>Verifies element identified by ``locator`` contains text ``expected``.</doc>
<status status="PASS" start="2024-05-21T17:16:05.878846" elapsed="0.513972"/>
</kw>
<status status="PASS" start="2024-05-21T17:16:03.910845" elapsed="2.482970"/>
</kw>
<arg>${keyword}</arg>
<doc>Executes the given keyword with the given arguments.</doc>
<status status="PASS" start="2024-05-21T17:16:03.909851" elapsed="2.483964"/>
</kw>
<status status="PASS" start="2024-05-21T17:16:03.907807" elapsed="2.486008"/>
</kw>
<kw name="Fechar app" owner="Config" type="TEARDOWN">
<if>
<branch type="IF" condition="'${TEST STATUS}' == 'PASS'">
<kw name="Mark Test Status" owner="Config">
<kw name="TEST STATUS" owner="mark-test-status">
<arg>${status}</arg>
<arg>${reason}</arg>
<status status="PASS" start="2024-05-21T17:16:06.397082" elapsed="0.665730"/>
</kw>
<arg>passed</arg>
<arg>Resultado validado com sucesso!</arg>
<status status="PASS" start="2024-05-21T17:16:06.395846" elapsed="0.666966"/>
</kw>
<status status="PASS" start="2024-05-21T17:16:06.395846" elapsed="0.666966"/>
</branch>
<branch type="ELSE">
<kw name="Mark Test Status" owner="Config">
<arg>failed</arg>
<arg>Algo deu errado!</arg>
<status status="NOT RUN" start="2024-05-21T17:16:07.062812" elapsed="0.000000"/>
</kw>
<status status="NOT RUN" start="2024-05-21T17:16:07.062812" elapsed="0.000000"/>
</branch>
<status status="PASS" start="2024-05-21T17:16:06.395846" elapsed="0.666966"/>
</if>
<kw name="Close All Applications" owner="AppiumLibrary">
<doc>Closes all open applications.</doc>
<status status="PASS" start="2024-05-21T17:16:07.063806" elapsed="0.565588"/>
</kw>
<status status="PASS" start="2024-05-21T17:16:06.394845" elapsed="1.234549"/>
</kw>
<status status="PASS" start="2024-05-21T17:15:38.949163" elapsed="28.681317"/>
</test>
<status status="PASS" start="2024-05-21T17:15:38.606945" elapsed="29.027436"/>
</suite>
<status status="PASS" start="2024-05-21T17:15:38.605291" elapsed="29.035036"/>
</suite>
<status status="PASS" start="2024-05-21T17:15:38.573653" elapsed="29.071691"/>
</suite>
<statistics>
<total>
<stat pass="1" fail="0" skip="0">All Tests</stat>
</total>
<tag>
</tag>
<suite>
<stat pass="1" fail="0" skip="0" id="s1" name="BrowserStackRobotAppium">BrowserStackRobotAppium</stat>
<stat pass="1" fail="0" skip="0" id="s1-s1" name="Features">BrowserStackRobotAppium.Features</stat>
<stat pass="1" fail="0" skip="0" id="s1-s1-s1" name="Somar">BrowserStackRobotAppium.Features.Somar</stat>
</suite>
</statistics>
<errors>
</errors>
</robot>
