<?xml version="1.0" encoding="UTF-8"?>
<robot generator="Robot 6.0.2 (Python 3.11.0 on win32)" generated="20230510 16:03:44.136" rpa="false" schemaversion="3">
<suite id="s1" name="Suites">
<suite id="s1-s1" name="Somar" source="C:\PyCharm Workspace\BrowserStack-Calculator\features\Somar.robot">
<test id="s1-s1-t1" name="CT-001: Somar 15 com 25" line="7">
<kw name="Dado que estou no app" library="BDDpt-br" sourcename="Dado ${keyword}">
<kw name="Run Keyword" library="BuiltIn">
<arg>${keyword}</arg>
<doc>Executes the given keyword with the given arguments.</doc>
<kw name="que estou no app" library="Somar">
<kw name="Abrir app" library="Config">
<kw name="Open Application" library="AppiumLibrary">
<arg>remote_url=${REMOTE_URL}</arg>
<arg>app=${APP}</arg>
<arg>device=${DEVICE}</arg>
<arg>os=${OS}</arg>
<arg>os_version=${OS_VERSION}</arg>
<arg>build=${BUILD}</arg>
<arg>name=${NAME}</arg>
<arg>project=${PROJECT}</arg>
<doc>Opens a new application to given Appium server.
Capabilities of appium server, Android and iOS,
Please check https://github.com/appium/appium/blob/master/docs/en/writing-running-appium/server-args.md
| *Option*            | *Man.* | *Description*     |
| remote_url          | Yes    | Appium server url |
| alias               | no     | alias             |</doc>
<status status="PASS" starttime="20230510 16:03:44.657" endtime="20230510 16:04:05.516"/>
</kw>
<status status="PASS" starttime="20230510 16:03:44.657" endtime="20230510 16:04:05.516"/>
</kw>
<kw name="Wait Until Element Is Visible" library="AppiumLibrary">
<arg>${BOTAO_SOMAR}</arg>
<doc>Waits until element specified with `locator` is visible.</doc>
<status status="PASS" starttime="20230510 16:04:05.516" endtime="20230510 16:04:06.304"/>
</kw>
<status status="PASS" starttime="20230510 16:03:44.657" endtime="20230510 16:04:06.304"/>
</kw>
<status status="PASS" starttime="20230510 16:03:44.653" endtime="20230510 16:04:06.304"/>
</kw>
<status status="PASS" starttime="20230510 16:03:44.653" endtime="20230510 16:04:06.304"/>
</kw>
<kw name="Quando digito o valor 15" library="BDDpt-br" sourcename="Quando ${keyword}">
<kw name="Run Keyword" library="BuiltIn">
<arg>${keyword}</arg>
<doc>Executes the given keyword with the given arguments.</doc>
<kw name="digito o valor 15" library="Somar">
<kw name="Wait Until Element Is Visible" library="AppiumLibrary">
<arg>${CAMPO_PRIMEIRO_NUMERO}</arg>
<doc>Waits until element specified with `locator` is visible.</doc>
<status status="PASS" starttime="20230510 16:04:06.308" endtime="20230510 16:04:07.152"/>
</kw>
<kw name="Input Text" library="AppiumLibrary">
<arg>${CAMPO_PRIMEIRO_NUMERO}</arg>
<arg>15</arg>
<doc>Types the given `text` into text field identified by `locator`.</doc>
<msg timestamp="20230510 16:04:07.156" level="INFO">Typing text '15' into text field 'id=android_field_first_number'</msg>
<status status="PASS" starttime="20230510 16:04:07.152" endtime="20230510 16:04:07.983"/>
</kw>
<status status="PASS" starttime="20230510 16:04:06.308" endtime="20230510 16:04:07.983"/>
</kw>
<status status="PASS" starttime="20230510 16:04:06.304" endtime="20230510 16:04:07.983"/>
</kw>
<status status="PASS" starttime="20230510 16:04:06.304" endtime="20230510 16:04:07.983"/>
</kw>
<kw name="E somo com 25" library="BDDpt-br" sourcename="E ${keyword}">
<kw name="Run Keyword" library="BuiltIn">
<arg>${keyword}</arg>
<doc>Executes the given keyword with the given arguments.</doc>
<kw name="somo com 25" library="Somar">
<kw name="Wait Until Element Is Visible" library="AppiumLibrary">
<arg>${CAMPO_SEGUNDO_NUMERO}</arg>
<doc>Waits until element specified with `locator` is visible.</doc>
<status status="PASS" starttime="20230510 16:04:07.983" endtime="20230510 16:04:08.905"/>
</kw>
<kw name="Input Text" library="AppiumLibrary">
<arg>${CAMPO_SEGUNDO_NUMERO}</arg>
<arg>25</arg>
<doc>Types the given `text` into text field identified by `locator`.</doc>
<msg timestamp="20230510 16:04:08.909" level="INFO">Typing text '25' into text field 'id=android_field_second_number'</msg>
<status status="PASS" starttime="20230510 16:04:08.905" endtime="20230510 16:04:10.194"/>
</kw>
<status status="PASS" starttime="20230510 16:04:07.983" endtime="20230510 16:04:10.194"/>
</kw>
<status status="PASS" starttime="20230510 16:04:07.983" endtime="20230510 16:04:10.194"/>
</kw>
<status status="PASS" starttime="20230510 16:04:07.983" endtime="20230510 16:04:10.194"/>
</kw>
<kw name="Então o resultado deve ser 40" library="BDDpt-br" sourcename="Então ${keyword}">
<kw name="Run Keyword" library="BuiltIn">
<arg>${keyword}</arg>
<doc>Executes the given keyword with the given arguments.</doc>
<kw name="o resultado deve ser 40" library="Somar">
<kw name="Wait Until Element Is Visible" library="AppiumLibrary">
<arg>${BOTAO_SOMAR}</arg>
<doc>Waits until element specified with `locator` is visible.</doc>
<status status="PASS" starttime="20230510 16:04:10.198" endtime="20230510 16:04:11.042"/>
</kw>
<kw name="Click Element" library="AppiumLibrary">
<arg>${BOTAO_SOMAR}</arg>
<doc>Click element identified by `locator`.</doc>
<msg timestamp="20230510 16:04:11.042" level="INFO">Clicking element 'id=android_button_sum'.</msg>
<status status="PASS" starttime="20230510 16:04:11.042" endtime="20230510 16:04:11.854"/>
</kw>
<kw name="Wait Until Element Is Visible" library="AppiumLibrary">
<arg>${RESULTADO}</arg>
<doc>Waits until element specified with `locator` is visible.</doc>
<status status="PASS" starttime="20230510 16:04:11.854" endtime="20230510 16:04:12.754"/>
</kw>
<kw name="Element Should Contain Text" library="AppiumLibrary">
<arg>${RESULTADO}</arg>
<arg>40</arg>
<doc>Verifies element identified by ``locator`` contains text ``expected``.</doc>
<msg timestamp="20230510 16:04:12.755" level="INFO">Verifying element 'id=android_result_text' contains text '40'.</msg>
<status status="PASS" starttime="20230510 16:04:12.755" endtime="20230510 16:04:13.441"/>
</kw>
<status status="PASS" starttime="20230510 16:04:10.198" endtime="20230510 16:04:13.441"/>
</kw>
<status status="PASS" starttime="20230510 16:04:10.194" endtime="20230510 16:04:13.441"/>
</kw>
<status status="PASS" starttime="20230510 16:04:10.194" endtime="20230510 16:04:13.441"/>
</kw>
<kw name="Fechar app" library="Config" type="TEARDOWN">
<kw name="Log" library="BuiltIn">
<arg>${TEST STATUS}</arg>
<doc>Logs the given message with the given level.</doc>
<msg timestamp="20230510 16:04:13.441" level="INFO">PASS</msg>
<status status="PASS" starttime="20230510 16:04:13.441" endtime="20230510 16:04:13.441"/>
</kw>
<if>
<branch type="IF" condition="'${TEST STATUS}' == 'PASS'">
<kw name="Mark Test Status" library="Config">
<arg>passed</arg>
<arg>Resultado validado com sucesso!</arg>
<kw name="TEST STATUS" library="mark-test-status">
<arg>${status}</arg>
<arg>${reason}</arg>
<status status="PASS" starttime="20230510 16:04:13.441" endtime="20230510 16:04:14.237"/>
</kw>
<status status="PASS" starttime="20230510 16:04:13.441" endtime="20230510 16:04:14.237"/>
</kw>
<status status="PASS" starttime="20230510 16:04:13.441" endtime="20230510 16:04:14.237"/>
</branch>
<branch type="ELSE">
<kw name="Mark Test Status" library="Config">
<arg>failed</arg>
<arg>Algo deu errado!</arg>
<status status="NOT RUN" starttime="20230510 16:04:14.237" endtime="20230510 16:04:14.237"/>
</kw>
<status status="NOT RUN" starttime="20230510 16:04:14.237" endtime="20230510 16:04:14.237"/>
</branch>
<status status="PASS" starttime="20230510 16:04:13.441" endtime="20230510 16:04:14.237"/>
</if>
<kw name="Close All Applications" library="AppiumLibrary">
<doc>Closes all open applications.</doc>
<status status="PASS" starttime="20230510 16:04:14.237" endtime="20230510 16:04:17.399"/>
</kw>
<status status="PASS" starttime="20230510 16:04:13.441" endtime="20230510 16:04:17.399"/>
</kw>
<status status="PASS" starttime="20230510 16:03:44.653" endtime="20230510 16:04:17.399"/>
</test>
<test id="s1-s1-t2" name="CT-002: Somar 35 com 65" line="13">
<kw name="Dado que estou no app" library="BDDpt-br" sourcename="Dado ${keyword}">
<kw name="Run Keyword" library="BuiltIn">
<arg>${keyword}</arg>
<doc>Executes the given keyword with the given arguments.</doc>
<kw name="que estou no app" library="Somar">
<kw name="Abrir app" library="Config">
<kw name="Open Application" library="AppiumLibrary">
<arg>remote_url=${REMOTE_URL}</arg>
<arg>app=${APP}</arg>
<arg>device=${DEVICE}</arg>
<arg>os=${OS}</arg>
<arg>os_version=${OS_VERSION}</arg>
<arg>build=${BUILD}</arg>
<arg>name=${NAME}</arg>
<arg>project=${PROJECT}</arg>
<doc>Opens a new application to given Appium server.
Capabilities of appium server, Android and iOS,
Please check https://github.com/appium/appium/blob/master/docs/en/writing-running-appium/server-args.md
| *Option*            | *Man.* | *Description*     |
| remote_url          | Yes    | Appium server url |
| alias               | no     | alias             |</doc>
<status status="PASS" starttime="20230510 16:04:17.409" endtime="20230510 16:04:40.883"/>
</kw>
<status status="PASS" starttime="20230510 16:04:17.405" endtime="20230510 16:04:40.883"/>
</kw>
<kw name="Wait Until Element Is Visible" library="AppiumLibrary">
<arg>${BOTAO_SOMAR}</arg>
<doc>Waits until element specified with `locator` is visible.</doc>
<status status="PASS" starttime="20230510 16:04:40.883" endtime="20230510 16:04:41.619"/>
</kw>
<status status="PASS" starttime="20230510 16:04:17.405" endtime="20230510 16:04:41.619"/>
</kw>
<status status="PASS" starttime="20230510 16:04:17.405" endtime="20230510 16:04:41.619"/>
</kw>
<status status="PASS" starttime="20230510 16:04:17.405" endtime="20230510 16:04:41.619"/>
</kw>
<kw name="Quando digito o valor 35" library="BDDpt-br" sourcename="Quando ${keyword}">
<kw name="Run Keyword" library="BuiltIn">
<arg>${keyword}</arg>
<doc>Executes the given keyword with the given arguments.</doc>
<kw name="digito o valor 35" library="Somar">
<kw name="Wait Until Element Is Visible" library="AppiumLibrary">
<arg>${CAMPO_PRIMEIRO_NUMERO}</arg>
<doc>Waits until element specified with `locator` is visible.</doc>
<status status="PASS" starttime="20230510 16:04:41.623" endtime="20230510 16:04:42.224"/>
</kw>
<kw name="Input Text" library="AppiumLibrary">
<arg>${CAMPO_PRIMEIRO_NUMERO}</arg>
<arg>35</arg>
<doc>Types the given `text` into text field identified by `locator`.</doc>
<msg timestamp="20230510 16:04:42.224" level="INFO">Typing text '35' into text field 'id=android_field_first_number'</msg>
<status status="PASS" starttime="20230510 16:04:42.224" endtime="20230510 16:04:43.320"/>
</kw>
<status status="PASS" starttime="20230510 16:04:41.623" endtime="20230510 16:04:43.320"/>
</kw>
<status status="PASS" starttime="20230510 16:04:41.619" endtime="20230510 16:04:43.320"/>
</kw>
<status status="PASS" starttime="20230510 16:04:41.619" endtime="20230510 16:04:43.320"/>
</kw>
<kw name="E somo com 65" library="BDDpt-br" sourcename="E ${keyword}">
<kw name="Run Keyword" library="BuiltIn">
<arg>${keyword}</arg>
<doc>Executes the given keyword with the given arguments.</doc>
<kw name="somo com 65" library="Somar">
<kw name="Wait Until Element Is Visible" library="AppiumLibrary">
<arg>${CAMPO_SEGUNDO_NUMERO}</arg>
<doc>Waits until element specified with `locator` is visible.</doc>
<status status="PASS" starttime="20230510 16:04:43.324" endtime="20230510 16:04:44.145"/>
</kw>
<kw name="Input Text" library="AppiumLibrary">
<arg>${CAMPO_SEGUNDO_NUMERO}</arg>
<arg>65</arg>
<doc>Types the given `text` into text field identified by `locator`.</doc>
<msg timestamp="20230510 16:04:44.149" level="INFO">Typing text '65' into text field 'id=android_field_second_number'</msg>
<status status="PASS" starttime="20230510 16:04:44.145" endtime="20230510 16:04:45.155"/>
</kw>
<status status="PASS" starttime="20230510 16:04:43.324" endtime="20230510 16:04:45.155"/>
</kw>
<status status="PASS" starttime="20230510 16:04:43.324" endtime="20230510 16:04:45.155"/>
</kw>
<status status="PASS" starttime="20230510 16:04:43.324" endtime="20230510 16:04:45.155"/>
</kw>
<kw name="Então o resultado deve ser 100" library="BDDpt-br" sourcename="Então ${keyword}">
<kw name="Run Keyword" library="BuiltIn">
<arg>${keyword}</arg>
<doc>Executes the given keyword with the given arguments.</doc>
<kw name="o resultado deve ser 100" library="Somar">
<kw name="Wait Until Element Is Visible" library="AppiumLibrary">
<arg>${BOTAO_SOMAR}</arg>
<doc>Waits until element specified with `locator` is visible.</doc>
<status status="PASS" starttime="20230510 16:04:45.159" endtime="20230510 16:04:45.915"/>
</kw>
<kw name="Click Element" library="AppiumLibrary">
<arg>${BOTAO_SOMAR}</arg>
<doc>Click element identified by `locator`.</doc>
<msg timestamp="20230510 16:04:45.915" level="INFO">Clicking element 'id=android_button_sum'.</msg>
<status status="PASS" starttime="20230510 16:04:45.915" endtime="20230510 16:04:46.691"/>
</kw>
<kw name="Wait Until Element Is Visible" library="AppiumLibrary">
<arg>${RESULTADO}</arg>
<doc>Waits until element specified with `locator` is visible.</doc>
<status status="PASS" starttime="20230510 16:04:46.691" endtime="20230510 16:04:47.895"/>
</kw>
<kw name="Element Should Contain Text" library="AppiumLibrary">
<arg>${RESULTADO}</arg>
<arg>100</arg>
<doc>Verifies element identified by ``locator`` contains text ``expected``.</doc>
<msg timestamp="20230510 16:04:47.895" level="INFO">Verifying element 'id=android_result_text' contains text '100'.</msg>
<status status="PASS" starttime="20230510 16:04:47.895" endtime="20230510 16:04:48.407"/>
</kw>
<status status="PASS" starttime="20230510 16:04:45.159" endtime="20230510 16:04:48.407"/>
</kw>
<status status="PASS" starttime="20230510 16:04:45.155" endtime="20230510 16:04:48.407"/>
</kw>
<status status="PASS" starttime="20230510 16:04:45.155" endtime="20230510 16:04:48.407"/>
</kw>
<kw name="Fechar app" library="Config" type="TEARDOWN">
<kw name="Log" library="BuiltIn">
<arg>${TEST STATUS}</arg>
<doc>Logs the given message with the given level.</doc>
<msg timestamp="20230510 16:04:48.409" level="INFO">PASS</msg>
<status status="PASS" starttime="20230510 16:04:48.409" endtime="20230510 16:04:48.409"/>
</kw>
<if>
<branch type="IF" condition="'${TEST STATUS}' == 'PASS'">
<kw name="Mark Test Status" library="Config">
<arg>passed</arg>
<arg>Resultado validado com sucesso!</arg>
<kw name="TEST STATUS" library="mark-test-status">
<arg>${status}</arg>
<arg>${reason}</arg>
<status status="PASS" starttime="20230510 16:04:48.409" endtime="20230510 16:04:48.933"/>
</kw>
<status status="PASS" starttime="20230510 16:04:48.409" endtime="20230510 16:04:48.933"/>
</kw>
<status status="PASS" starttime="20230510 16:04:48.409" endtime="20230510 16:04:48.933"/>
</branch>
<branch type="ELSE">
<kw name="Mark Test Status" library="Config">
<arg>failed</arg>
<arg>Algo deu errado!</arg>
<status status="NOT RUN" starttime="20230510 16:04:48.933" endtime="20230510 16:04:48.933"/>
</kw>
<status status="NOT RUN" starttime="20230510 16:04:48.933" endtime="20230510 16:04:48.933"/>
</branch>
<status status="PASS" starttime="20230510 16:04:48.409" endtime="20230510 16:04:48.933"/>
</if>
<kw name="Close All Applications" library="AppiumLibrary">
<doc>Closes all open applications.</doc>
<status status="PASS" starttime="20230510 16:04:48.933" endtime="20230510 16:04:49.621"/>
</kw>
<status status="PASS" starttime="20230510 16:04:48.409" endtime="20230510 16:04:49.621"/>
</kw>
<status status="PASS" starttime="20230510 16:04:17.399" endtime="20230510 16:04:49.621"/>
</test>
<test id="s1-s1-t3" name="CT-003: Somar 80 com 150" line="19">
<kw name="Dado que estou no app" library="BDDpt-br" sourcename="Dado ${keyword}">
<kw name="Run Keyword" library="BuiltIn">
<arg>${keyword}</arg>
<doc>Executes the given keyword with the given arguments.</doc>
<kw name="que estou no app" library="Somar">
<kw name="Abrir app" library="Config">
<kw name="Open Application" library="AppiumLibrary">
<arg>remote_url=${REMOTE_URL}</arg>
<arg>app=${APP}</arg>
<arg>device=${DEVICE}</arg>
<arg>os=${OS}</arg>
<arg>os_version=${OS_VERSION}</arg>
<arg>build=${BUILD}</arg>
<arg>name=${NAME}</arg>
<arg>project=${PROJECT}</arg>
<doc>Opens a new application to given Appium server.
Capabilities of appium server, Android and iOS,
Please check https://github.com/appium/appium/blob/master/docs/en/writing-running-appium/server-args.md
| *Option*            | *Man.* | *Description*     |
| remote_url          | Yes    | Appium server url |
| alias               | no     | alias             |</doc>
<status status="PASS" starttime="20230510 16:04:49.625" endtime="20230510 16:05:10.675"/>
</kw>
<status status="PASS" starttime="20230510 16:04:49.625" endtime="20230510 16:05:10.675"/>
</kw>
<kw name="Wait Until Element Is Visible" library="AppiumLibrary">
<arg>${BOTAO_SOMAR}</arg>
<doc>Waits until element specified with `locator` is visible.</doc>
<status status="PASS" starttime="20230510 16:05:10.675" endtime="20230510 16:05:11.462"/>
</kw>
<status status="PASS" starttime="20230510 16:04:49.625" endtime="20230510 16:05:11.462"/>
</kw>
<status status="PASS" starttime="20230510 16:04:49.621" endtime="20230510 16:05:11.462"/>
</kw>
<status status="PASS" starttime="20230510 16:04:49.621" endtime="20230510 16:05:11.462"/>
</kw>
<kw name="Quando digito o valor 80" library="BDDpt-br" sourcename="Quando ${keyword}">
<kw name="Run Keyword" library="BuiltIn">
<arg>${keyword}</arg>
<doc>Executes the given keyword with the given arguments.</doc>
<kw name="digito o valor 80" library="Somar">
<kw name="Wait Until Element Is Visible" library="AppiumLibrary">
<arg>${CAMPO_PRIMEIRO_NUMERO}</arg>
<doc>Waits until element specified with `locator` is visible.</doc>
<status status="PASS" starttime="20230510 16:05:11.466" endtime="20230510 16:05:12.222"/>
</kw>
<kw name="Input Text" library="AppiumLibrary">
<arg>${CAMPO_PRIMEIRO_NUMERO}</arg>
<arg>80</arg>
<doc>Types the given `text` into text field identified by `locator`.</doc>
<msg timestamp="20230510 16:05:12.225" level="INFO">Typing text '80' into text field 'id=android_field_first_number'</msg>
<status status="PASS" starttime="20230510 16:05:12.222" endtime="20230510 16:05:13.637"/>
</kw>
<status status="PASS" starttime="20230510 16:05:11.466" endtime="20230510 16:05:13.637"/>
</kw>
<status status="PASS" starttime="20230510 16:05:11.462" endtime="20230510 16:05:13.637"/>
</kw>
<status status="PASS" starttime="20230510 16:05:11.462" endtime="20230510 16:05:13.637"/>
</kw>
<kw name="E somo com 150" library="BDDpt-br" sourcename="E ${keyword}">
<kw name="Run Keyword" library="BuiltIn">
<arg>${keyword}</arg>
<doc>Executes the given keyword with the given arguments.</doc>
<kw name="somo com 150" library="Somar">
<kw name="Wait Until Element Is Visible" library="AppiumLibrary">
<arg>${CAMPO_SEGUNDO_NUMERO}</arg>
<doc>Waits until element specified with `locator` is visible.</doc>
<status status="PASS" starttime="20230510 16:05:13.645" endtime="20230510 16:05:14.717"/>
</kw>
<kw name="Input Text" library="AppiumLibrary">
<arg>${CAMPO_SEGUNDO_NUMERO}</arg>
<arg>150</arg>
<doc>Types the given `text` into text field identified by `locator`.</doc>
<msg timestamp="20230510 16:05:14.717" level="INFO">Typing text '150' into text field 'id=android_field_second_number'</msg>
<status status="PASS" starttime="20230510 16:05:14.717" endtime="20230510 16:05:15.666"/>
</kw>
<status status="PASS" starttime="20230510 16:05:13.645" endtime="20230510 16:05:15.666"/>
</kw>
<status status="PASS" starttime="20230510 16:05:13.637" endtime="20230510 16:05:15.666"/>
</kw>
<status status="PASS" starttime="20230510 16:05:13.637" endtime="20230510 16:05:15.666"/>
</kw>
<kw name="Então o resultado deve ser 230" library="BDDpt-br" sourcename="Então ${keyword}">
<kw name="Run Keyword" library="BuiltIn">
<arg>${keyword}</arg>
<doc>Executes the given keyword with the given arguments.</doc>
<kw name="o resultado deve ser 230" library="Somar">
<kw name="Wait Until Element Is Visible" library="AppiumLibrary">
<arg>${BOTAO_SOMAR}</arg>
<doc>Waits until element specified with `locator` is visible.</doc>
<status status="PASS" starttime="20230510 16:05:15.674" endtime="20230510 16:05:16.939"/>
</kw>
<kw name="Click Element" library="AppiumLibrary">
<arg>${BOTAO_SOMAR}</arg>
<doc>Click element identified by `locator`.</doc>
<msg timestamp="20230510 16:05:16.939" level="INFO">Clicking element 'id=android_button_sum'.</msg>
<status status="PASS" starttime="20230510 16:05:16.939" endtime="20230510 16:05:17.985"/>
</kw>
<kw name="Wait Until Element Is Visible" library="AppiumLibrary">
<arg>${RESULTADO}</arg>
<doc>Waits until element specified with `locator` is visible.</doc>
<status status="PASS" starttime="20230510 16:05:17.985" endtime="20230510 16:05:18.904"/>
</kw>
<kw name="Element Should Contain Text" library="AppiumLibrary">
<arg>${RESULTADO}</arg>
<arg>230</arg>
<doc>Verifies element identified by ``locator`` contains text ``expected``.</doc>
<msg timestamp="20230510 16:05:18.908" level="INFO">Verifying element 'id=android_result_text' contains text '230'.</msg>
<status status="PASS" starttime="20230510 16:05:18.908" endtime="20230510 16:05:19.718"/>
</kw>
<status status="PASS" starttime="20230510 16:05:15.670" endtime="20230510 16:05:19.718"/>
</kw>
<status status="PASS" starttime="20230510 16:05:15.670" endtime="20230510 16:05:19.722"/>
</kw>
<status status="PASS" starttime="20230510 16:05:15.666" endtime="20230510 16:05:19.722"/>
</kw>
<kw name="Fechar app" library="Config" type="TEARDOWN">
<kw name="Log" library="BuiltIn">
<arg>${TEST STATUS}</arg>
<doc>Logs the given message with the given level.</doc>
<msg timestamp="20230510 16:05:19.722" level="INFO">PASS</msg>
<status status="PASS" starttime="20230510 16:05:19.722" endtime="20230510 16:05:19.722"/>
</kw>
<if>
<branch type="IF" condition="'${TEST STATUS}' == 'PASS'">
<kw name="Mark Test Status" library="Config">
<arg>passed</arg>
<arg>Resultado validado com sucesso!</arg>
<kw name="TEST STATUS" library="mark-test-status">
<arg>${status}</arg>
<arg>${reason}</arg>
<status status="PASS" starttime="20230510 16:05:19.726" endtime="20230510 16:05:20.372"/>
</kw>
<status status="PASS" starttime="20230510 16:05:19.722" endtime="20230510 16:05:20.376"/>
</kw>
<status status="PASS" starttime="20230510 16:05:19.722" endtime="20230510 16:05:20.376"/>
</branch>
<branch type="ELSE">
<kw name="Mark Test Status" library="Config">
<arg>failed</arg>
<arg>Algo deu errado!</arg>
<status status="NOT RUN" starttime="20230510 16:05:20.376" endtime="20230510 16:05:20.376"/>
</kw>
<status status="NOT RUN" starttime="20230510 16:05:20.376" endtime="20230510 16:05:20.376"/>
</branch>
<status status="PASS" starttime="20230510 16:05:19.722" endtime="20230510 16:05:20.376"/>
</if>
<kw name="Close All Applications" library="AppiumLibrary">
<doc>Closes all open applications.</doc>
<status status="PASS" starttime="20230510 16:05:20.376" endtime="20230510 16:05:21.146"/>
</kw>
<status status="PASS" starttime="20230510 16:05:19.722" endtime="20230510 16:05:21.149"/>
</kw>
<status status="PASS" starttime="20230510 16:04:49.621" endtime="20230510 16:05:21.150"/>
</test>
<test id="s1-s1-t4" name="CT-004: Somar 27 com 44" line="25">
<kw name="Dado que estou no app" library="BDDpt-br" sourcename="Dado ${keyword}">
<kw name="Run Keyword" library="BuiltIn">
<arg>${keyword}</arg>
<doc>Executes the given keyword with the given arguments.</doc>
<kw name="que estou no app" library="Somar">
<kw name="Abrir app" library="Config">
<kw name="Open Application" library="AppiumLibrary">
<arg>remote_url=${REMOTE_URL}</arg>
<arg>app=${APP}</arg>
<arg>device=${DEVICE}</arg>
<arg>os=${OS}</arg>
<arg>os_version=${OS_VERSION}</arg>
<arg>build=${BUILD}</arg>
<arg>name=${NAME}</arg>
<arg>project=${PROJECT}</arg>
<doc>Opens a new application to given Appium server.
Capabilities of appium server, Android and iOS,
Please check https://github.com/appium/appium/blob/master/docs/en/writing-running-appium/server-args.md
| *Option*            | *Man.* | *Description*     |
| remote_url          | Yes    | Appium server url |
| alias               | no     | alias             |</doc>
<status status="PASS" starttime="20230510 16:05:21.158" endtime="20230510 16:05:41.207"/>
</kw>
<status status="PASS" starttime="20230510 16:05:21.158" endtime="20230510 16:05:41.207"/>
</kw>
<kw name="Wait Until Element Is Visible" library="AppiumLibrary">
<arg>${BOTAO_SOMAR}</arg>
<doc>Waits until element specified with `locator` is visible.</doc>
<status status="PASS" starttime="20230510 16:05:41.207" endtime="20230510 16:05:41.876"/>
</kw>
<status status="PASS" starttime="20230510 16:05:21.154" endtime="20230510 16:05:41.880"/>
</kw>
<status status="PASS" starttime="20230510 16:05:21.150" endtime="20230510 16:05:41.880"/>
</kw>
<status status="PASS" starttime="20230510 16:05:21.150" endtime="20230510 16:05:41.880"/>
</kw>
<kw name="Quando digito o valor 27" library="BDDpt-br" sourcename="Quando ${keyword}">
<kw name="Run Keyword" library="BuiltIn">
<arg>${keyword}</arg>
<doc>Executes the given keyword with the given arguments.</doc>
<kw name="digito o valor 27" library="Somar">
<kw name="Wait Until Element Is Visible" library="AppiumLibrary">
<arg>${CAMPO_PRIMEIRO_NUMERO}</arg>
<doc>Waits until element specified with `locator` is visible.</doc>
<status status="PASS" starttime="20230510 16:05:41.887" endtime="20230510 16:05:42.377"/>
</kw>
<kw name="Input Text" library="AppiumLibrary">
<arg>${CAMPO_PRIMEIRO_NUMERO}</arg>
<arg>27</arg>
<doc>Types the given `text` into text field identified by `locator`.</doc>
<msg timestamp="20230510 16:05:42.381" level="INFO">Typing text '27' into text field 'id=android_field_first_number'</msg>
<status status="PASS" starttime="20230510 16:05:42.377" endtime="20230510 16:05:43.486"/>
</kw>
<status status="PASS" starttime="20230510 16:05:41.887" endtime="20230510 16:05:43.486"/>
</kw>
<status status="PASS" starttime="20230510 16:05:41.880" endtime="20230510 16:05:43.486"/>
</kw>
<status status="PASS" starttime="20230510 16:05:41.880" endtime="20230510 16:05:43.486"/>
</kw>
<kw name="E somo com 44" library="BDDpt-br" sourcename="E ${keyword}">
<kw name="Run Keyword" library="BuiltIn">
<arg>${keyword}</arg>
<doc>Executes the given keyword with the given arguments.</doc>
<kw name="somo com 44" library="Somar">
<kw name="Wait Until Element Is Visible" library="AppiumLibrary">
<arg>${CAMPO_SEGUNDO_NUMERO}</arg>
<doc>Waits until element specified with `locator` is visible.</doc>
<status status="PASS" starttime="20230510 16:05:43.493" endtime="20230510 16:05:44.217"/>
</kw>
<kw name="Input Text" library="AppiumLibrary">
<arg>${CAMPO_SEGUNDO_NUMERO}</arg>
<arg>44</arg>
<doc>Types the given `text` into text field identified by `locator`.</doc>
<msg timestamp="20230510 16:05:44.217" level="INFO">Typing text '44' into text field 'id=android_field_second_number'</msg>
<status status="PASS" starttime="20230510 16:05:44.217" endtime="20230510 16:05:45.290"/>
</kw>
<status status="PASS" starttime="20230510 16:05:43.489" endtime="20230510 16:05:45.290"/>
</kw>
<status status="PASS" starttime="20230510 16:05:43.489" endtime="20230510 16:05:45.290"/>
</kw>
<status status="PASS" starttime="20230510 16:05:43.486" endtime="20230510 16:05:45.290"/>
</kw>
<kw name="Então o resultado deve ser 71" library="BDDpt-br" sourcename="Então ${keyword}">
<kw name="Run Keyword" library="BuiltIn">
<arg>${keyword}</arg>
<doc>Executes the given keyword with the given arguments.</doc>
<kw name="o resultado deve ser 71" library="Somar">
<kw name="Wait Until Element Is Visible" library="AppiumLibrary">
<arg>${BOTAO_SOMAR}</arg>
<doc>Waits until element specified with `locator` is visible.</doc>
<status status="PASS" starttime="20230510 16:05:45.296" endtime="20230510 16:05:45.981"/>
</kw>
<kw name="Click Element" library="AppiumLibrary">
<arg>${BOTAO_SOMAR}</arg>
<doc>Click element identified by `locator`.</doc>
<msg timestamp="20230510 16:05:45.985" level="INFO">Clicking element 'id=android_button_sum'.</msg>
<status status="PASS" starttime="20230510 16:05:45.985" endtime="20230510 16:05:46.665"/>
</kw>
<kw name="Wait Until Element Is Visible" library="AppiumLibrary">
<arg>${RESULTADO}</arg>
<doc>Waits until element specified with `locator` is visible.</doc>
<status status="PASS" starttime="20230510 16:05:46.669" endtime="20230510 16:05:47.999"/>
</kw>
<kw name="Element Should Contain Text" library="AppiumLibrary">
<arg>${RESULTADO}</arg>
<arg>71</arg>
<doc>Verifies element identified by ``locator`` contains text ``expected``.</doc>
<msg timestamp="20230510 16:05:48.003" level="INFO">Verifying element 'id=android_result_text' contains text '71'.</msg>
<status status="PASS" starttime="20230510 16:05:47.999" endtime="20230510 16:05:48.461"/>
</kw>
<status status="PASS" starttime="20230510 16:05:45.296" endtime="20230510 16:05:48.461"/>
</kw>
<status status="PASS" starttime="20230510 16:05:45.290" endtime="20230510 16:05:48.461"/>
</kw>
<status status="PASS" starttime="20230510 16:05:45.290" endtime="20230510 16:05:48.461"/>
</kw>
<kw name="Fechar app" library="Config" type="TEARDOWN">
<kw name="Log" library="BuiltIn">
<arg>${TEST STATUS}</arg>
<doc>Logs the given message with the given level.</doc>
<msg timestamp="20230510 16:05:48.465" level="INFO">PASS</msg>
<status status="PASS" starttime="20230510 16:05:48.465" endtime="20230510 16:05:48.465"/>
</kw>
<if>
<branch type="IF" condition="'${TEST STATUS}' == 'PASS'">
<kw name="Mark Test Status" library="Config">
<arg>passed</arg>
<arg>Resultado validado com sucesso!</arg>
<kw name="TEST STATUS" library="mark-test-status">
<arg>${status}</arg>
<arg>${reason}</arg>
<status status="PASS" starttime="20230510 16:05:48.465" endtime="20230510 16:05:49.220"/>
</kw>
<status status="PASS" starttime="20230510 16:05:48.465" endtime="20230510 16:05:49.220"/>
</kw>
<status status="PASS" starttime="20230510 16:05:48.465" endtime="20230510 16:05:49.220"/>
</branch>
<branch type="ELSE">
<kw name="Mark Test Status" library="Config">
<arg>failed</arg>
<arg>Algo deu errado!</arg>
<status status="NOT RUN" starttime="20230510 16:05:49.220" endtime="20230510 16:05:49.220"/>
</kw>
<status status="NOT RUN" starttime="20230510 16:05:49.220" endtime="20230510 16:05:49.220"/>
</branch>
<status status="PASS" starttime="20230510 16:05:48.465" endtime="20230510 16:05:49.220"/>
</if>
<kw name="Close All Applications" library="AppiumLibrary">
<doc>Closes all open applications.</doc>
<status status="PASS" starttime="20230510 16:05:49.220" endtime="20230510 16:05:50.144"/>
</kw>
<status status="PASS" starttime="20230510 16:05:48.465" endtime="20230510 16:05:50.144"/>
</kw>
<status status="PASS" starttime="20230510 16:05:21.150" endtime="20230510 16:05:50.144"/>
</test>
<test id="s1-s1-t5" name="CT-005: Somar 37 com 182" line="31">
<kw name="Dado que estou no app" library="BDDpt-br" sourcename="Dado ${keyword}">
<kw name="Run Keyword" library="BuiltIn">
<arg>${keyword}</arg>
<doc>Executes the given keyword with the given arguments.</doc>
<kw name="que estou no app" library="Somar">
<kw name="Abrir app" library="Config">
<kw name="Open Application" library="AppiumLibrary">
<arg>remote_url=${REMOTE_URL}</arg>
<arg>app=${APP}</arg>
<arg>device=${DEVICE}</arg>
<arg>os=${OS}</arg>
<arg>os_version=${OS_VERSION}</arg>
<arg>build=${BUILD}</arg>
<arg>name=${NAME}</arg>
<arg>project=${PROJECT}</arg>
<doc>Opens a new application to given Appium server.
Capabilities of appium server, Android and iOS,
Please check https://github.com/appium/appium/blob/master/docs/en/writing-running-appium/server-args.md
| *Option*            | *Man.* | *Description*     |
| remote_url          | Yes    | Appium server url |
| alias               | no     | alias             |</doc>
<status status="PASS" starttime="20230510 16:05:50.152" endtime="20230510 16:06:08.715"/>
</kw>
<status status="PASS" starttime="20230510 16:05:50.152" endtime="20230510 16:06:08.715"/>
</kw>
<kw name="Wait Until Element Is Visible" library="AppiumLibrary">
<arg>${BOTAO_SOMAR}</arg>
<doc>Waits until element specified with `locator` is visible.</doc>
<status status="PASS" starttime="20230510 16:06:08.716" endtime="20230510 16:06:09.471"/>
</kw>
<status status="PASS" starttime="20230510 16:05:50.152" endtime="20230510 16:06:09.472"/>
</kw>
<status status="PASS" starttime="20230510 16:05:50.144" endtime="20230510 16:06:09.472"/>
</kw>
<status status="PASS" starttime="20230510 16:05:50.144" endtime="20230510 16:06:09.472"/>
</kw>
<kw name="Quando digito o valor 37" library="BDDpt-br" sourcename="Quando ${keyword}">
<kw name="Run Keyword" library="BuiltIn">
<arg>${keyword}</arg>
<doc>Executes the given keyword with the given arguments.</doc>
<kw name="digito o valor 37" library="Somar">
<kw name="Wait Until Element Is Visible" library="AppiumLibrary">
<arg>${CAMPO_PRIMEIRO_NUMERO}</arg>
<doc>Waits until element specified with `locator` is visible.</doc>
<status status="PASS" starttime="20230510 16:06:09.476" endtime="20230510 16:06:10.257"/>
</kw>
<kw name="Input Text" library="AppiumLibrary">
<arg>${CAMPO_PRIMEIRO_NUMERO}</arg>
<arg>37</arg>
<doc>Types the given `text` into text field identified by `locator`.</doc>
<msg timestamp="20230510 16:06:10.259" level="INFO">Typing text '37' into text field 'id=android_field_first_number'</msg>
<status status="PASS" starttime="20230510 16:06:10.257" endtime="20230510 16:06:11.649"/>
</kw>
<status status="PASS" starttime="20230510 16:06:09.476" endtime="20230510 16:06:11.649"/>
</kw>
<status status="PASS" starttime="20230510 16:06:09.473" endtime="20230510 16:06:11.650"/>
</kw>
<status status="PASS" starttime="20230510 16:06:09.472" endtime="20230510 16:06:11.650"/>
</kw>
<kw name="E somo com 182" library="BDDpt-br" sourcename="E ${keyword}">
<kw name="Run Keyword" library="BuiltIn">
<arg>${keyword}</arg>
<doc>Executes the given keyword with the given arguments.</doc>
<kw name="somo com 182" library="Somar">
<kw name="Wait Until Element Is Visible" library="AppiumLibrary">
<arg>${CAMPO_SEGUNDO_NUMERO}</arg>
<doc>Waits until element specified with `locator` is visible.</doc>
<status status="PASS" starttime="20230510 16:06:11.653" endtime="20230510 16:06:12.588"/>
</kw>
<kw name="Input Text" library="AppiumLibrary">
<arg>${CAMPO_SEGUNDO_NUMERO}</arg>
<arg>182</arg>
<doc>Types the given `text` into text field identified by `locator`.</doc>
<msg timestamp="20230510 16:06:12.592" level="INFO">Typing text '182' into text field 'id=android_field_second_number'</msg>
<status status="PASS" starttime="20230510 16:06:12.588" endtime="20230510 16:06:13.559"/>
</kw>
<status status="PASS" starttime="20230510 16:06:11.652" endtime="20230510 16:06:13.559"/>
</kw>
<status status="PASS" starttime="20230510 16:06:11.650" endtime="20230510 16:06:13.559"/>
</kw>
<status status="PASS" starttime="20230510 16:06:11.650" endtime="20230510 16:06:13.559"/>
</kw>
<kw name="Então o resultado deve ser 219" library="BDDpt-br" sourcename="Então ${keyword}">
<kw name="Run Keyword" library="BuiltIn">
<arg>${keyword}</arg>
<doc>Executes the given keyword with the given arguments.</doc>
<kw name="o resultado deve ser 219" library="Somar">
<kw name="Wait Until Element Is Visible" library="AppiumLibrary">
<arg>${BOTAO_SOMAR}</arg>
<doc>Waits until element specified with `locator` is visible.</doc>
<status status="PASS" starttime="20230510 16:06:13.563" endtime="20230510 16:06:14.486"/>
</kw>
<kw name="Click Element" library="AppiumLibrary">
<arg>${BOTAO_SOMAR}</arg>
<doc>Click element identified by `locator`.</doc>
<msg timestamp="20230510 16:06:14.488" level="INFO">Clicking element 'id=android_button_sum'.</msg>
<status status="PASS" starttime="20230510 16:06:14.486" endtime="20230510 16:06:15.401"/>
</kw>
<kw name="Wait Until Element Is Visible" library="AppiumLibrary">
<arg>${RESULTADO}</arg>
<doc>Waits until element specified with `locator` is visible.</doc>
<status status="PASS" starttime="20230510 16:06:15.401" endtime="20230510 16:06:16.738"/>
</kw>
<kw name="Element Should Contain Text" library="AppiumLibrary">
<arg>${RESULTADO}</arg>
<arg>219</arg>
<doc>Verifies element identified by ``locator`` contains text ``expected``.</doc>
<msg timestamp="20230510 16:06:16.741" level="INFO">Verifying element 'id=android_result_text' contains text '219'.</msg>
<status status="PASS" starttime="20230510 16:06:16.739" endtime="20230510 16:06:17.424"/>
</kw>
<status status="PASS" starttime="20230510 16:06:13.562" endtime="20230510 16:06:17.424"/>
</kw>
<status status="PASS" starttime="20230510 16:06:13.560" endtime="20230510 16:06:17.424"/>
</kw>
<status status="PASS" starttime="20230510 16:06:13.559" endtime="20230510 16:06:17.424"/>
</kw>
<kw name="Fechar app" library="Config" type="TEARDOWN">
<kw name="Log" library="BuiltIn">
<arg>${TEST STATUS}</arg>
<doc>Logs the given message with the given level.</doc>
<msg timestamp="20230510 16:06:17.425" level="INFO">PASS</msg>
<status status="PASS" starttime="20230510 16:06:17.425" endtime="20230510 16:06:17.425"/>
</kw>
<if>
<branch type="IF" condition="'${TEST STATUS}' == 'PASS'">
<kw name="Mark Test Status" library="Config">
<arg>passed</arg>
<arg>Resultado validado com sucesso!</arg>
<kw name="TEST STATUS" library="mark-test-status">
<arg>${status}</arg>
<arg>${reason}</arg>
<status status="PASS" starttime="20230510 16:06:17.426" endtime="20230510 16:06:18.103"/>
</kw>
<status status="PASS" starttime="20230510 16:06:17.426" endtime="20230510 16:06:18.104"/>
</kw>
<status status="PASS" starttime="20230510 16:06:17.425" endtime="20230510 16:06:18.104"/>
</branch>
<branch type="ELSE">
<kw name="Mark Test Status" library="Config">
<arg>failed</arg>
<arg>Algo deu errado!</arg>
<status status="NOT RUN" starttime="20230510 16:06:18.104" endtime="20230510 16:06:18.104"/>
</kw>
<status status="NOT RUN" starttime="20230510 16:06:18.104" endtime="20230510 16:06:18.104"/>
</branch>
<status status="PASS" starttime="20230510 16:06:17.425" endtime="20230510 16:06:18.104"/>
</if>
<kw name="Close All Applications" library="AppiumLibrary">
<doc>Closes all open applications.</doc>
<status status="PASS" starttime="20230510 16:06:18.105" endtime="20230510 16:06:19.028"/>
</kw>
<status status="PASS" starttime="20230510 16:06:17.424" endtime="20230510 16:06:19.029"/>
</kw>
<status status="PASS" starttime="20230510 16:05:50.144" endtime="20230510 16:06:19.029"/>
</test>
<status status="PASS" starttime="20230510 16:03:44.180" endtime="20230510 16:06:19.030"/>
</suite>
<status status="PASS" starttime="20230510 16:03:44.156" endtime="20230510 16:06:19.032"/>
</suite>
<statistics>
<total>
<stat pass="5" fail="0" skip="0">All Tests</stat>
</total>
<tag>
</tag>
<suite>
<stat pass="5" fail="0" skip="0" id="s1" name="Suites">Suites</stat>
<stat pass="5" fail="0" skip="0" id="s1-s1" name="Somar">Suites.Somar</stat>
</suite>
</statistics>
<errors>
</errors>
</robot>
