<?xml version="1.0" encoding="UTF-8"?>
<robot generator="Robot 6.0.2 (Python 3.11.0 on win32)" generated="20230510 16:03:44.188" rpa="false" schemaversion="3">
<suite id="s1" name="Suites">
<suite id="s1-s1" name="Multiplicar" source="C:\PyCharm Workspace\BrowserStack-Calculator\features\Multiplicar.robot">
<test id="s1-s1-t1" name="CT-001: Multiplicar 7 por 3" line="7">
<kw name="Dado que estou no app" library="BDDpt-br" sourcename="Dado ${keyword}">
<kw name="Run Keyword" library="BuiltIn">
<arg>${keyword}</arg>
<doc>Executes the given keyword with the given arguments.</doc>
<kw name="que estou no app" library="Multiplicar">
<kw name="Abrir app" library="Config">
<kw name="Open Application" library="AppiumLibrary">
<arg>remote_url=${REMOTE_URL}</arg>
<arg>app=${APP}</arg>
<arg>device=${DEVICE}</arg>
<arg>os=${OS}</arg>
<arg>os_version=${OS_VERSION}</arg>
<arg>build=${BUILD}</arg>
<arg>name=${NAME}</arg>
<arg>project=${PROJECT}</arg>
<doc>Opens a new application to given Appium server.
Capabilities of appium server, Android and iOS,
Please check https://github.com/appium/appium/blob/master/docs/en/writing-running-appium/server-args.md
| *Option*            | *Man.* | *Description*     |
| remote_url          | Yes    | Appium server url |
| alias               | no     | alias             |</doc>
<status status="PASS" starttime="20230510 16:03:44.698" endtime="20230510 16:04:04.960"/>
</kw>
<status status="PASS" starttime="20230510 16:03:44.698" endtime="20230510 16:04:04.960"/>
</kw>
<kw name="Wait Until Element Is Visible" library="AppiumLibrary">
<arg>${BOTAO_MULTIPLICAR}</arg>
<doc>Waits until element specified with `locator` is visible.</doc>
<status status="PASS" starttime="20230510 16:04:04.960" endtime="20230510 16:04:05.740"/>
</kw>
<status status="PASS" starttime="20230510 16:03:44.698" endtime="20230510 16:04:05.740"/>
</kw>
<status status="PASS" starttime="20230510 16:03:44.694" endtime="20230510 16:04:05.740"/>
</kw>
<status status="PASS" starttime="20230510 16:03:44.694" endtime="20230510 16:04:05.740"/>
</kw>
<kw name="Quando digito o valor 7" library="BDDpt-br" sourcename="Quando ${keyword}">
<kw name="Run Keyword" library="BuiltIn">
<arg>${keyword}</arg>
<doc>Executes the given keyword with the given arguments.</doc>
<kw name="digito o valor 7" library="Multiplicar">
<kw name="Wait Until Element Is Visible" library="AppiumLibrary">
<arg>${CAMPO_PRIMEIRO_NUMERO}</arg>
<doc>Waits until element specified with `locator` is visible.</doc>
<status status="PASS" starttime="20230510 16:04:05.744" endtime="20230510 16:04:06.502"/>
</kw>
<kw name="Input Text" library="AppiumLibrary">
<arg>${CAMPO_PRIMEIRO_NUMERO}</arg>
<arg>7</arg>
<doc>Types the given `text` into text field identified by `locator`.</doc>
<msg timestamp="20230510 16:04:06.504" level="INFO">Typing text '7' into text field 'id=android_field_first_number'</msg>
<status status="PASS" starttime="20230510 16:04:06.502" endtime="20230510 16:04:07.411"/>
</kw>
<status status="PASS" starttime="20230510 16:04:05.744" endtime="20230510 16:04:07.411"/>
</kw>
<status status="PASS" starttime="20230510 16:04:05.740" endtime="20230510 16:04:07.411"/>
</kw>
<status status="PASS" starttime="20230510 16:04:05.740" endtime="20230510 16:04:07.415"/>
</kw>
<kw name="E multiplico por 3" library="BDDpt-br" sourcename="E ${keyword}">
<kw name="Run Keyword" library="BuiltIn">
<arg>${keyword}</arg>
<doc>Executes the given keyword with the given arguments.</doc>
<kw name="multiplico por 3" library="Multiplicar">
<kw name="Wait Until Element Is Visible" library="AppiumLibrary">
<arg>${CAMPO_SEGUNDO_NUMERO}</arg>
<doc>Waits until element specified with `locator` is visible.</doc>
<status status="PASS" starttime="20230510 16:04:07.419" endtime="20230510 16:04:08.294"/>
</kw>
<kw name="Input Text" library="AppiumLibrary">
<arg>${CAMPO_SEGUNDO_NUMERO}</arg>
<arg>3</arg>
<doc>Types the given `text` into text field identified by `locator`.</doc>
<msg timestamp="20230510 16:04:08.298" level="INFO">Typing text '3' into text field 'id=android_field_second_number'</msg>
<status status="PASS" starttime="20230510 16:04:08.294" endtime="20230510 16:04:09.187"/>
</kw>
<status status="PASS" starttime="20230510 16:04:07.415" endtime="20230510 16:04:09.187"/>
</kw>
<status status="PASS" starttime="20230510 16:04:07.415" endtime="20230510 16:04:09.187"/>
</kw>
<status status="PASS" starttime="20230510 16:04:07.415" endtime="20230510 16:04:09.187"/>
</kw>
<kw name="Então o resultado deve ser 21" library="BDDpt-br" sourcename="Então ${keyword}">
<kw name="Run Keyword" library="BuiltIn">
<arg>${keyword}</arg>
<doc>Executes the given keyword with the given arguments.</doc>
<kw name="o resultado deve ser 21" library="Multiplicar">
<kw name="Wait Until Element Is Visible" library="AppiumLibrary">
<arg>${BOTAO_MULTIPLICAR}</arg>
<doc>Waits until element specified with `locator` is visible.</doc>
<status status="PASS" starttime="20230510 16:04:09.191" endtime="20230510 16:04:10.101"/>
</kw>
<kw name="Click Element" library="AppiumLibrary">
<arg>${BOTAO_MULTIPLICAR}</arg>
<doc>Click element identified by `locator`.</doc>
<msg timestamp="20230510 16:04:10.101" level="INFO">Clicking element 'id=android_button_mult'.</msg>
<status status="PASS" starttime="20230510 16:04:10.101" endtime="20230510 16:04:10.918"/>
</kw>
<kw name="Wait Until Element Is Visible" library="AppiumLibrary">
<arg>${RESULTADO}</arg>
<doc>Waits until element specified with `locator` is visible.</doc>
<status status="PASS" starttime="20230510 16:04:10.918" endtime="20230510 16:04:12.124"/>
</kw>
<kw name="Element Should Contain Text" library="AppiumLibrary">
<arg>${RESULTADO}</arg>
<arg>21</arg>
<doc>Verifies element identified by ``locator`` contains text ``expected``.</doc>
<msg timestamp="20230510 16:04:12.124" level="INFO">Verifying element 'id=android_result_text' contains text '21'.</msg>
<status status="PASS" starttime="20230510 16:04:12.124" endtime="20230510 16:04:12.942"/>
</kw>
<status status="PASS" starttime="20230510 16:04:09.191" endtime="20230510 16:04:12.942"/>
</kw>
<status status="PASS" starttime="20230510 16:04:09.187" endtime="20230510 16:04:12.942"/>
</kw>
<status status="PASS" starttime="20230510 16:04:09.187" endtime="20230510 16:04:12.942"/>
</kw>
<kw name="Fechar app" library="Config" type="TEARDOWN">
<kw name="Log" library="BuiltIn">
<arg>${TEST STATUS}</arg>
<doc>Logs the given message with the given level.</doc>
<msg timestamp="20230510 16:04:12.946" level="INFO">PASS</msg>
<status status="PASS" starttime="20230510 16:04:12.946" endtime="20230510 16:04:12.946"/>
</kw>
<if>
<branch type="IF" condition="'${TEST STATUS}' == 'PASS'">
<kw name="Mark Test Status" library="Config">
<arg>passed</arg>
<arg>Resultado validado com sucesso!</arg>
<kw name="TEST STATUS" library="mark-test-status">
<arg>${status}</arg>
<arg>${reason}</arg>
<status status="PASS" starttime="20230510 16:04:12.946" endtime="20230510 16:04:13.760"/>
</kw>
<status status="PASS" starttime="20230510 16:04:12.946" endtime="20230510 16:04:13.760"/>
</kw>
<status status="PASS" starttime="20230510 16:04:12.946" endtime="20230510 16:04:13.760"/>
</branch>
<branch type="ELSE">
<kw name="Mark Test Status" library="Config">
<arg>failed</arg>
<arg>Algo deu errado!</arg>
<status status="NOT RUN" starttime="20230510 16:04:13.760" endtime="20230510 16:04:13.760"/>
</kw>
<status status="NOT RUN" starttime="20230510 16:04:13.760" endtime="20230510 16:04:13.760"/>
</branch>
<status status="PASS" starttime="20230510 16:04:12.946" endtime="20230510 16:04:13.760"/>
</if>
<kw name="Close All Applications" library="AppiumLibrary">
<doc>Closes all open applications.</doc>
<status status="PASS" starttime="20230510 16:04:13.760" endtime="20230510 16:04:16.756"/>
</kw>
<status status="PASS" starttime="20230510 16:04:12.942" endtime="20230510 16:04:16.756"/>
</kw>
<status status="PASS" starttime="20230510 16:03:44.694" endtime="20230510 16:04:16.756"/>
</test>
<test id="s1-s1-t2" name="CT-002: Multiplicar 15 por 5" line="13">
<kw name="Dado que estou no app" library="BDDpt-br" sourcename="Dado ${keyword}">
<kw name="Run Keyword" library="BuiltIn">
<arg>${keyword}</arg>
<doc>Executes the given keyword with the given arguments.</doc>
<kw name="que estou no app" library="Multiplicar">
<kw name="Abrir app" library="Config">
<kw name="Open Application" library="AppiumLibrary">
<arg>remote_url=${REMOTE_URL}</arg>
<arg>app=${APP}</arg>
<arg>device=${DEVICE}</arg>
<arg>os=${OS}</arg>
<arg>os_version=${OS_VERSION}</arg>
<arg>build=${BUILD}</arg>
<arg>name=${NAME}</arg>
<arg>project=${PROJECT}</arg>
<doc>Opens a new application to given Appium server.
Capabilities of appium server, Android and iOS,
Please check https://github.com/appium/appium/blob/master/docs/en/writing-running-appium/server-args.md
| *Option*            | *Man.* | *Description*     |
| remote_url          | Yes    | Appium server url |
| alias               | no     | alias             |</doc>
<status status="PASS" starttime="20230510 16:04:16.760" endtime="20230510 16:04:36.524"/>
</kw>
<status status="PASS" starttime="20230510 16:04:16.760" endtime="20230510 16:04:36.524"/>
</kw>
<kw name="Wait Until Element Is Visible" library="AppiumLibrary">
<arg>${BOTAO_MULTIPLICAR}</arg>
<doc>Waits until element specified with `locator` is visible.</doc>
<status status="PASS" starttime="20230510 16:04:36.524" endtime="20230510 16:04:37.241"/>
</kw>
<status status="PASS" starttime="20230510 16:04:16.760" endtime="20230510 16:04:37.241"/>
</kw>
<status status="PASS" starttime="20230510 16:04:16.760" endtime="20230510 16:04:37.241"/>
</kw>
<status status="PASS" starttime="20230510 16:04:16.760" endtime="20230510 16:04:37.241"/>
</kw>
<kw name="Quando digito o valor 15" library="BDDpt-br" sourcename="Quando ${keyword}">
<kw name="Run Keyword" library="BuiltIn">
<arg>${keyword}</arg>
<doc>Executes the given keyword with the given arguments.</doc>
<kw name="digito o valor 15" library="Multiplicar">
<kw name="Wait Until Element Is Visible" library="AppiumLibrary">
<arg>${CAMPO_PRIMEIRO_NUMERO}</arg>
<doc>Waits until element specified with `locator` is visible.</doc>
<status status="PASS" starttime="20230510 16:04:37.245" endtime="20230510 16:04:37.741"/>
</kw>
<kw name="Input Text" library="AppiumLibrary">
<arg>${CAMPO_PRIMEIRO_NUMERO}</arg>
<arg>15</arg>
<doc>Types the given `text` into text field identified by `locator`.</doc>
<msg timestamp="20230510 16:04:37.741" level="INFO">Typing text '15' into text field 'id=android_field_first_number'</msg>
<status status="PASS" starttime="20230510 16:04:37.741" endtime="20230510 16:04:38.791"/>
</kw>
<status status="PASS" starttime="20230510 16:04:37.245" endtime="20230510 16:04:38.795"/>
</kw>
<status status="PASS" starttime="20230510 16:04:37.241" endtime="20230510 16:04:38.795"/>
</kw>
<status status="PASS" starttime="20230510 16:04:37.241" endtime="20230510 16:04:38.795"/>
</kw>
<kw name="E multiplico por 5" library="BDDpt-br" sourcename="E ${keyword}">
<kw name="Run Keyword" library="BuiltIn">
<arg>${keyword}</arg>
<doc>Executes the given keyword with the given arguments.</doc>
<kw name="multiplico por 5" library="Multiplicar">
<kw name="Wait Until Element Is Visible" library="AppiumLibrary">
<arg>${CAMPO_SEGUNDO_NUMERO}</arg>
<doc>Waits until element specified with `locator` is visible.</doc>
<status status="PASS" starttime="20230510 16:04:38.799" endtime="20230510 16:04:39.641"/>
</kw>
<kw name="Input Text" library="AppiumLibrary">
<arg>${CAMPO_SEGUNDO_NUMERO}</arg>
<arg>5</arg>
<doc>Types the given `text` into text field identified by `locator`.</doc>
<msg timestamp="20230510 16:04:39.645" level="INFO">Typing text '5' into text field 'id=android_field_second_number'</msg>
<status status="PASS" starttime="20230510 16:04:39.641" endtime="20230510 16:04:40.779"/>
</kw>
<status status="PASS" starttime="20230510 16:04:38.799" endtime="20230510 16:04:40.779"/>
</kw>
<status status="PASS" starttime="20230510 16:04:38.795" endtime="20230510 16:04:40.779"/>
</kw>
<status status="PASS" starttime="20230510 16:04:38.795" endtime="20230510 16:04:40.779"/>
</kw>
<kw name="Então o resultado deve ser 75" library="BDDpt-br" sourcename="Então ${keyword}">
<kw name="Run Keyword" library="BuiltIn">
<arg>${keyword}</arg>
<doc>Executes the given keyword with the given arguments.</doc>
<kw name="o resultado deve ser 75" library="Multiplicar">
<kw name="Wait Until Element Is Visible" library="AppiumLibrary">
<arg>${BOTAO_MULTIPLICAR}</arg>
<doc>Waits until element specified with `locator` is visible.</doc>
<status status="PASS" starttime="20230510 16:04:40.783" endtime="20230510 16:04:41.563"/>
</kw>
<kw name="Click Element" library="AppiumLibrary">
<arg>${BOTAO_MULTIPLICAR}</arg>
<doc>Click element identified by `locator`.</doc>
<msg timestamp="20230510 16:04:41.567" level="INFO">Clicking element 'id=android_button_mult'.</msg>
<status status="PASS" starttime="20230510 16:04:41.567" endtime="20230510 16:04:42.205"/>
</kw>
<kw name="Wait Until Element Is Visible" library="AppiumLibrary">
<arg>${RESULTADO}</arg>
<doc>Waits until element specified with `locator` is visible.</doc>
<status status="PASS" starttime="20230510 16:04:42.205" endtime="20230510 16:04:42.970"/>
</kw>
<kw name="Element Should Contain Text" library="AppiumLibrary">
<arg>${RESULTADO}</arg>
<arg>75</arg>
<doc>Verifies element identified by ``locator`` contains text ``expected``.</doc>
<msg timestamp="20230510 16:04:42.974" level="INFO">Verifying element 'id=android_result_text' contains text '75'.</msg>
<status status="PASS" starttime="20230510 16:04:42.970" endtime="20230510 16:04:43.927"/>
</kw>
<status status="PASS" starttime="20230510 16:04:40.783" endtime="20230510 16:04:43.927"/>
</kw>
<status status="PASS" starttime="20230510 16:04:40.779" endtime="20230510 16:04:43.927"/>
</kw>
<status status="PASS" starttime="20230510 16:04:40.779" endtime="20230510 16:04:43.927"/>
</kw>
<kw name="Fechar app" library="Config" type="TEARDOWN">
<kw name="Log" library="BuiltIn">
<arg>${TEST STATUS}</arg>
<doc>Logs the given message with the given level.</doc>
<msg timestamp="20230510 16:04:43.931" level="INFO">PASS</msg>
<status status="PASS" starttime="20230510 16:04:43.931" endtime="20230510 16:04:43.931"/>
</kw>
<if>
<branch type="IF" condition="'${TEST STATUS}' == 'PASS'">
<kw name="Mark Test Status" library="Config">
<arg>passed</arg>
<arg>Resultado validado com sucesso!</arg>
<kw name="TEST STATUS" library="mark-test-status">
<arg>${status}</arg>
<arg>${reason}</arg>
<status status="PASS" starttime="20230510 16:04:43.931" endtime="20230510 16:04:44.679"/>
</kw>
<status status="PASS" starttime="20230510 16:04:43.931" endtime="20230510 16:04:44.679"/>
</kw>
<status status="PASS" starttime="20230510 16:04:43.931" endtime="20230510 16:04:44.679"/>
</branch>
<branch type="ELSE">
<kw name="Mark Test Status" library="Config">
<arg>failed</arg>
<arg>Algo deu errado!</arg>
<status status="NOT RUN" starttime="20230510 16:04:44.679" endtime="20230510 16:04:44.679"/>
</kw>
<status status="NOT RUN" starttime="20230510 16:04:44.679" endtime="20230510 16:04:44.679"/>
</branch>
<status status="PASS" starttime="20230510 16:04:43.931" endtime="20230510 16:04:44.679"/>
</if>
<kw name="Close All Applications" library="AppiumLibrary">
<doc>Closes all open applications.</doc>
<status status="PASS" starttime="20230510 16:04:44.679" endtime="20230510 16:04:45.626"/>
</kw>
<status status="PASS" starttime="20230510 16:04:43.931" endtime="20230510 16:04:45.626"/>
</kw>
<status status="PASS" starttime="20230510 16:04:16.756" endtime="20230510 16:04:45.626"/>
</test>
<test id="s1-s1-t3" name="CT-003: Multiplicar 16 por 8" line="19">
<kw name="Dado que estou no app" library="BDDpt-br" sourcename="Dado ${keyword}">
<kw name="Run Keyword" library="BuiltIn">
<arg>${keyword}</arg>
<doc>Executes the given keyword with the given arguments.</doc>
<kw name="que estou no app" library="Multiplicar">
<kw name="Abrir app" library="Config">
<kw name="Open Application" library="AppiumLibrary">
<arg>remote_url=${REMOTE_URL}</arg>
<arg>app=${APP}</arg>
<arg>device=${DEVICE}</arg>
<arg>os=${OS}</arg>
<arg>os_version=${OS_VERSION}</arg>
<arg>build=${BUILD}</arg>
<arg>name=${NAME}</arg>
<arg>project=${PROJECT}</arg>
<doc>Opens a new application to given Appium server.
Capabilities of appium server, Android and iOS,
Please check https://github.com/appium/appium/blob/master/docs/en/writing-running-appium/server-args.md
| *Option*            | *Man.* | *Description*     |
| remote_url          | Yes    | Appium server url |
| alias               | no     | alias             |</doc>
<status status="PASS" starttime="20230510 16:04:45.634" endtime="20230510 16:05:06.188"/>
</kw>
<status status="PASS" starttime="20230510 16:04:45.634" endtime="20230510 16:05:06.192"/>
</kw>
<kw name="Wait Until Element Is Visible" library="AppiumLibrary">
<arg>${BOTAO_MULTIPLICAR}</arg>
<doc>Waits until element specified with `locator` is visible.</doc>
<status status="PASS" starttime="20230510 16:05:06.192" endtime="20230510 16:05:07.043"/>
</kw>
<status status="PASS" starttime="20230510 16:04:45.634" endtime="20230510 16:05:07.043"/>
</kw>
<status status="PASS" starttime="20230510 16:04:45.630" endtime="20230510 16:05:07.043"/>
</kw>
<status status="PASS" starttime="20230510 16:04:45.630" endtime="20230510 16:05:07.043"/>
</kw>
<kw name="Quando digito o valor 16" library="BDDpt-br" sourcename="Quando ${keyword}">
<kw name="Run Keyword" library="BuiltIn">
<arg>${keyword}</arg>
<doc>Executes the given keyword with the given arguments.</doc>
<kw name="digito o valor 16" library="Multiplicar">
<kw name="Wait Until Element Is Visible" library="AppiumLibrary">
<arg>${CAMPO_PRIMEIRO_NUMERO}</arg>
<doc>Waits until element specified with `locator` is visible.</doc>
<status status="PASS" starttime="20230510 16:05:07.051" endtime="20230510 16:05:07.766"/>
</kw>
<kw name="Input Text" library="AppiumLibrary">
<arg>${CAMPO_PRIMEIRO_NUMERO}</arg>
<arg>16</arg>
<doc>Types the given `text` into text field identified by `locator`.</doc>
<msg timestamp="20230510 16:05:07.770" level="INFO">Typing text '16' into text field 'id=android_field_first_number'</msg>
<status status="PASS" starttime="20230510 16:05:07.770" endtime="20230510 16:05:08.527"/>
</kw>
<status status="PASS" starttime="20230510 16:05:07.051" endtime="20230510 16:05:08.527"/>
</kw>
<status status="PASS" starttime="20230510 16:05:07.047" endtime="20230510 16:05:08.527"/>
</kw>
<status status="PASS" starttime="20230510 16:05:07.043" endtime="20230510 16:05:08.527"/>
</kw>
<kw name="E multiplico por 8" library="BDDpt-br" sourcename="E ${keyword}">
<kw name="Run Keyword" library="BuiltIn">
<arg>${keyword}</arg>
<doc>Executes the given keyword with the given arguments.</doc>
<kw name="multiplico por 8" library="Multiplicar">
<kw name="Wait Until Element Is Visible" library="AppiumLibrary">
<arg>${CAMPO_SEGUNDO_NUMERO}</arg>
<doc>Waits until element specified with `locator` is visible.</doc>
<status status="PASS" starttime="20230510 16:05:08.535" endtime="20230510 16:05:09.439"/>
</kw>
<kw name="Input Text" library="AppiumLibrary">
<arg>${CAMPO_SEGUNDO_NUMERO}</arg>
<arg>8</arg>
<doc>Types the given `text` into text field identified by `locator`.</doc>
<msg timestamp="20230510 16:05:09.443" level="INFO">Typing text '8' into text field 'id=android_field_second_number'</msg>
<status status="PASS" starttime="20230510 16:05:09.439" endtime="20230510 16:05:10.639"/>
</kw>
<status status="PASS" starttime="20230510 16:05:08.535" endtime="20230510 16:05:10.639"/>
</kw>
<status status="PASS" starttime="20230510 16:05:08.527" endtime="20230510 16:05:10.639"/>
</kw>
<status status="PASS" starttime="20230510 16:05:08.527" endtime="20230510 16:05:10.639"/>
</kw>
<kw name="Então o resultado deve ser 128" library="BDDpt-br" sourcename="Então ${keyword}">
<kw name="Run Keyword" library="BuiltIn">
<arg>${keyword}</arg>
<doc>Executes the given keyword with the given arguments.</doc>
<kw name="o resultado deve ser 128" library="Multiplicar">
<kw name="Wait Until Element Is Visible" library="AppiumLibrary">
<arg>${BOTAO_MULTIPLICAR}</arg>
<doc>Waits until element specified with `locator` is visible.</doc>
<status status="PASS" starttime="20230510 16:05:10.643" endtime="20230510 16:05:11.501"/>
</kw>
<kw name="Click Element" library="AppiumLibrary">
<arg>${BOTAO_MULTIPLICAR}</arg>
<doc>Click element identified by `locator`.</doc>
<msg timestamp="20230510 16:05:11.505" level="INFO">Clicking element 'id=android_button_mult'.</msg>
<status status="PASS" starttime="20230510 16:05:11.501" endtime="20230510 16:05:12.349"/>
</kw>
<kw name="Wait Until Element Is Visible" library="AppiumLibrary">
<arg>${RESULTADO}</arg>
<doc>Waits until element specified with `locator` is visible.</doc>
<status status="PASS" starttime="20230510 16:05:12.349" endtime="20230510 16:05:13.516"/>
</kw>
<kw name="Element Should Contain Text" library="AppiumLibrary">
<arg>${RESULTADO}</arg>
<arg>128</arg>
<doc>Verifies element identified by ``locator`` contains text ``expected``.</doc>
<msg timestamp="20230510 16:05:13.520" level="INFO">Verifying element 'id=android_result_text' contains text '128'.</msg>
<status status="PASS" starttime="20230510 16:05:13.516" endtime="20230510 16:05:14.295"/>
</kw>
<status status="PASS" starttime="20230510 16:05:10.643" endtime="20230510 16:05:14.295"/>
</kw>
<status status="PASS" starttime="20230510 16:05:10.639" endtime="20230510 16:05:14.295"/>
</kw>
<status status="PASS" starttime="20230510 16:05:10.639" endtime="20230510 16:05:14.295"/>
</kw>
<kw name="Fechar app" library="Config" type="TEARDOWN">
<kw name="Log" library="BuiltIn">
<arg>${TEST STATUS}</arg>
<doc>Logs the given message with the given level.</doc>
<msg timestamp="20230510 16:05:14.299" level="INFO">PASS</msg>
<status status="PASS" starttime="20230510 16:05:14.299" endtime="20230510 16:05:14.299"/>
</kw>
<if>
<branch type="IF" condition="'${TEST STATUS}' == 'PASS'">
<kw name="Mark Test Status" library="Config">
<arg>passed</arg>
<arg>Resultado validado com sucesso!</arg>
<kw name="TEST STATUS" library="mark-test-status">
<arg>${status}</arg>
<arg>${reason}</arg>
<status status="PASS" starttime="20230510 16:05:14.299" endtime="20230510 16:05:14.675"/>
</kw>
<status status="PASS" starttime="20230510 16:05:14.299" endtime="20230510 16:05:14.675"/>
</kw>
<status status="PASS" starttime="20230510 16:05:14.299" endtime="20230510 16:05:14.675"/>
</branch>
<branch type="ELSE">
<kw name="Mark Test Status" library="Config">
<arg>failed</arg>
<arg>Algo deu errado!</arg>
<status status="NOT RUN" starttime="20230510 16:05:14.675" endtime="20230510 16:05:14.675"/>
</kw>
<status status="NOT RUN" starttime="20230510 16:05:14.675" endtime="20230510 16:05:14.675"/>
</branch>
<status status="PASS" starttime="20230510 16:05:14.299" endtime="20230510 16:05:14.675"/>
</if>
<kw name="Close All Applications" library="AppiumLibrary">
<doc>Closes all open applications.</doc>
<status status="PASS" starttime="20230510 16:05:14.675" endtime="20230510 16:05:15.395"/>
</kw>
<status status="PASS" starttime="20230510 16:05:14.295" endtime="20230510 16:05:15.396"/>
</kw>
<status status="PASS" starttime="20230510 16:04:45.626" endtime="20230510 16:05:15.397"/>
</test>
<test id="s1-s1-t4" name="CT-004: Multiplicar 12 por 12" line="25">
<kw name="Dado que estou no app" library="BDDpt-br" sourcename="Dado ${keyword}">
<kw name="Run Keyword" library="BuiltIn">
<arg>${keyword}</arg>
<doc>Executes the given keyword with the given arguments.</doc>
<kw name="que estou no app" library="Multiplicar">
<kw name="Abrir app" library="Config">
<kw name="Open Application" library="AppiumLibrary">
<arg>remote_url=${REMOTE_URL}</arg>
<arg>app=${APP}</arg>
<arg>device=${DEVICE}</arg>
<arg>os=${OS}</arg>
<arg>os_version=${OS_VERSION}</arg>
<arg>build=${BUILD}</arg>
<arg>name=${NAME}</arg>
<arg>project=${PROJECT}</arg>
<doc>Opens a new application to given Appium server.
Capabilities of appium server, Android and iOS,
Please check https://github.com/appium/appium/blob/master/docs/en/writing-running-appium/server-args.md
| *Option*            | *Man.* | *Description*     |
| remote_url          | Yes    | Appium server url |
| alias               | no     | alias             |</doc>
<status status="PASS" starttime="20230510 16:05:15.401" endtime="20230510 16:05:35.402"/>
</kw>
<status status="PASS" starttime="20230510 16:05:15.401" endtime="20230510 16:05:35.407"/>
</kw>
<kw name="Wait Until Element Is Visible" library="AppiumLibrary">
<arg>${BOTAO_MULTIPLICAR}</arg>
<doc>Waits until element specified with `locator` is visible.</doc>
<status status="PASS" starttime="20230510 16:05:35.407" endtime="20230510 16:05:36.180"/>
</kw>
<status status="PASS" starttime="20230510 16:05:15.401" endtime="20230510 16:05:36.180"/>
</kw>
<status status="PASS" starttime="20230510 16:05:15.397" endtime="20230510 16:05:36.184"/>
</kw>
<status status="PASS" starttime="20230510 16:05:15.397" endtime="20230510 16:05:36.184"/>
</kw>
<kw name="Quando digito o valor 12" library="BDDpt-br" sourcename="Quando ${keyword}">
<kw name="Run Keyword" library="BuiltIn">
<arg>${keyword}</arg>
<doc>Executes the given keyword with the given arguments.</doc>
<kw name="digito o valor 12" library="Multiplicar">
<kw name="Wait Until Element Is Visible" library="AppiumLibrary">
<arg>${CAMPO_PRIMEIRO_NUMERO}</arg>
<doc>Waits until element specified with `locator` is visible.</doc>
<status status="PASS" starttime="20230510 16:05:36.188" endtime="20230510 16:05:36.649"/>
</kw>
<kw name="Input Text" library="AppiumLibrary">
<arg>${CAMPO_PRIMEIRO_NUMERO}</arg>
<arg>12</arg>
<doc>Types the given `text` into text field identified by `locator`.</doc>
<msg timestamp="20230510 16:05:36.653" level="INFO">Typing text '12' into text field 'id=android_field_first_number'</msg>
<status status="PASS" starttime="20230510 16:05:36.649" endtime="20230510 16:05:37.760"/>
</kw>
<status status="PASS" starttime="20230510 16:05:36.188" endtime="20230510 16:05:37.760"/>
</kw>
<status status="PASS" starttime="20230510 16:05:36.184" endtime="20230510 16:05:37.760"/>
</kw>
<status status="PASS" starttime="20230510 16:05:36.184" endtime="20230510 16:05:37.760"/>
</kw>
<kw name="E multiplico por 12" library="BDDpt-br" sourcename="E ${keyword}">
<kw name="Run Keyword" library="BuiltIn">
<arg>${keyword}</arg>
<doc>Executes the given keyword with the given arguments.</doc>
<kw name="multiplico por 12" library="Multiplicar">
<kw name="Wait Until Element Is Visible" library="AppiumLibrary">
<arg>${CAMPO_SEGUNDO_NUMERO}</arg>
<doc>Waits until element specified with `locator` is visible.</doc>
<status status="PASS" starttime="20230510 16:05:37.766" endtime="20230510 16:05:38.668"/>
</kw>
<kw name="Input Text" library="AppiumLibrary">
<arg>${CAMPO_SEGUNDO_NUMERO}</arg>
<arg>12</arg>
<doc>Types the given `text` into text field identified by `locator`.</doc>
<msg timestamp="20230510 16:05:38.668" level="INFO">Typing text '12' into text field 'id=android_field_second_number'</msg>
<status status="PASS" starttime="20230510 16:05:38.668" endtime="20230510 16:05:39.816"/>
</kw>
<status status="PASS" starttime="20230510 16:05:37.766" endtime="20230510 16:05:39.816"/>
</kw>
<status status="PASS" starttime="20230510 16:05:37.764" endtime="20230510 16:05:39.816"/>
</kw>
<status status="PASS" starttime="20230510 16:05:37.764" endtime="20230510 16:05:39.816"/>
</kw>
<kw name="Então o resultado deve ser 144" library="BDDpt-br" sourcename="Então ${keyword}">
<kw name="Run Keyword" library="BuiltIn">
<arg>${keyword}</arg>
<doc>Executes the given keyword with the given arguments.</doc>
<kw name="o resultado deve ser 144" library="Multiplicar">
<kw name="Wait Until Element Is Visible" library="AppiumLibrary">
<arg>${BOTAO_MULTIPLICAR}</arg>
<doc>Waits until element specified with `locator` is visible.</doc>
<status status="PASS" starttime="20230510 16:05:39.820" endtime="20230510 16:05:40.584"/>
</kw>
<kw name="Click Element" library="AppiumLibrary">
<arg>${BOTAO_MULTIPLICAR}</arg>
<doc>Click element identified by `locator`.</doc>
<msg timestamp="20230510 16:05:40.584" level="INFO">Clicking element 'id=android_button_mult'.</msg>
<status status="PASS" starttime="20230510 16:05:40.584" endtime="20230510 16:05:41.161"/>
</kw>
<kw name="Wait Until Element Is Visible" library="AppiumLibrary">
<arg>${RESULTADO}</arg>
<doc>Waits until element specified with `locator` is visible.</doc>
<status status="PASS" starttime="20230510 16:05:41.161" endtime="20230510 16:05:41.966"/>
</kw>
<kw name="Element Should Contain Text" library="AppiumLibrary">
<arg>${RESULTADO}</arg>
<arg>144</arg>
<doc>Verifies element identified by ``locator`` contains text ``expected``.</doc>
<msg timestamp="20230510 16:05:41.970" level="INFO">Verifying element 'id=android_result_text' contains text '144'.</msg>
<status status="PASS" starttime="20230510 16:05:41.966" endtime="20230510 16:05:42.435"/>
</kw>
<status status="PASS" starttime="20230510 16:05:39.820" endtime="20230510 16:05:42.439"/>
</kw>
<status status="PASS" starttime="20230510 16:05:39.816" endtime="20230510 16:05:42.439"/>
</kw>
<status status="PASS" starttime="20230510 16:05:39.816" endtime="20230510 16:05:42.439"/>
</kw>
<kw name="Fechar app" library="Config" type="TEARDOWN">
<kw name="Log" library="BuiltIn">
<arg>${TEST STATUS}</arg>
<doc>Logs the given message with the given level.</doc>
<msg timestamp="20230510 16:05:42.439" level="INFO">PASS</msg>
<status status="PASS" starttime="20230510 16:05:42.439" endtime="20230510 16:05:42.439"/>
</kw>
<if>
<branch type="IF" condition="'${TEST STATUS}' == 'PASS'">
<kw name="Mark Test Status" library="Config">
<arg>passed</arg>
<arg>Resultado validado com sucesso!</arg>
<kw name="TEST STATUS" library="mark-test-status">
<arg>${status}</arg>
<arg>${reason}</arg>
<status status="PASS" starttime="20230510 16:05:42.439" endtime="20230510 16:05:43.123"/>
</kw>
<status status="PASS" starttime="20230510 16:05:42.439" endtime="20230510 16:05:43.123"/>
</kw>
<status status="PASS" starttime="20230510 16:05:42.439" endtime="20230510 16:05:43.123"/>
</branch>
<branch type="ELSE">
<kw name="Mark Test Status" library="Config">
<arg>failed</arg>
<arg>Algo deu errado!</arg>
<status status="NOT RUN" starttime="20230510 16:05:43.123" endtime="20230510 16:05:43.123"/>
</kw>
<status status="NOT RUN" starttime="20230510 16:05:43.123" endtime="20230510 16:05:43.123"/>
</branch>
<status status="PASS" starttime="20230510 16:05:42.439" endtime="20230510 16:05:43.123"/>
</if>
<kw name="Close All Applications" library="AppiumLibrary">
<doc>Closes all open applications.</doc>
<status status="PASS" starttime="20230510 16:05:43.123" endtime="20230510 16:05:43.884"/>
</kw>
<status status="PASS" starttime="20230510 16:05:42.439" endtime="20230510 16:05:43.884"/>
</kw>
<status status="PASS" starttime="20230510 16:05:15.397" endtime="20230510 16:05:43.884"/>
</test>
<test id="s1-s1-t5" name="CT-005: Multiplicar 125 por 4" line="31">
<kw name="Dado que estou no app" library="BDDpt-br" sourcename="Dado ${keyword}">
<kw name="Run Keyword" library="BuiltIn">
<arg>${keyword}</arg>
<doc>Executes the given keyword with the given arguments.</doc>
<kw name="que estou no app" library="Multiplicar">
<kw name="Abrir app" library="Config">
<kw name="Open Application" library="AppiumLibrary">
<arg>remote_url=${REMOTE_URL}</arg>
<arg>app=${APP}</arg>
<arg>device=${DEVICE}</arg>
<arg>os=${OS}</arg>
<arg>os_version=${OS_VERSION}</arg>
<arg>build=${BUILD}</arg>
<arg>name=${NAME}</arg>
<arg>project=${PROJECT}</arg>
<doc>Opens a new application to given Appium server.
Capabilities of appium server, Android and iOS,
Please check https://github.com/appium/appium/blob/master/docs/en/writing-running-appium/server-args.md
| *Option*            | *Man.* | *Description*     |
| remote_url          | Yes    | Appium server url |
| alias               | no     | alias             |</doc>
<status status="PASS" starttime="20230510 16:05:43.893" endtime="20230510 16:06:06.058"/>
</kw>
<status status="PASS" starttime="20230510 16:05:43.893" endtime="20230510 16:06:06.058"/>
</kw>
<kw name="Wait Until Element Is Visible" library="AppiumLibrary">
<arg>${BOTAO_MULTIPLICAR}</arg>
<doc>Waits until element specified with `locator` is visible.</doc>
<status status="PASS" starttime="20230510 16:06:06.059" endtime="20230510 16:06:06.762"/>
</kw>
<status status="PASS" starttime="20230510 16:05:43.893" endtime="20230510 16:06:06.762"/>
</kw>
<status status="PASS" starttime="20230510 16:05:43.884" endtime="20230510 16:06:06.762"/>
</kw>
<status status="PASS" starttime="20230510 16:05:43.884" endtime="20230510 16:06:06.763"/>
</kw>
<kw name="Quando digito o valor 125" library="BDDpt-br" sourcename="Quando ${keyword}">
<kw name="Run Keyword" library="BuiltIn">
<arg>${keyword}</arg>
<doc>Executes the given keyword with the given arguments.</doc>
<kw name="digito o valor 125" library="Multiplicar">
<kw name="Wait Until Element Is Visible" library="AppiumLibrary">
<arg>${CAMPO_PRIMEIRO_NUMERO}</arg>
<doc>Waits until element specified with `locator` is visible.</doc>
<status status="PASS" starttime="20230510 16:06:06.767" endtime="20230510 16:06:07.269"/>
</kw>
<kw name="Input Text" library="AppiumLibrary">
<arg>${CAMPO_PRIMEIRO_NUMERO}</arg>
<arg>125</arg>
<doc>Types the given `text` into text field identified by `locator`.</doc>
<msg timestamp="20230510 16:06:07.271" level="INFO">Typing text '125' into text field 'id=android_field_first_number'</msg>
<status status="PASS" starttime="20230510 16:06:07.269" endtime="20230510 16:06:08.478"/>
</kw>
<status status="PASS" starttime="20230510 16:06:06.767" endtime="20230510 16:06:08.478"/>
</kw>
<status status="PASS" starttime="20230510 16:06:06.763" endtime="20230510 16:06:08.478"/>
</kw>
<status status="PASS" starttime="20230510 16:06:06.763" endtime="20230510 16:06:08.478"/>
</kw>
<kw name="E multiplico por 4" library="BDDpt-br" sourcename="E ${keyword}">
<kw name="Run Keyword" library="BuiltIn">
<arg>${keyword}</arg>
<doc>Executes the given keyword with the given arguments.</doc>
<kw name="multiplico por 4" library="Multiplicar">
<kw name="Wait Until Element Is Visible" library="AppiumLibrary">
<arg>${CAMPO_SEGUNDO_NUMERO}</arg>
<doc>Waits until element specified with `locator` is visible.</doc>
<status status="PASS" starttime="20230510 16:06:08.483" endtime="20230510 16:06:09.345"/>
</kw>
<kw name="Input Text" library="AppiumLibrary">
<arg>${CAMPO_SEGUNDO_NUMERO}</arg>
<arg>4</arg>
<doc>Types the given `text` into text field identified by `locator`.</doc>
<msg timestamp="20230510 16:06:09.348" level="INFO">Typing text '4' into text field 'id=android_field_second_number'</msg>
<status status="PASS" starttime="20230510 16:06:09.345" endtime="20230510 16:06:10.468"/>
</kw>
<status status="PASS" starttime="20230510 16:06:08.482" endtime="20230510 16:06:10.468"/>
</kw>
<status status="PASS" starttime="20230510 16:06:08.479" endtime="20230510 16:06:10.468"/>
</kw>
<status status="PASS" starttime="20230510 16:06:08.478" endtime="20230510 16:06:10.468"/>
</kw>
<kw name="Então o resultado deve ser 500" library="BDDpt-br" sourcename="Então ${keyword}">
<kw name="Run Keyword" library="BuiltIn">
<arg>${keyword}</arg>
<doc>Executes the given keyword with the given arguments.</doc>
<kw name="o resultado deve ser 500" library="Multiplicar">
<kw name="Wait Until Element Is Visible" library="AppiumLibrary">
<arg>${BOTAO_MULTIPLICAR}</arg>
<doc>Waits until element specified with `locator` is visible.</doc>
<status status="PASS" starttime="20230510 16:06:10.471" endtime="20230510 16:06:11.668"/>
</kw>
<kw name="Click Element" library="AppiumLibrary">
<arg>${BOTAO_MULTIPLICAR}</arg>
<doc>Click element identified by `locator`.</doc>
<msg timestamp="20230510 16:06:11.669" level="INFO">Clicking element 'id=android_button_mult'.</msg>
<status status="PASS" starttime="20230510 16:06:11.668" endtime="20230510 16:06:12.327"/>
</kw>
<kw name="Wait Until Element Is Visible" library="AppiumLibrary">
<arg>${RESULTADO}</arg>
<doc>Waits until element specified with `locator` is visible.</doc>
<status status="PASS" starttime="20230510 16:06:12.327" endtime="20230510 16:06:12.978"/>
</kw>
<kw name="Element Should Contain Text" library="AppiumLibrary">
<arg>${RESULTADO}</arg>
<arg>500</arg>
<doc>Verifies element identified by ``locator`` contains text ``expected``.</doc>
<msg timestamp="20230510 16:06:12.980" level="INFO">Verifying element 'id=android_result_text' contains text '500'.</msg>
<status status="PASS" starttime="20230510 16:06:12.978" endtime="20230510 16:06:13.428"/>
</kw>
<status status="PASS" starttime="20230510 16:06:10.471" endtime="20230510 16:06:13.428"/>
</kw>
<status status="PASS" starttime="20230510 16:06:10.469" endtime="20230510 16:06:13.429"/>
</kw>
<status status="PASS" starttime="20230510 16:06:10.469" endtime="20230510 16:06:13.429"/>
</kw>
<kw name="Fechar app" library="Config" type="TEARDOWN">
<kw name="Log" library="BuiltIn">
<arg>${TEST STATUS}</arg>
<doc>Logs the given message with the given level.</doc>
<msg timestamp="20230510 16:06:13.430" level="INFO">PASS</msg>
<status status="PASS" starttime="20230510 16:06:13.429" endtime="20230510 16:06:13.430"/>
</kw>
<if>
<branch type="IF" condition="'${TEST STATUS}' == 'PASS'">
<kw name="Mark Test Status" library="Config">
<arg>passed</arg>
<arg>Resultado validado com sucesso!</arg>
<kw name="TEST STATUS" library="mark-test-status">
<arg>${status}</arg>
<arg>${reason}</arg>
<status status="PASS" starttime="20230510 16:06:13.431" endtime="20230510 16:06:14.116"/>
</kw>
<status status="PASS" starttime="20230510 16:06:13.430" endtime="20230510 16:06:14.117"/>
</kw>
<status status="PASS" starttime="20230510 16:06:13.430" endtime="20230510 16:06:14.117"/>
</branch>
<branch type="ELSE">
<kw name="Mark Test Status" library="Config">
<arg>failed</arg>
<arg>Algo deu errado!</arg>
<status status="NOT RUN" starttime="20230510 16:06:14.117" endtime="20230510 16:06:14.117"/>
</kw>
<status status="NOT RUN" starttime="20230510 16:06:14.117" endtime="20230510 16:06:14.117"/>
</branch>
<status status="PASS" starttime="20230510 16:06:13.430" endtime="20230510 16:06:14.118"/>
</if>
<kw name="Close All Applications" library="AppiumLibrary">
<doc>Closes all open applications.</doc>
<status status="PASS" starttime="20230510 16:06:14.118" endtime="20230510 16:06:14.956"/>
</kw>
<status status="PASS" starttime="20230510 16:06:13.429" endtime="20230510 16:06:14.957"/>
</kw>
<status status="PASS" starttime="20230510 16:05:43.884" endtime="20230510 16:06:14.957"/>
</test>
<status status="PASS" starttime="20230510 16:03:44.228" endtime="20230510 16:06:14.958"/>
</suite>
<status status="PASS" starttime="20230510 16:03:44.204" endtime="20230510 16:06:14.959"/>
</suite>
<statistics>
<total>
<stat pass="5" fail="0" skip="0">All Tests</stat>
</total>
<tag>
</tag>
<suite>
<stat pass="5" fail="0" skip="0" id="s1" name="Suites">Suites</stat>
<stat pass="5" fail="0" skip="0" id="s1-s1" name="Multiplicar">Suites.Multiplicar</stat>
</suite>
</statistics>
<errors>
</errors>
</robot>
