<?xml version="1.0" encoding="UTF-8"?>
<robot generator="Robot 7.0 (Python 3.10.9 on win32)" generated="2024-05-21T16:53:17.639345" rpa="false" schemaversion="5">
<suite id="s1" name="Somar" source="C:\YAMAN_DEV\BrowserStackRobotAppium\features\Somar.robot">
<test id="s1-t1" name="CT-001: Somar 15 com 25" line="13">
<kw name="Dado que estou no app" owner="BDDpt-br" source_name="Dado ${keyword}">
<kw name="Run Keyword" owner="BuiltIn">
<kw name="que estou no app" owner="Somar">
<kw name="Wait Until Element Is Visible" owner="AppiumLibrary">
<kw name="Capture Page Screenshot" owner="AppiumLibrary">
<msg time="2024-05-21T16:53:17.699402" level="FAIL">No application is open</msg>
<doc>Takes a screenshot of the current page and embeds it into the log.</doc>
<status status="FAIL" start="2024-05-21T16:53:17.699402" elapsed="0.004957">No application is open</status>
</kw>
<msg time="2024-05-21T16:53:17.706455" level="WARN">Keyword 'Capture Page Screenshot' could not be run on failure: No application is open</msg>
<msg time="2024-05-21T16:53:17.707453" level="INFO">Traceback (most recent call last):
    ~~~~~~~~~~~~~~~~~~~~~~~~~~~~~~~~~~~~~~~~~~~~~~~~~~~~~~~~~~~~~~~~~~~~~~~~~~
    File  C:\YAMAN_DEV\BrowserStackRobotAppium\features\Somar.robot:13
    T:  CT-001: Somar 15 com 25    
    ~~~~~~~~~~~~~~~~~~~~~~~~~~~~~~~~~~~~~~~~~~~~~~~~~~~~~~~~~~~~~~~~~~~~~~~~~~
    File  C:\YAMAN_DEV\BrowserStackRobotAppium\features\Somar.robot:14
      Dado que estou no app    
    ~~~~~~~~~~~~~~~~~~~~~~~~~~~~~~~~~~~~~~~~~~~~~~~~~~~~~~~~~~~~~~~~~~~~~~~~~~
    File  C:\YAMAN_DEV\BrowserStackRobotAppium\resources\BDDpt-br.resource:3
      Run Keyword    ${keyword}
      |  ${keyword} = &lt;Unable to define variable value&gt;
    ~~~~~~~~~~~~~~~~~~~~~~~~~~~~~~~~~~~~~~~~~~~~~~~~~~~~~~~~~~~~~~~~~~~~~~~~~~
    File  C:\YAMAN_DEV\BrowserStackRobotAppium\resources\BDDpt-br.resource:3
      que estou no app    
    ~~~~~~~~~~~~~~~~~~~~~~~~~~~~~~~~~~~~~~~~~~~~~~~~~~~~~~~~~~~~~~~~~~~~~~~~~~
    File  C:\YAMAN_DEV\BrowserStackRobotAppium\steps\Somar.resource:8
      Wait Until Element Is Visible    ${BOTAO_SOMAR}
      |  ${BOTAO_SOMAR} = id=android_button_sum (str)
    ~~~~~~~~~~~~~~~~~~~~~~~~~~~~~~~~~~~~~~~~~~~~~~~~~~~~~~~~~~~~~~~~~~~~~~~~~~
    File  C:\YAMAN_DEV\BrowserStackRobotAppium\steps\Somar.resource:8
      Capture Page Screenshot    
______________________________________________________________________________</msg>
<msg time="2024-05-21T16:53:17.707453" level="FAIL">No application is open</msg>
<arg>${BOTAO_SOMAR}</arg>
<doc>Waits until element specified with `locator` is visible.</doc>
<status status="FAIL" start="2024-05-21T16:53:17.699402" elapsed="0.008051">No application is open</status>
</kw>
<status status="FAIL" start="2024-05-21T16:53:17.698410" elapsed="0.009043">No application is open</status>
</kw>
<arg>${keyword}</arg>
<doc>Executes the given keyword with the given arguments.</doc>
<status status="FAIL" start="2024-05-21T16:53:17.698410" elapsed="0.009043">No application is open</status>
</kw>
<status status="FAIL" start="2024-05-21T16:53:17.697407" elapsed="0.010046">No application is open</status>
</kw>
<kw name="Quando digito o valor 15" owner="BDDpt-br" source_name="Quando ${keyword}">
<status status="NOT RUN" start="2024-05-21T16:53:17.708481" elapsed="0.000000"/>
</kw>
<kw name="E somo com 25" owner="BDDpt-br" source_name="E ${keyword}">
<status status="NOT RUN" start="2024-05-21T16:53:17.708481" elapsed="0.000000"/>
</kw>
<kw name="Então o resultado deve ser 40" owner="BDDpt-br" source_name="Então ${keyword}">
<status status="NOT RUN" start="2024-05-21T16:53:17.708481" elapsed="0.000000"/>
</kw>
<kw name="Fechar app" owner="Config" type="TEARDOWN">
<if>
<branch type="IF" condition="'${TEST STATUS}' == 'PASS'">
<kw name="Mark Test Status" owner="Config">
<arg>passed</arg>
<arg>Resultado validado com sucesso!</arg>
<status status="NOT RUN" start="2024-05-21T16:53:17.710480" elapsed="0.000000"/>
</kw>
<status status="NOT RUN" start="2024-05-21T16:53:17.710480" elapsed="0.000000"/>
</branch>
<branch type="ELSE">
<kw name="Mark Test Status" owner="Config">
<kw name="TEST STATUS" owner="mark-test-status">
<msg time="2024-05-21T16:53:17.711473" level="FAIL">No application is open</msg>
<arg>${status}</arg>
<arg>${reason}</arg>
<status status="FAIL" start="2024-05-21T16:53:17.711473" elapsed="0.000966">No application is open</status>
</kw>
<arg>failed</arg>
<arg>Algo deu errado!</arg>
<status status="FAIL" start="2024-05-21T16:53:17.710480" elapsed="0.002668">No application is open</status>
</kw>
<status status="FAIL" start="2024-05-21T16:53:17.710480" elapsed="0.002668">No application is open</status>
</branch>
<status status="FAIL" start="2024-05-21T16:53:17.710480" elapsed="0.002668">No application is open</status>
</if>
<kw name="Close All Applications" owner="AppiumLibrary">
<doc>Closes all open applications.</doc>
<status status="PASS" start="2024-05-21T16:53:17.713148" elapsed="0.001286"/>
</kw>
<status status="FAIL" start="2024-05-21T16:53:17.709478" elapsed="0.004956">No application is open</status>
</kw>
<status status="FAIL" start="2024-05-21T16:53:17.696491" elapsed="0.017943">No application is open

Also teardown failed:
No application is open</status>
</test>
<test id="s1-t2" name="CT-002: Somar 35 com 65" line="19">
<kw name="Dado que estou no app" owner="BDDpt-br" source_name="Dado ${keyword}">
<kw name="Run Keyword" owner="BuiltIn">
<kw name="que estou no app" owner="Somar">
<kw name="Wait Until Element Is Visible" owner="AppiumLibrary">
<kw name="Capture Page Screenshot" owner="AppiumLibrary">
<msg time="2024-05-21T16:53:17.727736" level="FAIL">No application is open</msg>
<doc>Takes a screenshot of the current page and embeds it into the log.</doc>
<status status="FAIL" start="2024-05-21T16:53:17.726705" elapsed="0.003410">No application is open</status>
</kw>
<msg time="2024-05-21T16:53:17.735715" level="WARN">Keyword 'Capture Page Screenshot' could not be run on failure: No application is open</msg>
<msg time="2024-05-21T16:53:17.735911" level="INFO">Traceback (most recent call last):
    ~~~~~~~~~~~~~~~~~~~~~~~~~~~~~~~~~~~~~~~~~~~~~~~~~~~~~~~~~~~~~~~~~~~~~~~~~~
    File  C:\YAMAN_DEV\BrowserStackRobotAppium\features\Somar.robot:19
    T:  CT-002: Somar 35 com 65    
    ~~~~~~~~~~~~~~~~~~~~~~~~~~~~~~~~~~~~~~~~~~~~~~~~~~~~~~~~~~~~~~~~~~~~~~~~~~
    File  C:\YAMAN_DEV\BrowserStackRobotAppium\features\Somar.robot:20
      Dado que estou no app    
    ~~~~~~~~~~~~~~~~~~~~~~~~~~~~~~~~~~~~~~~~~~~~~~~~~~~~~~~~~~~~~~~~~~~~~~~~~~
    File  C:\YAMAN_DEV\BrowserStackRobotAppium\resources\BDDpt-br.resource:3
      Run Keyword    ${keyword}
      |  ${keyword} = &lt;Unable to define variable value&gt;
    ~~~~~~~~~~~~~~~~~~~~~~~~~~~~~~~~~~~~~~~~~~~~~~~~~~~~~~~~~~~~~~~~~~~~~~~~~~
    File  C:\YAMAN_DEV\BrowserStackRobotAppium\resources\BDDpt-br.resource:3
      que estou no app    
    ~~~~~~~~~~~~~~~~~~~~~~~~~~~~~~~~~~~~~~~~~~~~~~~~~~~~~~~~~~~~~~~~~~~~~~~~~~
    File  C:\YAMAN_DEV\BrowserStackRobotAppium\steps\Somar.resource:8
      Wait Until Element Is Visible    ${BOTAO_SOMAR}
      |  ${BOTAO_SOMAR} = id=android_button_sum (str)
    ~~~~~~~~~~~~~~~~~~~~~~~~~~~~~~~~~~~~~~~~~~~~~~~~~~~~~~~~~~~~~~~~~~~~~~~~~~
    File  C:\YAMAN_DEV\BrowserStackRobotAppium\steps\Somar.resource:8
      Capture Page Screenshot    
______________________________________________________________________________</msg>
<msg time="2024-05-21T16:53:17.735911" level="FAIL">No application is open</msg>
<arg>${BOTAO_SOMAR}</arg>
<doc>Waits until element specified with `locator` is visible.</doc>
<status status="FAIL" start="2024-05-21T16:53:17.725440" elapsed="0.011506">No application is open</status>
</kw>
<status status="FAIL" start="2024-05-21T16:53:17.724444" elapsed="0.012502">No application is open</status>
</kw>
<arg>${keyword}</arg>
<doc>Executes the given keyword with the given arguments.</doc>
<status status="FAIL" start="2024-05-21T16:53:17.723463" elapsed="0.014479">No application is open</status>
</kw>
<status status="FAIL" start="2024-05-21T16:53:17.721471" elapsed="0.016471">No application is open</status>
</kw>
<kw name="Quando digito o valor 35" owner="BDDpt-br" source_name="Quando ${keyword}">
<status status="NOT RUN" start="2024-05-21T16:53:17.737942" elapsed="0.000000"/>
</kw>
<kw name="E somo com 65" owner="BDDpt-br" source_name="E ${keyword}">
<status status="NOT RUN" start="2024-05-21T16:53:17.738935" elapsed="0.000000"/>
</kw>
<kw name="Então o resultado deve ser 100" owner="BDDpt-br" source_name="Então ${keyword}">
<status status="NOT RUN" start="2024-05-21T16:53:17.738935" elapsed="0.000000"/>
</kw>
<kw name="Fechar app" owner="Config" type="TEARDOWN">
<if>
<branch type="IF" condition="'${TEST STATUS}' == 'PASS'">
<kw name="Mark Test Status" owner="Config">
<arg>passed</arg>
<arg>Resultado validado com sucesso!</arg>
<status status="NOT RUN" start="2024-05-21T16:53:17.740928" elapsed="0.001001"/>
</kw>
<status status="NOT RUN" start="2024-05-21T16:53:17.740928" elapsed="0.001001"/>
</branch>
<branch type="ELSE">
<kw name="Mark Test Status" owner="Config">
<kw name="TEST STATUS" owner="mark-test-status">
<msg time="2024-05-21T16:53:17.742921" level="FAIL">No application is open</msg>
<arg>${status}</arg>
<arg>${reason}</arg>
<status status="FAIL" start="2024-05-21T16:53:17.742921" elapsed="0.000998">No application is open</status>
</kw>
<arg>failed</arg>
<arg>Algo deu errado!</arg>
<status status="FAIL" start="2024-05-21T16:53:17.741929" elapsed="0.001990">No application is open</status>
</kw>
<status status="FAIL" start="2024-05-21T16:53:17.741929" elapsed="0.002987">No application is open</status>
</branch>
<status status="FAIL" start="2024-05-21T16:53:17.740928" elapsed="0.003988">No application is open</status>
</if>
<kw name="Close All Applications" owner="AppiumLibrary">
<doc>Closes all open applications.</doc>
<status status="PASS" start="2024-05-21T16:53:17.744916" elapsed="0.002962"/>
</kw>
<status status="FAIL" start="2024-05-21T16:53:17.739935" elapsed="0.007943">No application is open</status>
</kw>
<status status="FAIL" start="2024-05-21T16:53:17.720423" elapsed="0.027455">No application is open

Also teardown failed:
No application is open</status>
</test>
<test id="s1-t3" name="CT-003: Somar 80 com 150" line="25">
<kw name="Dado que estou no app" owner="BDDpt-br" source_name="Dado ${keyword}">
<kw name="Run Keyword" owner="BuiltIn">
<kw name="que estou no app" owner="Somar">
<kw name="Wait Until Element Is Visible" owner="AppiumLibrary">
<kw name="Capture Page Screenshot" owner="AppiumLibrary">
<msg time="2024-05-21T16:53:17.751904" level="FAIL">No application is open</msg>
<doc>Takes a screenshot of the current page and embeds it into the log.</doc>
<status status="FAIL" start="2024-05-21T16:53:17.751904" elapsed="0.000995">No application is open</status>
</kw>
<msg time="2024-05-21T16:53:17.755891" level="WARN">Keyword 'Capture Page Screenshot' could not be run on failure: No application is open</msg>
<msg time="2024-05-21T16:53:17.756887" level="INFO">Traceback (most recent call last):
    ~~~~~~~~~~~~~~~~~~~~~~~~~~~~~~~~~~~~~~~~~~~~~~~~~~~~~~~~~~~~~~~~~~~~~~~~~~
    File  C:\YAMAN_DEV\BrowserStackRobotAppium\features\Somar.robot:25
    T:  CT-003: Somar 80 com 150    
    ~~~~~~~~~~~~~~~~~~~~~~~~~~~~~~~~~~~~~~~~~~~~~~~~~~~~~~~~~~~~~~~~~~~~~~~~~~
    File  C:\YAMAN_DEV\BrowserStackRobotAppium\features\Somar.robot:26
      Dado que estou no app    
    ~~~~~~~~~~~~~~~~~~~~~~~~~~~~~~~~~~~~~~~~~~~~~~~~~~~~~~~~~~~~~~~~~~~~~~~~~~
    File  C:\YAMAN_DEV\BrowserStackRobotAppium\resources\BDDpt-br.resource:3
      Run Keyword    ${keyword}
      |  ${keyword} = &lt;Unable to define variable value&gt;
    ~~~~~~~~~~~~~~~~~~~~~~~~~~~~~~~~~~~~~~~~~~~~~~~~~~~~~~~~~~~~~~~~~~~~~~~~~~
    File  C:\YAMAN_DEV\BrowserStackRobotAppium\resources\BDDpt-br.resource:3
      que estou no app    
    ~~~~~~~~~~~~~~~~~~~~~~~~~~~~~~~~~~~~~~~~~~~~~~~~~~~~~~~~~~~~~~~~~~~~~~~~~~
    File  C:\YAMAN_DEV\BrowserStackRobotAppium\steps\Somar.resource:8
      Wait Until Element Is Visible    ${BOTAO_SOMAR}
      |  ${BOTAO_SOMAR} = id=android_button_sum (str)
    ~~~~~~~~~~~~~~~~~~~~~~~~~~~~~~~~~~~~~~~~~~~~~~~~~~~~~~~~~~~~~~~~~~~~~~~~~~
    File  C:\YAMAN_DEV\BrowserStackRobotAppium\steps\Somar.resource:8
      Capture Page Screenshot    
______________________________________________________________________________</msg>
<msg time="2024-05-21T16:53:17.756887" level="FAIL">No application is open</msg>
<arg>${BOTAO_SOMAR}</arg>
<doc>Waits until element specified with `locator` is visible.</doc>
<status status="FAIL" start="2024-05-21T16:53:17.750904" elapsed="0.005983">No application is open</status>
</kw>
<status status="FAIL" start="2024-05-21T16:53:17.750904" elapsed="0.006980">No application is open</status>
</kw>
<arg>${keyword}</arg>
<doc>Executes the given keyword with the given arguments.</doc>
<status status="FAIL" start="2024-05-21T16:53:17.749874" elapsed="0.008010">No application is open</status>
</kw>
<status status="FAIL" start="2024-05-21T16:53:17.749874" elapsed="0.008010">No application is open</status>
</kw>
<kw name="Quando digito o valor 80" owner="BDDpt-br" source_name="Quando ${keyword}">
<status status="NOT RUN" start="2024-05-21T16:53:17.757884" elapsed="0.000000"/>
</kw>
<kw name="E somo com 150" owner="BDDpt-br" source_name="E ${keyword}">
<status status="NOT RUN" start="2024-05-21T16:53:17.757884" elapsed="0.001000"/>
</kw>
<kw name="Então o resultado deve ser 230" owner="BDDpt-br" source_name="Então ${keyword}">
<status status="NOT RUN" start="2024-05-21T16:53:17.758884" elapsed="0.000000"/>
</kw>
<kw name="Fechar app" owner="Config" type="TEARDOWN">
<if>
<branch type="IF" condition="'${TEST STATUS}' == 'PASS'">
<kw name="Mark Test Status" owner="Config">
<arg>passed</arg>
<arg>Resultado validado com sucesso!</arg>
<status status="NOT RUN" start="2024-05-21T16:53:17.759882" elapsed="0.000000"/>
</kw>
<status status="NOT RUN" start="2024-05-21T16:53:17.759882" elapsed="0.000000"/>
</branch>
<branch type="ELSE">
<kw name="Mark Test Status" owner="Config">
<kw name="TEST STATUS" owner="mark-test-status">
<msg time="2024-05-21T16:53:17.761874" level="FAIL">No application is open</msg>
<arg>${status}</arg>
<arg>${reason}</arg>
<status status="FAIL" start="2024-05-21T16:53:17.760877" elapsed="0.000997">No application is open</status>
</kw>
<arg>failed</arg>
<arg>Algo deu errado!</arg>
<status status="FAIL" start="2024-05-21T16:53:17.760877" elapsed="0.001993">No application is open</status>
</kw>
<status status="FAIL" start="2024-05-21T16:53:17.759882" elapsed="0.002988">No application is open</status>
</branch>
<status status="FAIL" start="2024-05-21T16:53:17.759882" elapsed="0.003275">No application is open</status>
</if>
<kw name="Close All Applications" owner="AppiumLibrary">
<doc>Closes all open applications.</doc>
<status status="PASS" start="2024-05-21T16:53:17.763157" elapsed="0.001708"/>
</kw>
<status status="FAIL" start="2024-05-21T16:53:17.758884" elapsed="0.005981">No application is open</status>
</kw>
<status status="FAIL" start="2024-05-21T16:53:17.748878" elapsed="0.015987">No application is open

Also teardown failed:
No application is open</status>
</test>
<test id="s1-t4" name="CT-004: Somar 27 com 44" line="31">
<kw name="Dado que estou no app" owner="BDDpt-br" source_name="Dado ${keyword}">
<kw name="Run Keyword" owner="BuiltIn">
<kw name="que estou no app" owner="Somar">
<kw name="Wait Until Element Is Visible" owner="AppiumLibrary">
<kw name="Capture Page Screenshot" owner="AppiumLibrary">
<msg time="2024-05-21T16:53:17.767857" level="FAIL">No application is open</msg>
<doc>Takes a screenshot of the current page and embeds it into the log.</doc>
<status status="FAIL" start="2024-05-21T16:53:17.767857" elapsed="0.000999">No application is open</status>
</kw>
<msg time="2024-05-21T16:53:17.771846" level="WARN">Keyword 'Capture Page Screenshot' could not be run on failure: No application is open</msg>
<msg time="2024-05-21T16:53:17.771846" level="INFO">Traceback (most recent call last):
    ~~~~~~~~~~~~~~~~~~~~~~~~~~~~~~~~~~~~~~~~~~~~~~~~~~~~~~~~~~~~~~~~~~~~~~~~~~
    File  C:\YAMAN_DEV\BrowserStackRobotAppium\features\Somar.robot:31
    T:  CT-004: Somar 27 com 44    
    ~~~~~~~~~~~~~~~~~~~~~~~~~~~~~~~~~~~~~~~~~~~~~~~~~~~~~~~~~~~~~~~~~~~~~~~~~~
    File  C:\YAMAN_DEV\BrowserStackRobotAppium\features\Somar.robot:32
      Dado que estou no app    
    ~~~~~~~~~~~~~~~~~~~~~~~~~~~~~~~~~~~~~~~~~~~~~~~~~~~~~~~~~~~~~~~~~~~~~~~~~~
    File  C:\YAMAN_DEV\BrowserStackRobotAppium\resources\BDDpt-br.resource:3
      Run Keyword    ${keyword}
      |  ${keyword} = &lt;Unable to define variable value&gt;
    ~~~~~~~~~~~~~~~~~~~~~~~~~~~~~~~~~~~~~~~~~~~~~~~~~~~~~~~~~~~~~~~~~~~~~~~~~~
    File  C:\YAMAN_DEV\BrowserStackRobotAppium\resources\BDDpt-br.resource:3
      que estou no app    
    ~~~~~~~~~~~~~~~~~~~~~~~~~~~~~~~~~~~~~~~~~~~~~~~~~~~~~~~~~~~~~~~~~~~~~~~~~~
    File  C:\YAMAN_DEV\BrowserStackRobotAppium\steps\Somar.resource:8
      Wait Until Element Is Visible    ${BOTAO_SOMAR}
      |  ${BOTAO_SOMAR} = id=android_button_sum (str)
    ~~~~~~~~~~~~~~~~~~~~~~~~~~~~~~~~~~~~~~~~~~~~~~~~~~~~~~~~~~~~~~~~~~~~~~~~~~
    File  C:\YAMAN_DEV\BrowserStackRobotAppium\steps\Somar.resource:8
      Capture Page Screenshot    
______________________________________________________________________________</msg>
<msg time="2024-05-21T16:53:17.771846" level="FAIL">No application is open</msg>
<arg>${BOTAO_SOMAR}</arg>
<doc>Waits until element specified with `locator` is visible.</doc>
<status status="FAIL" start="2024-05-21T16:53:17.767857" elapsed="0.004992">No application is open</status>
</kw>
<status status="FAIL" start="2024-05-21T16:53:17.766859" elapsed="0.005990">No application is open</status>
</kw>
<arg>${keyword}</arg>
<doc>Executes the given keyword with the given arguments.</doc>
<status status="FAIL" start="2024-05-21T16:53:17.766859" elapsed="0.005990">No application is open</status>
</kw>
<status status="FAIL" start="2024-05-21T16:53:17.765867" elapsed="0.006982">No application is open</status>
</kw>
<kw name="Quando digito o valor 27" owner="BDDpt-br" source_name="Quando ${keyword}">
<status status="NOT RUN" start="2024-05-21T16:53:17.773397" elapsed="0.000000"/>
</kw>
<kw name="E somo com 44" owner="BDDpt-br" source_name="E ${keyword}">
<status status="NOT RUN" start="2024-05-21T16:53:17.773397" elapsed="0.000443"/>
</kw>
<kw name="Então o resultado deve ser 71" owner="BDDpt-br" source_name="Então ${keyword}">
<status status="NOT RUN" start="2024-05-21T16:53:17.773840" elapsed="0.000000"/>
</kw>
<kw name="Fechar app" owner="Config" type="TEARDOWN">
<if>
<branch type="IF" condition="'${TEST STATUS}' == 'PASS'">
<kw name="Mark Test Status" owner="Config">
<arg>passed</arg>
<arg>Resultado validado com sucesso!</arg>
<status status="NOT RUN" start="2024-05-21T16:53:17.774837" elapsed="0.000000"/>
</kw>
<status status="NOT RUN" start="2024-05-21T16:53:17.774837" elapsed="0.000000"/>
</branch>
<branch type="ELSE">
<kw name="Mark Test Status" owner="Config">
<kw name="TEST STATUS" owner="mark-test-status">
<msg time="2024-05-21T16:53:17.775835" level="FAIL">No application is open</msg>
<arg>${status}</arg>
<arg>${reason}</arg>
<status status="FAIL" start="2024-05-21T16:53:17.775835" elapsed="0.000000">No application is open</status>
</kw>
<arg>failed</arg>
<arg>Algo deu errado!</arg>
<status status="FAIL" start="2024-05-21T16:53:17.774837" elapsed="0.001996">No application is open</status>
</kw>
<status status="FAIL" start="2024-05-21T16:53:17.774837" elapsed="0.001996">No application is open</status>
</branch>
<status status="FAIL" start="2024-05-21T16:53:17.774837" elapsed="0.001996">No application is open</status>
</if>
<kw name="Close All Applications" owner="AppiumLibrary">
<doc>Closes all open applications.</doc>
<status status="PASS" start="2024-05-21T16:53:17.776833" elapsed="0.000997"/>
</kw>
<status status="FAIL" start="2024-05-21T16:53:17.773840" elapsed="0.004989">No application is open</status>
</kw>
<status status="FAIL" start="2024-05-21T16:53:17.765867" elapsed="0.012962">No application is open

Also teardown failed:
No application is open</status>
</test>
<test id="s1-t5" name="CT-005: Somar 37 com 182" line="37">
<kw name="Dado que estou no app" owner="BDDpt-br" source_name="Dado ${keyword}">
<kw name="Run Keyword" owner="BuiltIn">
<kw name="que estou no app" owner="Somar">
<kw name="Wait Until Element Is Visible" owner="AppiumLibrary">
<kw name="Capture Page Screenshot" owner="AppiumLibrary">
<msg time="2024-05-21T16:53:17.781790" level="FAIL">No application is open</msg>
<doc>Takes a screenshot of the current page and embeds it into the log.</doc>
<status status="FAIL" start="2024-05-21T16:53:17.781790" elapsed="0.000997">No application is open</status>
</kw>
<msg time="2024-05-21T16:53:17.784781" level="WARN">Keyword 'Capture Page Screenshot' could not be run on failure: No application is open</msg>
<msg time="2024-05-21T16:53:17.784781" level="INFO">Traceback (most recent call last):
    ~~~~~~~~~~~~~~~~~~~~~~~~~~~~~~~~~~~~~~~~~~~~~~~~~~~~~~~~~~~~~~~~~~~~~~~~~~
    File  C:\YAMAN_DEV\BrowserStackRobotAppium\features\Somar.robot:37
    T:  CT-005: Somar 37 com 182    
    ~~~~~~~~~~~~~~~~~~~~~~~~~~~~~~~~~~~~~~~~~~~~~~~~~~~~~~~~~~~~~~~~~~~~~~~~~~
    File  C:\YAMAN_DEV\BrowserStackRobotAppium\features\Somar.robot:38
      Dado que estou no app    
    ~~~~~~~~~~~~~~~~~~~~~~~~~~~~~~~~~~~~~~~~~~~~~~~~~~~~~~~~~~~~~~~~~~~~~~~~~~
    File  C:\YAMAN_DEV\BrowserStackRobotAppium\resources\BDDpt-br.resource:3
      Run Keyword    ${keyword}
      |  ${keyword} = &lt;Unable to define variable value&gt;
    ~~~~~~~~~~~~~~~~~~~~~~~~~~~~~~~~~~~~~~~~~~~~~~~~~~~~~~~~~~~~~~~~~~~~~~~~~~
    File  C:\YAMAN_DEV\BrowserStackRobotAppium\resources\BDDpt-br.resource:3
      que estou no app    
    ~~~~~~~~~~~~~~~~~~~~~~~~~~~~~~~~~~~~~~~~~~~~~~~~~~~~~~~~~~~~~~~~~~~~~~~~~~
    File  C:\YAMAN_DEV\BrowserStackRobotAppium\steps\Somar.resource:8
      Wait Until Element Is Visible    ${BOTAO_SOMAR}
      |  ${BOTAO_SOMAR} = id=android_button_sum (str)
    ~~~~~~~~~~~~~~~~~~~~~~~~~~~~~~~~~~~~~~~~~~~~~~~~~~~~~~~~~~~~~~~~~~~~~~~~~~
    File  C:\YAMAN_DEV\BrowserStackRobotAppium\steps\Somar.resource:8
      Capture Page Screenshot    
______________________________________________________________________________</msg>
<msg time="2024-05-21T16:53:17.784781" level="FAIL">No application is open</msg>
<arg>${BOTAO_SOMAR}</arg>
<doc>Waits until element specified with `locator` is visible.</doc>
<status status="FAIL" start="2024-05-21T16:53:17.780792" elapsed="0.003989">No application is open</status>
</kw>
<status status="FAIL" start="2024-05-21T16:53:17.780792" elapsed="0.003989">No application is open</status>
</kw>
<arg>${keyword}</arg>
<doc>Executes the given keyword with the given arguments.</doc>
<status status="FAIL" start="2024-05-21T16:53:17.779793" elapsed="0.005985">No application is open</status>
</kw>
<status status="FAIL" start="2024-05-21T16:53:17.779793" elapsed="0.005985">No application is open</status>
</kw>
<kw name="Quando digito o valor 37" owner="BDDpt-br" source_name="Quando ${keyword}">
<status status="NOT RUN" start="2024-05-21T16:53:17.785778" elapsed="0.000000"/>
</kw>
<kw name="E somo com 182" owner="BDDpt-br" source_name="E ${keyword}">
<status status="NOT RUN" start="2024-05-21T16:53:17.785778" elapsed="0.000000"/>
</kw>
<kw name="Então o resultado deve ser 219" owner="BDDpt-br" source_name="Então ${keyword}">
<status status="NOT RUN" start="2024-05-21T16:53:17.785778" elapsed="0.000000"/>
</kw>
<kw name="Fechar app" owner="Config" type="TEARDOWN">
<if>
<branch type="IF" condition="'${TEST STATUS}' == 'PASS'">
<kw name="Mark Test Status" owner="Config">
<arg>passed</arg>
<arg>Resultado validado com sucesso!</arg>
<status status="NOT RUN" start="2024-05-21T16:53:17.786807" elapsed="0.000000"/>
</kw>
<status status="NOT RUN" start="2024-05-21T16:53:17.786807" elapsed="0.000000"/>
</branch>
<branch type="ELSE">
<kw name="Mark Test Status" owner="Config">
<kw name="TEST STATUS" owner="mark-test-status">
<msg time="2024-05-21T16:53:17.787802" level="FAIL">No application is open</msg>
<arg>${status}</arg>
<arg>${reason}</arg>
<status status="FAIL" start="2024-05-21T16:53:17.787802" elapsed="0.000998">No application is open</status>
</kw>
<arg>failed</arg>
<arg>Algo deu errado!</arg>
<status status="FAIL" start="2024-05-21T16:53:17.787802" elapsed="0.000998">No application is open</status>
</kw>
<status status="FAIL" start="2024-05-21T16:53:17.787802" elapsed="0.000998">No application is open</status>
</branch>
<status status="FAIL" start="2024-05-21T16:53:17.786807" elapsed="0.001993">No application is open</status>
</if>
<kw name="Close All Applications" owner="AppiumLibrary">
<doc>Closes all open applications.</doc>
<status status="PASS" start="2024-05-21T16:53:17.788800" elapsed="0.001995"/>
</kw>
<status status="FAIL" start="2024-05-21T16:53:17.786807" elapsed="0.003988">No application is open</status>
</kw>
<status status="FAIL" start="2024-05-21T16:53:17.779080" elapsed="0.011715">No application is open

Also teardown failed:
No application is open</status>
</test>
<status status="FAIL" start="2024-05-21T16:53:17.646330" elapsed="0.144465"/>
</suite>
<statistics>
<total>
<stat pass="0" fail="5" skip="0">All Tests</stat>
</total>
<tag>
</tag>
<suite>
<stat pass="0" fail="5" skip="0" id="s1" name="Somar">Somar</stat>
</suite>
</statistics>
<errors>
<msg time="2024-05-21T16:53:17.706455" level="WARN">Keyword 'Capture Page Screenshot' could not be run on failure: No application is open</msg>
<msg time="2024-05-21T16:53:17.735715" level="WARN">Keyword 'Capture Page Screenshot' could not be run on failure: No application is open</msg>
<msg time="2024-05-21T16:53:17.755891" level="WARN">Keyword 'Capture Page Screenshot' could not be run on failure: No application is open</msg>
<msg time="2024-05-21T16:53:17.771846" level="WARN">Keyword 'Capture Page Screenshot' could not be run on failure: No application is open</msg>
<msg time="2024-05-21T16:53:17.784781" level="WARN">Keyword 'Capture Page Screenshot' could not be run on failure: No application is open</msg>
</errors>
</robot>
