<?xml version="1.0" encoding="UTF-8"?>
<robot generator="Rebot 6.0.2 (Python 3.11.0 on win32)" generated="20230510 16:06:34.422" rpa="false" schemaversion="3">
<suite id="s1" name="Suites">
<suite id="s1-s1" name="Dividir" source="C:\PyCharm Workspace\BrowserStack-Calculator\features\Dividir.robot">
<test id="s1-s1-t1" name="CT-001: Dividir 100 por 5" line="7">
<kw name="Dado que estou no app" library="BDDpt-br" sourcename="Dado ${keyword}">
<kw name="Run Keyword" library="BuiltIn">
<arg>${keyword}</arg>
<doc>Executes the given keyword with the given arguments.</doc>
<kw name="que estou no app" library="Dividir">
<kw name="Abrir app" library="Config">
<kw name="Open Application" library="AppiumLibrary">
<arg>remote_url=${REMOTE_URL}</arg>
<arg>app=${APP}</arg>
<arg>device=${DEVICE}</arg>
<arg>os=${OS}</arg>
<arg>os_version=${OS_VERSION}</arg>
<arg>build=${BUILD}</arg>
<arg>name=${NAME}</arg>
<arg>project=${PROJECT}</arg>
<doc>Opens a new application to given Appium server.
Capabilities of appium server, Android and iOS,
Please check https://github.com/appium/appium/blob/master/docs/en/writing-running-appium/server-args.md
| *Option*            | *Man.* | *Description*     |
| remote_url          | Yes    | Appium server url |
| alias               | no     | alias             |</doc>
<status status="PASS" starttime="20230510 16:03:44.673" endtime="20230510 16:04:06.637"/>
</kw>
<status status="PASS" starttime="20230510 16:03:44.669" endtime="20230510 16:04:06.637"/>
</kw>
<kw name="Wait Until Element Is Visible" library="AppiumLibrary">
<arg>${BOTAO_DIVIDIR}</arg>
<doc>Waits until element specified with `locator` is visible.</doc>
<status status="PASS" starttime="20230510 16:04:06.637" endtime="20230510 16:04:07.403"/>
</kw>
<status status="PASS" starttime="20230510 16:03:44.669" endtime="20230510 16:04:07.403"/>
</kw>
<status status="PASS" starttime="20230510 16:03:44.669" endtime="20230510 16:04:07.403"/>
</kw>
<status status="PASS" starttime="20230510 16:03:44.665" endtime="20230510 16:04:07.403"/>
</kw>
<kw name="Quando digito o valor 100" library="BDDpt-br" sourcename="Quando ${keyword}">
<kw name="Run Keyword" library="BuiltIn">
<arg>${keyword}</arg>
<doc>Executes the given keyword with the given arguments.</doc>
<kw name="digito o valor 100" library="Dividir">
<kw name="Wait Until Element Is Visible" library="AppiumLibrary">
<arg>${CAMPO_PRIMEIRO_NUMERO}</arg>
<doc>Waits until element specified with `locator` is visible.</doc>
<status status="PASS" starttime="20230510 16:04:07.407" endtime="20230510 16:04:08.159"/>
</kw>
<kw name="Input Text" library="AppiumLibrary">
<arg>${CAMPO_PRIMEIRO_NUMERO}</arg>
<arg>100</arg>
<doc>Types the given `text` into text field identified by `locator`.</doc>
<msg timestamp="20230510 16:04:08.159" level="INFO">Typing text '100' into text field 'id=android_field_first_number'</msg>
<status status="PASS" starttime="20230510 16:04:08.159" endtime="20230510 16:04:09.715"/>
</kw>
<status status="PASS" starttime="20230510 16:04:07.407" endtime="20230510 16:04:09.715"/>
</kw>
<status status="PASS" starttime="20230510 16:04:07.403" endtime="20230510 16:04:09.715"/>
</kw>
<status status="PASS" starttime="20230510 16:04:07.403" endtime="20230510 16:04:09.715"/>
</kw>
<kw name="E divido por 5" library="BDDpt-br" sourcename="E ${keyword}">
<kw name="Run Keyword" library="BuiltIn">
<arg>${keyword}</arg>
<doc>Executes the given keyword with the given arguments.</doc>
<kw name="divido por 5" library="Dividir">
<kw name="Wait Until Element Is Visible" library="AppiumLibrary">
<arg>${CAMPO_SEGUNDO_NUMERO}</arg>
<doc>Waits until element specified with `locator` is visible.</doc>
<status status="PASS" starttime="20230510 16:04:09.719" endtime="20230510 16:04:10.705"/>
</kw>
<kw name="Input Text" library="AppiumLibrary">
<arg>${CAMPO_SEGUNDO_NUMERO}</arg>
<arg>5</arg>
<doc>Types the given `text` into text field identified by `locator`.</doc>
<msg timestamp="20230510 16:04:10.709" level="INFO">Typing text '5' into text field 'id=android_field_second_number'</msg>
<status status="PASS" starttime="20230510 16:04:10.705" endtime="20230510 16:04:12.134"/>
</kw>
<status status="PASS" starttime="20230510 16:04:09.719" endtime="20230510 16:04:12.134"/>
</kw>
<status status="PASS" starttime="20230510 16:04:09.715" endtime="20230510 16:04:12.134"/>
</kw>
<status status="PASS" starttime="20230510 16:04:09.715" endtime="20230510 16:04:12.134"/>
</kw>
<kw name="Então o resultado deve ser 20" library="BDDpt-br" sourcename="Então ${keyword}">
<kw name="Run Keyword" library="BuiltIn">
<arg>${keyword}</arg>
<doc>Executes the given keyword with the given arguments.</doc>
<kw name="o resultado deve ser 20" library="Dividir">
<kw name="Wait Until Element Is Visible" library="AppiumLibrary">
<arg>${BOTAO_DIVIDIR}</arg>
<doc>Waits until element specified with `locator` is visible.</doc>
<status status="PASS" starttime="20230510 16:04:12.138" endtime="20230510 16:04:13.176"/>
</kw>
<kw name="Click Element" library="AppiumLibrary">
<arg>${BOTAO_DIVIDIR}</arg>
<doc>Click element identified by `locator`.</doc>
<msg timestamp="20230510 16:04:13.176" level="INFO">Clicking element 'id=android_button_div'.</msg>
<status status="PASS" starttime="20230510 16:04:13.176" endtime="20230510 16:04:14.090"/>
</kw>
<kw name="Wait Until Element Is Visible" library="AppiumLibrary">
<arg>${RESULTADO}</arg>
<doc>Waits until element specified with `locator` is visible.</doc>
<status status="PASS" starttime="20230510 16:04:14.090" endtime="20230510 16:04:15.053"/>
</kw>
<kw name="Element Should Contain Text" library="AppiumLibrary">
<arg>${RESULTADO}</arg>
<arg>20</arg>
<doc>Verifies element identified by ``locator`` contains text ``expected``.</doc>
<msg timestamp="20230510 16:04:15.053" level="INFO">Verifying element 'id=android_result_text' contains text '20'.</msg>
<status status="PASS" starttime="20230510 16:04:15.053" endtime="20230510 16:04:15.893"/>
</kw>
<status status="PASS" starttime="20230510 16:04:12.138" endtime="20230510 16:04:15.893"/>
</kw>
<status status="PASS" starttime="20230510 16:04:12.134" endtime="20230510 16:04:15.893"/>
</kw>
<status status="PASS" starttime="20230510 16:04:12.134" endtime="20230510 16:04:15.893"/>
</kw>
<kw name="Fechar app" library="Config" type="TEARDOWN">
<kw name="Log" library="BuiltIn">
<arg>${TEST STATUS}</arg>
<doc>Logs the given message with the given level.</doc>
<msg timestamp="20230510 16:04:15.893" level="INFO">PASS</msg>
<status status="PASS" starttime="20230510 16:04:15.893" endtime="20230510 16:04:15.897"/>
</kw>
<if>
<branch type="IF" condition="'${TEST STATUS}' == 'PASS'">
<kw name="Mark Test Status" library="Config">
<arg>passed</arg>
<arg>Resultado validado com sucesso!</arg>
<kw name="TEST STATUS" library="mark-test-status">
<arg>${status}</arg>
<arg>${reason}</arg>
<status status="PASS" starttime="20230510 16:04:15.897" endtime="20230510 16:04:16.229"/>
</kw>
<status status="PASS" starttime="20230510 16:04:15.897" endtime="20230510 16:04:16.229"/>
</kw>
<status status="PASS" starttime="20230510 16:04:15.897" endtime="20230510 16:04:16.229"/>
</branch>
<branch type="ELSE">
<kw name="Mark Test Status" library="Config">
<arg>failed</arg>
<arg>Algo deu errado!</arg>
<status status="NOT RUN" starttime="20230510 16:04:16.229" endtime="20230510 16:04:16.229"/>
</kw>
<status status="NOT RUN" starttime="20230510 16:04:16.229" endtime="20230510 16:04:16.229"/>
</branch>
<status status="PASS" starttime="20230510 16:04:15.897" endtime="20230510 16:04:16.229"/>
</if>
<kw name="Close All Applications" library="AppiumLibrary">
<doc>Closes all open applications.</doc>
<status status="PASS" starttime="20230510 16:04:16.229" endtime="20230510 16:04:17.512"/>
</kw>
<status status="PASS" starttime="20230510 16:04:15.893" endtime="20230510 16:04:17.512"/>
</kw>
<status status="PASS" starttime="20230510 16:03:44.665" endtime="20230510 16:04:17.512"/>
</test>
<test id="s1-s1-t2" name="CT-002: Dividir 30 por 2" line="13">
<kw name="Dado que estou no app" library="BDDpt-br" sourcename="Dado ${keyword}">
<kw name="Run Keyword" library="BuiltIn">
<arg>${keyword}</arg>
<doc>Executes the given keyword with the given arguments.</doc>
<kw name="que estou no app" library="Dividir">
<kw name="Abrir app" library="Config">
<kw name="Open Application" library="AppiumLibrary">
<arg>remote_url=${REMOTE_URL}</arg>
<arg>app=${APP}</arg>
<arg>device=${DEVICE}</arg>
<arg>os=${OS}</arg>
<arg>os_version=${OS_VERSION}</arg>
<arg>build=${BUILD}</arg>
<arg>name=${NAME}</arg>
<arg>project=${PROJECT}</arg>
<doc>Opens a new application to given Appium server.
Capabilities of appium server, Android and iOS,
Please check https://github.com/appium/appium/blob/master/docs/en/writing-running-appium/server-args.md
| *Option*            | *Man.* | *Description*     |
| remote_url          | Yes    | Appium server url |
| alias               | no     | alias             |</doc>
<status status="PASS" starttime="20230510 16:04:17.519" endtime="20230510 16:04:40.419"/>
</kw>
<status status="PASS" starttime="20230510 16:04:17.519" endtime="20230510 16:04:40.419"/>
</kw>
<kw name="Wait Until Element Is Visible" library="AppiumLibrary">
<arg>${BOTAO_DIVIDIR}</arg>
<doc>Waits until element specified with `locator` is visible.</doc>
<status status="PASS" starttime="20230510 16:04:40.419" endtime="20230510 16:04:41.249"/>
</kw>
<status status="PASS" starttime="20230510 16:04:17.515" endtime="20230510 16:04:41.249"/>
</kw>
<status status="PASS" starttime="20230510 16:04:17.515" endtime="20230510 16:04:41.249"/>
</kw>
<status status="PASS" starttime="20230510 16:04:17.515" endtime="20230510 16:04:41.249"/>
</kw>
<kw name="Quando digito o valor 30" library="BDDpt-br" sourcename="Quando ${keyword}">
<kw name="Run Keyword" library="BuiltIn">
<arg>${keyword}</arg>
<doc>Executes the given keyword with the given arguments.</doc>
<kw name="digito o valor 30" library="Dividir">
<kw name="Wait Until Element Is Visible" library="AppiumLibrary">
<arg>${CAMPO_PRIMEIRO_NUMERO}</arg>
<doc>Waits until element specified with `locator` is visible.</doc>
<status status="PASS" starttime="20230510 16:04:41.253" endtime="20230510 16:04:41.737"/>
</kw>
<kw name="Input Text" library="AppiumLibrary">
<arg>${CAMPO_PRIMEIRO_NUMERO}</arg>
<arg>30</arg>
<doc>Types the given `text` into text field identified by `locator`.</doc>
<msg timestamp="20230510 16:04:41.741" level="INFO">Typing text '30' into text field 'id=android_field_first_number'</msg>
<status status="PASS" starttime="20230510 16:04:41.737" endtime="20230510 16:04:42.974"/>
</kw>
<status status="PASS" starttime="20230510 16:04:41.253" endtime="20230510 16:04:42.978"/>
</kw>
<status status="PASS" starttime="20230510 16:04:41.249" endtime="20230510 16:04:42.978"/>
</kw>
<status status="PASS" starttime="20230510 16:04:41.249" endtime="20230510 16:04:42.978"/>
</kw>
<kw name="E divido por 2" library="BDDpt-br" sourcename="E ${keyword}">
<kw name="Run Keyword" library="BuiltIn">
<arg>${keyword}</arg>
<doc>Executes the given keyword with the given arguments.</doc>
<kw name="divido por 2" library="Dividir">
<kw name="Wait Until Element Is Visible" library="AppiumLibrary">
<arg>${CAMPO_SEGUNDO_NUMERO}</arg>
<doc>Waits until element specified with `locator` is visible.</doc>
<status status="PASS" starttime="20230510 16:04:42.982" endtime="20230510 16:04:43.751"/>
</kw>
<kw name="Input Text" library="AppiumLibrary">
<arg>${CAMPO_SEGUNDO_NUMERO}</arg>
<arg>2</arg>
<doc>Types the given `text` into text field identified by `locator`.</doc>
<msg timestamp="20230510 16:04:43.755" level="INFO">Typing text '2' into text field 'id=android_field_second_number'</msg>
<status status="PASS" starttime="20230510 16:04:43.751" endtime="20230510 16:04:45.275"/>
</kw>
<status status="PASS" starttime="20230510 16:04:42.982" endtime="20230510 16:04:45.275"/>
</kw>
<status status="PASS" starttime="20230510 16:04:42.978" endtime="20230510 16:04:45.275"/>
</kw>
<status status="PASS" starttime="20230510 16:04:42.978" endtime="20230510 16:04:45.275"/>
</kw>
<kw name="Então o resultado deve ser 15" library="BDDpt-br" sourcename="Então ${keyword}">
<kw name="Run Keyword" library="BuiltIn">
<arg>${keyword}</arg>
<doc>Executes the given keyword with the given arguments.</doc>
<kw name="o resultado deve ser 15" library="Dividir">
<kw name="Wait Until Element Is Visible" library="AppiumLibrary">
<arg>${BOTAO_DIVIDIR}</arg>
<doc>Waits until element specified with `locator` is visible.</doc>
<status status="PASS" starttime="20230510 16:04:45.279" endtime="20230510 16:04:46.095"/>
</kw>
<kw name="Click Element" library="AppiumLibrary">
<arg>${BOTAO_DIVIDIR}</arg>
<doc>Click element identified by `locator`.</doc>
<msg timestamp="20230510 16:04:46.099" level="INFO">Clicking element 'id=android_button_div'.</msg>
<status status="PASS" starttime="20230510 16:04:46.095" endtime="20230510 16:04:46.837"/>
</kw>
<kw name="Wait Until Element Is Visible" library="AppiumLibrary">
<arg>${RESULTADO}</arg>
<doc>Waits until element specified with `locator` is visible.</doc>
<status status="PASS" starttime="20230510 16:04:46.837" endtime="20230510 16:04:47.860"/>
</kw>
<kw name="Element Should Contain Text" library="AppiumLibrary">
<arg>${RESULTADO}</arg>
<arg>15</arg>
<doc>Verifies element identified by ``locator`` contains text ``expected``.</doc>
<msg timestamp="20230510 16:04:47.860" level="INFO">Verifying element 'id=android_result_text' contains text '15'.</msg>
<status status="PASS" starttime="20230510 16:04:47.860" endtime="20230510 16:04:48.338"/>
</kw>
<status status="PASS" starttime="20230510 16:04:45.279" endtime="20230510 16:04:48.338"/>
</kw>
<status status="PASS" starttime="20230510 16:04:45.275" endtime="20230510 16:04:48.338"/>
</kw>
<status status="PASS" starttime="20230510 16:04:45.275" endtime="20230510 16:04:48.338"/>
</kw>
<kw name="Fechar app" library="Config" type="TEARDOWN">
<kw name="Log" library="BuiltIn">
<arg>${TEST STATUS}</arg>
<doc>Logs the given message with the given level.</doc>
<msg timestamp="20230510 16:04:48.342" level="INFO">PASS</msg>
<status status="PASS" starttime="20230510 16:04:48.338" endtime="20230510 16:04:48.342"/>
</kw>
<if>
<branch type="IF" condition="'${TEST STATUS}' == 'PASS'">
<kw name="Mark Test Status" library="Config">
<arg>passed</arg>
<arg>Resultado validado com sucesso!</arg>
<kw name="TEST STATUS" library="mark-test-status">
<arg>${status}</arg>
<arg>${reason}</arg>
<status status="PASS" starttime="20230510 16:04:48.342" endtime="20230510 16:04:48.654"/>
</kw>
<status status="PASS" starttime="20230510 16:04:48.342" endtime="20230510 16:04:48.654"/>
</kw>
<status status="PASS" starttime="20230510 16:04:48.342" endtime="20230510 16:04:48.654"/>
</branch>
<branch type="ELSE">
<kw name="Mark Test Status" library="Config">
<arg>failed</arg>
<arg>Algo deu errado!</arg>
<status status="NOT RUN" starttime="20230510 16:04:48.654" endtime="20230510 16:04:48.654"/>
</kw>
<status status="NOT RUN" starttime="20230510 16:04:48.654" endtime="20230510 16:04:48.654"/>
</branch>
<status status="PASS" starttime="20230510 16:04:48.342" endtime="20230510 16:04:48.654"/>
</if>
<kw name="Close All Applications" library="AppiumLibrary">
<doc>Closes all open applications.</doc>
<status status="PASS" starttime="20230510 16:04:48.654" endtime="20230510 16:04:49.353"/>
</kw>
<status status="PASS" starttime="20230510 16:04:48.338" endtime="20230510 16:04:49.353"/>
</kw>
<status status="PASS" starttime="20230510 16:04:17.512" endtime="20230510 16:04:49.353"/>
</test>
<test id="s1-s1-t3" name="CT-003: Dividir 150 por 15" line="19">
<kw name="Dado que estou no app" library="BDDpt-br" sourcename="Dado ${keyword}">
<kw name="Run Keyword" library="BuiltIn">
<arg>${keyword}</arg>
<doc>Executes the given keyword with the given arguments.</doc>
<kw name="que estou no app" library="Dividir">
<kw name="Abrir app" library="Config">
<kw name="Open Application" library="AppiumLibrary">
<arg>remote_url=${REMOTE_URL}</arg>
<arg>app=${APP}</arg>
<arg>device=${DEVICE}</arg>
<arg>os=${OS}</arg>
<arg>os_version=${OS_VERSION}</arg>
<arg>build=${BUILD}</arg>
<arg>name=${NAME}</arg>
<arg>project=${PROJECT}</arg>
<doc>Opens a new application to given Appium server.
Capabilities of appium server, Android and iOS,
Please check https://github.com/appium/appium/blob/master/docs/en/writing-running-appium/server-args.md
| *Option*            | *Man.* | *Description*     |
| remote_url          | Yes    | Appium server url |
| alias               | no     | alias             |</doc>
<status status="PASS" starttime="20230510 16:04:49.360" endtime="20230510 16:05:08.035"/>
</kw>
<status status="PASS" starttime="20230510 16:04:49.360" endtime="20230510 16:05:08.035"/>
</kw>
<kw name="Wait Until Element Is Visible" library="AppiumLibrary">
<arg>${BOTAO_DIVIDIR}</arg>
<doc>Waits until element specified with `locator` is visible.</doc>
<status status="PASS" starttime="20230510 16:05:08.035" endtime="20230510 16:05:08.936"/>
</kw>
<status status="PASS" starttime="20230510 16:04:49.360" endtime="20230510 16:05:08.940"/>
</kw>
<status status="PASS" starttime="20230510 16:04:49.357" endtime="20230510 16:05:08.940"/>
</kw>
<status status="PASS" starttime="20230510 16:04:49.357" endtime="20230510 16:05:08.940"/>
</kw>
<kw name="Quando digito o valor 150" library="BDDpt-br" sourcename="Quando ${keyword}">
<kw name="Run Keyword" library="BuiltIn">
<arg>${keyword}</arg>
<doc>Executes the given keyword with the given arguments.</doc>
<kw name="digito o valor 150" library="Dividir">
<kw name="Wait Until Element Is Visible" library="AppiumLibrary">
<arg>${CAMPO_PRIMEIRO_NUMERO}</arg>
<doc>Waits until element specified with `locator` is visible.</doc>
<status status="PASS" starttime="20230510 16:05:08.946" endtime="20230510 16:05:09.643"/>
</kw>
<kw name="Input Text" library="AppiumLibrary">
<arg>${CAMPO_PRIMEIRO_NUMERO}</arg>
<arg>150</arg>
<doc>Types the given `text` into text field identified by `locator`.</doc>
<msg timestamp="20230510 16:05:09.649" level="INFO">Typing text '150' into text field 'id=android_field_first_number'</msg>
<status status="PASS" starttime="20230510 16:05:09.643" endtime="20230510 16:05:10.487"/>
</kw>
<status status="PASS" starttime="20230510 16:05:08.946" endtime="20230510 16:05:10.487"/>
</kw>
<status status="PASS" starttime="20230510 16:05:08.940" endtime="20230510 16:05:10.487"/>
</kw>
<status status="PASS" starttime="20230510 16:05:08.940" endtime="20230510 16:05:10.491"/>
</kw>
<kw name="E divido por 15" library="BDDpt-br" sourcename="E ${keyword}">
<kw name="Run Keyword" library="BuiltIn">
<arg>${keyword}</arg>
<doc>Executes the given keyword with the given arguments.</doc>
<kw name="divido por 15" library="Dividir">
<kw name="Wait Until Element Is Visible" library="AppiumLibrary">
<arg>${CAMPO_SEGUNDO_NUMERO}</arg>
<doc>Waits until element specified with `locator` is visible.</doc>
<status status="PASS" starttime="20230510 16:05:10.495" endtime="20230510 16:05:11.489"/>
</kw>
<kw name="Input Text" library="AppiumLibrary">
<arg>${CAMPO_SEGUNDO_NUMERO}</arg>
<arg>15</arg>
<doc>Types the given `text` into text field identified by `locator`.</doc>
<msg timestamp="20230510 16:05:11.493" level="INFO">Typing text '15' into text field 'id=android_field_second_number'</msg>
<status status="PASS" starttime="20230510 16:05:11.489" endtime="20230510 16:05:12.285"/>
</kw>
<status status="PASS" starttime="20230510 16:05:10.491" endtime="20230510 16:05:12.285"/>
</kw>
<status status="PASS" starttime="20230510 16:05:10.491" endtime="20230510 16:05:12.285"/>
</kw>
<status status="PASS" starttime="20230510 16:05:10.491" endtime="20230510 16:05:12.285"/>
</kw>
<kw name="Então o resultado deve ser 10" library="BDDpt-br" sourcename="Então ${keyword}">
<kw name="Run Keyword" library="BuiltIn">
<arg>${keyword}</arg>
<doc>Executes the given keyword with the given arguments.</doc>
<kw name="o resultado deve ser 10" library="Dividir">
<kw name="Wait Until Element Is Visible" library="AppiumLibrary">
<arg>${BOTAO_DIVIDIR}</arg>
<doc>Waits until element specified with `locator` is visible.</doc>
<status status="PASS" starttime="20230510 16:05:12.293" endtime="20230510 16:05:13.295"/>
</kw>
<kw name="Click Element" library="AppiumLibrary">
<arg>${BOTAO_DIVIDIR}</arg>
<doc>Click element identified by `locator`.</doc>
<msg timestamp="20230510 16:05:13.299" level="INFO">Clicking element 'id=android_button_div'.</msg>
<status status="PASS" starttime="20230510 16:05:13.295" endtime="20230510 16:05:14.118"/>
</kw>
<kw name="Wait Until Element Is Visible" library="AppiumLibrary">
<arg>${RESULTADO}</arg>
<doc>Waits until element specified with `locator` is visible.</doc>
<status status="PASS" starttime="20230510 16:05:14.118" endtime="20230510 16:05:14.934"/>
</kw>
<kw name="Element Should Contain Text" library="AppiumLibrary">
<arg>${RESULTADO}</arg>
<arg>10</arg>
<doc>Verifies element identified by ``locator`` contains text ``expected``.</doc>
<msg timestamp="20230510 16:05:14.938" level="INFO">Verifying element 'id=android_result_text' contains text '10'.</msg>
<status status="PASS" starttime="20230510 16:05:14.934" endtime="20230510 16:05:15.798"/>
</kw>
<status status="PASS" starttime="20230510 16:05:12.289" endtime="20230510 16:05:15.798"/>
</kw>
<status status="PASS" starttime="20230510 16:05:12.285" endtime="20230510 16:05:15.798"/>
</kw>
<status status="PASS" starttime="20230510 16:05:12.285" endtime="20230510 16:05:15.798"/>
</kw>
<kw name="Fechar app" library="Config" type="TEARDOWN">
<kw name="Log" library="BuiltIn">
<arg>${TEST STATUS}</arg>
<doc>Logs the given message with the given level.</doc>
<msg timestamp="20230510 16:05:15.799" level="INFO">PASS</msg>
<status status="PASS" starttime="20230510 16:05:15.799" endtime="20230510 16:05:15.799"/>
</kw>
<if>
<branch type="IF" condition="'${TEST STATUS}' == 'PASS'">
<kw name="Mark Test Status" library="Config">
<arg>passed</arg>
<arg>Resultado validado com sucesso!</arg>
<kw name="TEST STATUS" library="mark-test-status">
<arg>${status}</arg>
<arg>${reason}</arg>
<status status="PASS" starttime="20230510 16:05:15.799" endtime="20230510 16:05:16.603"/>
</kw>
<status status="PASS" starttime="20230510 16:05:15.799" endtime="20230510 16:05:16.604"/>
</kw>
<status status="PASS" starttime="20230510 16:05:15.799" endtime="20230510 16:05:16.604"/>
</branch>
<branch type="ELSE">
<kw name="Mark Test Status" library="Config">
<arg>failed</arg>
<arg>Algo deu errado!</arg>
<status status="NOT RUN" starttime="20230510 16:05:16.606" endtime="20230510 16:05:16.606"/>
</kw>
<status status="NOT RUN" starttime="20230510 16:05:16.606" endtime="20230510 16:05:16.606"/>
</branch>
<status status="PASS" starttime="20230510 16:05:15.799" endtime="20230510 16:05:16.606"/>
</if>
<kw name="Close All Applications" library="AppiumLibrary">
<doc>Closes all open applications.</doc>
<status status="PASS" starttime="20230510 16:05:16.606" endtime="20230510 16:05:17.526"/>
</kw>
<status status="PASS" starttime="20230510 16:05:15.799" endtime="20230510 16:05:17.526"/>
</kw>
<status status="PASS" starttime="20230510 16:04:49.357" endtime="20230510 16:05:17.526"/>
</test>
<test id="s1-s1-t4" name="CT-004: Dividir 350 por 7" line="25">
<kw name="Dado que estou no app" library="BDDpt-br" sourcename="Dado ${keyword}">
<kw name="Run Keyword" library="BuiltIn">
<arg>${keyword}</arg>
<doc>Executes the given keyword with the given arguments.</doc>
<kw name="que estou no app" library="Dividir">
<kw name="Abrir app" library="Config">
<kw name="Open Application" library="AppiumLibrary">
<arg>remote_url=${REMOTE_URL}</arg>
<arg>app=${APP}</arg>
<arg>device=${DEVICE}</arg>
<arg>os=${OS}</arg>
<arg>os_version=${OS_VERSION}</arg>
<arg>build=${BUILD}</arg>
<arg>name=${NAME}</arg>
<arg>project=${PROJECT}</arg>
<doc>Opens a new application to given Appium server.
Capabilities of appium server, Android and iOS,
Please check https://github.com/appium/appium/blob/master/docs/en/writing-running-appium/server-args.md
| *Option*            | *Man.* | *Description*     |
| remote_url          | Yes    | Appium server url |
| alias               | no     | alias             |</doc>
<status status="PASS" starttime="20230510 16:05:17.535" endtime="20230510 16:05:38.503"/>
</kw>
<status status="PASS" starttime="20230510 16:05:17.534" endtime="20230510 16:05:38.503"/>
</kw>
<kw name="Wait Until Element Is Visible" library="AppiumLibrary">
<arg>${BOTAO_DIVIDIR}</arg>
<doc>Waits until element specified with `locator` is visible.</doc>
<status status="PASS" starttime="20230510 16:05:38.507" endtime="20230510 16:05:39.262"/>
</kw>
<status status="PASS" starttime="20230510 16:05:17.534" endtime="20230510 16:05:39.266"/>
</kw>
<status status="PASS" starttime="20230510 16:05:17.530" endtime="20230510 16:05:39.266"/>
</kw>
<status status="PASS" starttime="20230510 16:05:17.526" endtime="20230510 16:05:39.266"/>
</kw>
<kw name="Quando digito o valor 350" library="BDDpt-br" sourcename="Quando ${keyword}">
<kw name="Run Keyword" library="BuiltIn">
<arg>${keyword}</arg>
<doc>Executes the given keyword with the given arguments.</doc>
<kw name="digito o valor 350" library="Dividir">
<kw name="Wait Until Element Is Visible" library="AppiumLibrary">
<arg>${CAMPO_PRIMEIRO_NUMERO}</arg>
<doc>Waits until element specified with `locator` is visible.</doc>
<status status="PASS" starttime="20230510 16:05:39.270" endtime="20230510 16:05:39.843"/>
</kw>
<kw name="Input Text" library="AppiumLibrary">
<arg>${CAMPO_PRIMEIRO_NUMERO}</arg>
<arg>350</arg>
<doc>Types the given `text` into text field identified by `locator`.</doc>
<msg timestamp="20230510 16:05:39.843" level="INFO">Typing text '350' into text field 'id=android_field_first_number'</msg>
<status status="PASS" starttime="20230510 16:05:39.843" endtime="20230510 16:05:41.385"/>
</kw>
<status status="PASS" starttime="20230510 16:05:39.270" endtime="20230510 16:05:41.385"/>
</kw>
<status status="PASS" starttime="20230510 16:05:39.266" endtime="20230510 16:05:41.385"/>
</kw>
<status status="PASS" starttime="20230510 16:05:39.266" endtime="20230510 16:05:41.385"/>
</kw>
<kw name="E divido por 7" library="BDDpt-br" sourcename="E ${keyword}">
<kw name="Run Keyword" library="BuiltIn">
<arg>${keyword}</arg>
<doc>Executes the given keyword with the given arguments.</doc>
<kw name="divido por 7" library="Dividir">
<kw name="Wait Until Element Is Visible" library="AppiumLibrary">
<arg>${CAMPO_SEGUNDO_NUMERO}</arg>
<doc>Waits until element specified with `locator` is visible.</doc>
<status status="PASS" starttime="20230510 16:05:41.393" endtime="20230510 16:05:42.099"/>
</kw>
<kw name="Input Text" library="AppiumLibrary">
<arg>${CAMPO_SEGUNDO_NUMERO}</arg>
<arg>7</arg>
<doc>Types the given `text` into text field identified by `locator`.</doc>
<msg timestamp="20230510 16:05:42.099" level="INFO">Typing text '7' into text field 'id=android_field_second_number'</msg>
<status status="PASS" starttime="20230510 16:05:42.099" endtime="20230510 16:05:42.812"/>
</kw>
<status status="PASS" starttime="20230510 16:05:41.393" endtime="20230510 16:05:42.812"/>
</kw>
<status status="PASS" starttime="20230510 16:05:41.389" endtime="20230510 16:05:42.812"/>
</kw>
<status status="PASS" starttime="20230510 16:05:41.385" endtime="20230510 16:05:42.812"/>
</kw>
<kw name="Então o resultado deve ser 50" library="BDDpt-br" sourcename="Então ${keyword}">
<kw name="Run Keyword" library="BuiltIn">
<arg>${keyword}</arg>
<doc>Executes the given keyword with the given arguments.</doc>
<kw name="o resultado deve ser 50" library="Dividir">
<kw name="Wait Until Element Is Visible" library="AppiumLibrary">
<arg>${BOTAO_DIVIDIR}</arg>
<doc>Waits until element specified with `locator` is visible.</doc>
<status status="PASS" starttime="20230510 16:05:42.816" endtime="20230510 16:05:43.825"/>
</kw>
<kw name="Click Element" library="AppiumLibrary">
<arg>${BOTAO_DIVIDIR}</arg>
<doc>Click element identified by `locator`.</doc>
<msg timestamp="20230510 16:05:43.825" level="INFO">Clicking element 'id=android_button_div'.</msg>
<status status="PASS" starttime="20230510 16:05:43.825" endtime="20230510 16:05:44.529"/>
</kw>
<kw name="Wait Until Element Is Visible" library="AppiumLibrary">
<arg>${RESULTADO}</arg>
<doc>Waits until element specified with `locator` is visible.</doc>
<status status="PASS" starttime="20230510 16:05:44.529" endtime="20230510 16:05:45.290"/>
</kw>
<kw name="Element Should Contain Text" library="AppiumLibrary">
<arg>${RESULTADO}</arg>
<arg>50</arg>
<doc>Verifies element identified by ``locator`` contains text ``expected``.</doc>
<msg timestamp="20230510 16:05:45.294" level="INFO">Verifying element 'id=android_result_text' contains text '50'.</msg>
<status status="PASS" starttime="20230510 16:05:45.290" endtime="20230510 16:05:45.885"/>
</kw>
<status status="PASS" starttime="20230510 16:05:42.816" endtime="20230510 16:05:45.885"/>
</kw>
<status status="PASS" starttime="20230510 16:05:42.812" endtime="20230510 16:05:45.885"/>
</kw>
<status status="PASS" starttime="20230510 16:05:42.812" endtime="20230510 16:05:45.885"/>
</kw>
<kw name="Fechar app" library="Config" type="TEARDOWN">
<kw name="Log" library="BuiltIn">
<arg>${TEST STATUS}</arg>
<doc>Logs the given message with the given level.</doc>
<msg timestamp="20230510 16:05:45.889" level="INFO">PASS</msg>
<status status="PASS" starttime="20230510 16:05:45.889" endtime="20230510 16:05:45.889"/>
</kw>
<if>
<branch type="IF" condition="'${TEST STATUS}' == 'PASS'">
<kw name="Mark Test Status" library="Config">
<arg>passed</arg>
<arg>Resultado validado com sucesso!</arg>
<kw name="TEST STATUS" library="mark-test-status">
<arg>${status}</arg>
<arg>${reason}</arg>
<status status="PASS" starttime="20230510 16:05:45.889" endtime="20230510 16:05:46.572"/>
</kw>
<status status="PASS" starttime="20230510 16:05:45.889" endtime="20230510 16:05:46.572"/>
</kw>
<status status="PASS" starttime="20230510 16:05:45.889" endtime="20230510 16:05:46.572"/>
</branch>
<branch type="ELSE">
<kw name="Mark Test Status" library="Config">
<arg>failed</arg>
<arg>Algo deu errado!</arg>
<status status="NOT RUN" starttime="20230510 16:05:46.572" endtime="20230510 16:05:46.572"/>
</kw>
<status status="NOT RUN" starttime="20230510 16:05:46.572" endtime="20230510 16:05:46.572"/>
</branch>
<status status="PASS" starttime="20230510 16:05:45.889" endtime="20230510 16:05:46.572"/>
</if>
<kw name="Close All Applications" library="AppiumLibrary">
<doc>Closes all open applications.</doc>
<status status="PASS" starttime="20230510 16:05:46.572" endtime="20230510 16:05:47.366"/>
</kw>
<status status="PASS" starttime="20230510 16:05:45.889" endtime="20230510 16:05:47.366"/>
</kw>
<status status="PASS" starttime="20230510 16:05:17.526" endtime="20230510 16:05:47.366"/>
</test>
<test id="s1-s1-t5" name="CT-005: Dividir 512 por 32" line="31">
<kw name="Dado que estou no app" library="BDDpt-br" sourcename="Dado ${keyword}">
<kw name="Run Keyword" library="BuiltIn">
<arg>${keyword}</arg>
<doc>Executes the given keyword with the given arguments.</doc>
<kw name="que estou no app" library="Dividir">
<kw name="Abrir app" library="Config">
<kw name="Open Application" library="AppiumLibrary">
<arg>remote_url=${REMOTE_URL}</arg>
<arg>app=${APP}</arg>
<arg>device=${DEVICE}</arg>
<arg>os=${OS}</arg>
<arg>os_version=${OS_VERSION}</arg>
<arg>build=${BUILD}</arg>
<arg>name=${NAME}</arg>
<arg>project=${PROJECT}</arg>
<doc>Opens a new application to given Appium server.
Capabilities of appium server, Android and iOS,
Please check https://github.com/appium/appium/blob/master/docs/en/writing-running-appium/server-args.md
| *Option*            | *Man.* | *Description*     |
| remote_url          | Yes    | Appium server url |
| alias               | no     | alias             |</doc>
<status status="PASS" starttime="20230510 16:05:47.374" endtime="20230510 16:06:08.187"/>
</kw>
<status status="PASS" starttime="20230510 16:05:47.370" endtime="20230510 16:06:08.187"/>
</kw>
<kw name="Wait Until Element Is Visible" library="AppiumLibrary">
<arg>${BOTAO_DIVIDIR}</arg>
<doc>Waits until element specified with `locator` is visible.</doc>
<status status="PASS" starttime="20230510 16:06:08.187" endtime="20230510 16:06:09.007"/>
</kw>
<status status="PASS" starttime="20230510 16:05:47.370" endtime="20230510 16:06:09.007"/>
</kw>
<status status="PASS" starttime="20230510 16:05:47.366" endtime="20230510 16:06:09.007"/>
</kw>
<status status="PASS" starttime="20230510 16:05:47.366" endtime="20230510 16:06:09.007"/>
</kw>
<kw name="Quando digito o valor 512" library="BDDpt-br" sourcename="Quando ${keyword}">
<kw name="Run Keyword" library="BuiltIn">
<arg>${keyword}</arg>
<doc>Executes the given keyword with the given arguments.</doc>
<kw name="digito o valor 512" library="Dividir">
<kw name="Wait Until Element Is Visible" library="AppiumLibrary">
<arg>${CAMPO_PRIMEIRO_NUMERO}</arg>
<doc>Waits until element specified with `locator` is visible.</doc>
<status status="PASS" starttime="20230510 16:06:09.010" endtime="20230510 16:06:09.778"/>
</kw>
<kw name="Input Text" library="AppiumLibrary">
<arg>${CAMPO_PRIMEIRO_NUMERO}</arg>
<arg>512</arg>
<doc>Types the given `text` into text field identified by `locator`.</doc>
<msg timestamp="20230510 16:06:09.780" level="INFO">Typing text '512' into text field 'id=android_field_first_number'</msg>
<status status="PASS" starttime="20230510 16:06:09.778" endtime="20230510 16:06:11.098"/>
</kw>
<status status="PASS" starttime="20230510 16:06:09.010" endtime="20230510 16:06:11.099"/>
</kw>
<status status="PASS" starttime="20230510 16:06:09.008" endtime="20230510 16:06:11.099"/>
</kw>
<status status="PASS" starttime="20230510 16:06:09.008" endtime="20230510 16:06:11.099"/>
</kw>
<kw name="E divido por 32" library="BDDpt-br" sourcename="E ${keyword}">
<kw name="Run Keyword" library="BuiltIn">
<arg>${keyword}</arg>
<doc>Executes the given keyword with the given arguments.</doc>
<kw name="divido por 32" library="Dividir">
<kw name="Wait Until Element Is Visible" library="AppiumLibrary">
<arg>${CAMPO_SEGUNDO_NUMERO}</arg>
<doc>Waits until element specified with `locator` is visible.</doc>
<status status="PASS" starttime="20230510 16:06:11.102" endtime="20230510 16:06:12.078"/>
</kw>
<kw name="Input Text" library="AppiumLibrary">
<arg>${CAMPO_SEGUNDO_NUMERO}</arg>
<arg>32</arg>
<doc>Types the given `text` into text field identified by `locator`.</doc>
<msg timestamp="20230510 16:06:12.080" level="INFO">Typing text '32' into text field 'id=android_field_second_number'</msg>
<status status="PASS" starttime="20230510 16:06:12.078" endtime="20230510 16:06:13.326"/>
</kw>
<status status="PASS" starttime="20230510 16:06:11.102" endtime="20230510 16:06:13.326"/>
</kw>
<status status="PASS" starttime="20230510 16:06:11.100" endtime="20230510 16:06:13.327"/>
</kw>
<status status="PASS" starttime="20230510 16:06:11.099" endtime="20230510 16:06:13.327"/>
</kw>
<kw name="Então o resultado deve ser 16" library="BDDpt-br" sourcename="Então ${keyword}">
<kw name="Run Keyword" library="BuiltIn">
<arg>${keyword}</arg>
<doc>Executes the given keyword with the given arguments.</doc>
<kw name="o resultado deve ser 16" library="Dividir">
<kw name="Wait Until Element Is Visible" library="AppiumLibrary">
<arg>${BOTAO_DIVIDIR}</arg>
<doc>Waits until element specified with `locator` is visible.</doc>
<status status="PASS" starttime="20230510 16:06:13.330" endtime="20230510 16:06:14.224"/>
</kw>
<kw name="Click Element" library="AppiumLibrary">
<arg>${BOTAO_DIVIDIR}</arg>
<doc>Click element identified by `locator`.</doc>
<msg timestamp="20230510 16:06:14.226" level="INFO">Clicking element 'id=android_button_div'.</msg>
<status status="PASS" starttime="20230510 16:06:14.224" endtime="20230510 16:06:15.477"/>
</kw>
<kw name="Wait Until Element Is Visible" library="AppiumLibrary">
<arg>${RESULTADO}</arg>
<doc>Waits until element specified with `locator` is visible.</doc>
<status status="PASS" starttime="20230510 16:06:15.477" endtime="20230510 16:06:16.332"/>
</kw>
<kw name="Element Should Contain Text" library="AppiumLibrary">
<arg>${RESULTADO}</arg>
<arg>16</arg>
<doc>Verifies element identified by ``locator`` contains text ``expected``.</doc>
<msg timestamp="20230510 16:06:16.334" level="INFO">Verifying element 'id=android_result_text' contains text '16'.</msg>
<status status="PASS" starttime="20230510 16:06:16.332" endtime="20230510 16:06:17.223"/>
</kw>
<status status="PASS" starttime="20230510 16:06:13.330" endtime="20230510 16:06:17.223"/>
</kw>
<status status="PASS" starttime="20230510 16:06:13.327" endtime="20230510 16:06:17.223"/>
</kw>
<status status="PASS" starttime="20230510 16:06:13.327" endtime="20230510 16:06:17.223"/>
</kw>
<kw name="Fechar app" library="Config" type="TEARDOWN">
<kw name="Log" library="BuiltIn">
<arg>${TEST STATUS}</arg>
<doc>Logs the given message with the given level.</doc>
<msg timestamp="20230510 16:06:17.225" level="INFO">PASS</msg>
<status status="PASS" starttime="20230510 16:06:17.225" endtime="20230510 16:06:17.225"/>
</kw>
<if>
<branch type="IF" condition="'${TEST STATUS}' == 'PASS'">
<kw name="Mark Test Status" library="Config">
<arg>passed</arg>
<arg>Resultado validado com sucesso!</arg>
<kw name="TEST STATUS" library="mark-test-status">
<arg>${status}</arg>
<arg>${reason}</arg>
<status status="PASS" starttime="20230510 16:06:17.225" endtime="20230510 16:06:18.202"/>
</kw>
<status status="PASS" starttime="20230510 16:06:17.225" endtime="20230510 16:06:18.203"/>
</kw>
<status status="PASS" starttime="20230510 16:06:17.225" endtime="20230510 16:06:18.203"/>
</branch>
<branch type="ELSE">
<kw name="Mark Test Status" library="Config">
<arg>failed</arg>
<arg>Algo deu errado!</arg>
<status status="NOT RUN" starttime="20230510 16:06:18.203" endtime="20230510 16:06:18.203"/>
</kw>
<status status="NOT RUN" starttime="20230510 16:06:18.203" endtime="20230510 16:06:18.203"/>
</branch>
<status status="PASS" starttime="20230510 16:06:17.225" endtime="20230510 16:06:18.203"/>
</if>
<kw name="Close All Applications" library="AppiumLibrary">
<doc>Closes all open applications.</doc>
<status status="PASS" starttime="20230510 16:06:18.203" endtime="20230510 16:06:19.523"/>
</kw>
<status status="PASS" starttime="20230510 16:06:17.223" endtime="20230510 16:06:19.523"/>
</kw>
<status status="PASS" starttime="20230510 16:05:47.366" endtime="20230510 16:06:19.523"/>
</test>
<status status="PASS" starttime="20230510 16:03:44.204" endtime="20230510 16:06:19.524"/>
</suite>
<suite id="s1-s2" name="Multiplicar" source="C:\PyCharm Workspace\BrowserStack-Calculator\features\Multiplicar.robot">
<test id="s1-s2-t1" name="CT-001: Multiplicar 7 por 3" line="7">
<kw name="Dado que estou no app" library="BDDpt-br" sourcename="Dado ${keyword}">
<kw name="Run Keyword" library="BuiltIn">
<arg>${keyword}</arg>
<doc>Executes the given keyword with the given arguments.</doc>
<kw name="que estou no app" library="Multiplicar">
<kw name="Abrir app" library="Config">
<kw name="Open Application" library="AppiumLibrary">
<arg>remote_url=${REMOTE_URL}</arg>
<arg>app=${APP}</arg>
<arg>device=${DEVICE}</arg>
<arg>os=${OS}</arg>
<arg>os_version=${OS_VERSION}</arg>
<arg>build=${BUILD}</arg>
<arg>name=${NAME}</arg>
<arg>project=${PROJECT}</arg>
<doc>Opens a new application to given Appium server.
Capabilities of appium server, Android and iOS,
Please check https://github.com/appium/appium/blob/master/docs/en/writing-running-appium/server-args.md
| *Option*            | *Man.* | *Description*     |
| remote_url          | Yes    | Appium server url |
| alias               | no     | alias             |</doc>
<status status="PASS" starttime="20230510 16:03:44.698" endtime="20230510 16:04:04.960"/>
</kw>
<status status="PASS" starttime="20230510 16:03:44.698" endtime="20230510 16:04:04.960"/>
</kw>
<kw name="Wait Until Element Is Visible" library="AppiumLibrary">
<arg>${BOTAO_MULTIPLICAR}</arg>
<doc>Waits until element specified with `locator` is visible.</doc>
<status status="PASS" starttime="20230510 16:04:04.960" endtime="20230510 16:04:05.740"/>
</kw>
<status status="PASS" starttime="20230510 16:03:44.698" endtime="20230510 16:04:05.740"/>
</kw>
<status status="PASS" starttime="20230510 16:03:44.694" endtime="20230510 16:04:05.740"/>
</kw>
<status status="PASS" starttime="20230510 16:03:44.694" endtime="20230510 16:04:05.740"/>
</kw>
<kw name="Quando digito o valor 7" library="BDDpt-br" sourcename="Quando ${keyword}">
<kw name="Run Keyword" library="BuiltIn">
<arg>${keyword}</arg>
<doc>Executes the given keyword with the given arguments.</doc>
<kw name="digito o valor 7" library="Multiplicar">
<kw name="Wait Until Element Is Visible" library="AppiumLibrary">
<arg>${CAMPO_PRIMEIRO_NUMERO}</arg>
<doc>Waits until element specified with `locator` is visible.</doc>
<status status="PASS" starttime="20230510 16:04:05.744" endtime="20230510 16:04:06.502"/>
</kw>
<kw name="Input Text" library="AppiumLibrary">
<arg>${CAMPO_PRIMEIRO_NUMERO}</arg>
<arg>7</arg>
<doc>Types the given `text` into text field identified by `locator`.</doc>
<msg timestamp="20230510 16:04:06.504" level="INFO">Typing text '7' into text field 'id=android_field_first_number'</msg>
<status status="PASS" starttime="20230510 16:04:06.502" endtime="20230510 16:04:07.411"/>
</kw>
<status status="PASS" starttime="20230510 16:04:05.744" endtime="20230510 16:04:07.411"/>
</kw>
<status status="PASS" starttime="20230510 16:04:05.740" endtime="20230510 16:04:07.411"/>
</kw>
<status status="PASS" starttime="20230510 16:04:05.740" endtime="20230510 16:04:07.415"/>
</kw>
<kw name="E multiplico por 3" library="BDDpt-br" sourcename="E ${keyword}">
<kw name="Run Keyword" library="BuiltIn">
<arg>${keyword}</arg>
<doc>Executes the given keyword with the given arguments.</doc>
<kw name="multiplico por 3" library="Multiplicar">
<kw name="Wait Until Element Is Visible" library="AppiumLibrary">
<arg>${CAMPO_SEGUNDO_NUMERO}</arg>
<doc>Waits until element specified with `locator` is visible.</doc>
<status status="PASS" starttime="20230510 16:04:07.419" endtime="20230510 16:04:08.294"/>
</kw>
<kw name="Input Text" library="AppiumLibrary">
<arg>${CAMPO_SEGUNDO_NUMERO}</arg>
<arg>3</arg>
<doc>Types the given `text` into text field identified by `locator`.</doc>
<msg timestamp="20230510 16:04:08.298" level="INFO">Typing text '3' into text field 'id=android_field_second_number'</msg>
<status status="PASS" starttime="20230510 16:04:08.294" endtime="20230510 16:04:09.187"/>
</kw>
<status status="PASS" starttime="20230510 16:04:07.415" endtime="20230510 16:04:09.187"/>
</kw>
<status status="PASS" starttime="20230510 16:04:07.415" endtime="20230510 16:04:09.187"/>
</kw>
<status status="PASS" starttime="20230510 16:04:07.415" endtime="20230510 16:04:09.187"/>
</kw>
<kw name="Então o resultado deve ser 21" library="BDDpt-br" sourcename="Então ${keyword}">
<kw name="Run Keyword" library="BuiltIn">
<arg>${keyword}</arg>
<doc>Executes the given keyword with the given arguments.</doc>
<kw name="o resultado deve ser 21" library="Multiplicar">
<kw name="Wait Until Element Is Visible" library="AppiumLibrary">
<arg>${BOTAO_MULTIPLICAR}</arg>
<doc>Waits until element specified with `locator` is visible.</doc>
<status status="PASS" starttime="20230510 16:04:09.191" endtime="20230510 16:04:10.101"/>
</kw>
<kw name="Click Element" library="AppiumLibrary">
<arg>${BOTAO_MULTIPLICAR}</arg>
<doc>Click element identified by `locator`.</doc>
<msg timestamp="20230510 16:04:10.101" level="INFO">Clicking element 'id=android_button_mult'.</msg>
<status status="PASS" starttime="20230510 16:04:10.101" endtime="20230510 16:04:10.918"/>
</kw>
<kw name="Wait Until Element Is Visible" library="AppiumLibrary">
<arg>${RESULTADO}</arg>
<doc>Waits until element specified with `locator` is visible.</doc>
<status status="PASS" starttime="20230510 16:04:10.918" endtime="20230510 16:04:12.124"/>
</kw>
<kw name="Element Should Contain Text" library="AppiumLibrary">
<arg>${RESULTADO}</arg>
<arg>21</arg>
<doc>Verifies element identified by ``locator`` contains text ``expected``.</doc>
<msg timestamp="20230510 16:04:12.124" level="INFO">Verifying element 'id=android_result_text' contains text '21'.</msg>
<status status="PASS" starttime="20230510 16:04:12.124" endtime="20230510 16:04:12.942"/>
</kw>
<status status="PASS" starttime="20230510 16:04:09.191" endtime="20230510 16:04:12.942"/>
</kw>
<status status="PASS" starttime="20230510 16:04:09.187" endtime="20230510 16:04:12.942"/>
</kw>
<status status="PASS" starttime="20230510 16:04:09.187" endtime="20230510 16:04:12.942"/>
</kw>
<kw name="Fechar app" library="Config" type="TEARDOWN">
<kw name="Log" library="BuiltIn">
<arg>${TEST STATUS}</arg>
<doc>Logs the given message with the given level.</doc>
<msg timestamp="20230510 16:04:12.946" level="INFO">PASS</msg>
<status status="PASS" starttime="20230510 16:04:12.946" endtime="20230510 16:04:12.946"/>
</kw>
<if>
<branch type="IF" condition="'${TEST STATUS}' == 'PASS'">
<kw name="Mark Test Status" library="Config">
<arg>passed</arg>
<arg>Resultado validado com sucesso!</arg>
<kw name="TEST STATUS" library="mark-test-status">
<arg>${status}</arg>
<arg>${reason}</arg>
<status status="PASS" starttime="20230510 16:04:12.946" endtime="20230510 16:04:13.760"/>
</kw>
<status status="PASS" starttime="20230510 16:04:12.946" endtime="20230510 16:04:13.760"/>
</kw>
<status status="PASS" starttime="20230510 16:04:12.946" endtime="20230510 16:04:13.760"/>
</branch>
<branch type="ELSE">
<kw name="Mark Test Status" library="Config">
<arg>failed</arg>
<arg>Algo deu errado!</arg>
<status status="NOT RUN" starttime="20230510 16:04:13.760" endtime="20230510 16:04:13.760"/>
</kw>
<status status="NOT RUN" starttime="20230510 16:04:13.760" endtime="20230510 16:04:13.760"/>
</branch>
<status status="PASS" starttime="20230510 16:04:12.946" endtime="20230510 16:04:13.760"/>
</if>
<kw name="Close All Applications" library="AppiumLibrary">
<doc>Closes all open applications.</doc>
<status status="PASS" starttime="20230510 16:04:13.760" endtime="20230510 16:04:16.756"/>
</kw>
<status status="PASS" starttime="20230510 16:04:12.942" endtime="20230510 16:04:16.756"/>
</kw>
<status status="PASS" starttime="20230510 16:03:44.694" endtime="20230510 16:04:16.756"/>
</test>
<test id="s1-s2-t2" name="CT-002: Multiplicar 15 por 5" line="13">
<kw name="Dado que estou no app" library="BDDpt-br" sourcename="Dado ${keyword}">
<kw name="Run Keyword" library="BuiltIn">
<arg>${keyword}</arg>
<doc>Executes the given keyword with the given arguments.</doc>
<kw name="que estou no app" library="Multiplicar">
<kw name="Abrir app" library="Config">
<kw name="Open Application" library="AppiumLibrary">
<arg>remote_url=${REMOTE_URL}</arg>
<arg>app=${APP}</arg>
<arg>device=${DEVICE}</arg>
<arg>os=${OS}</arg>
<arg>os_version=${OS_VERSION}</arg>
<arg>build=${BUILD}</arg>
<arg>name=${NAME}</arg>
<arg>project=${PROJECT}</arg>
<doc>Opens a new application to given Appium server.
Capabilities of appium server, Android and iOS,
Please check https://github.com/appium/appium/blob/master/docs/en/writing-running-appium/server-args.md
| *Option*            | *Man.* | *Description*     |
| remote_url          | Yes    | Appium server url |
| alias               | no     | alias             |</doc>
<status status="PASS" starttime="20230510 16:04:16.760" endtime="20230510 16:04:36.524"/>
</kw>
<status status="PASS" starttime="20230510 16:04:16.760" endtime="20230510 16:04:36.524"/>
</kw>
<kw name="Wait Until Element Is Visible" library="AppiumLibrary">
<arg>${BOTAO_MULTIPLICAR}</arg>
<doc>Waits until element specified with `locator` is visible.</doc>
<status status="PASS" starttime="20230510 16:04:36.524" endtime="20230510 16:04:37.241"/>
</kw>
<status status="PASS" starttime="20230510 16:04:16.760" endtime="20230510 16:04:37.241"/>
</kw>
<status status="PASS" starttime="20230510 16:04:16.760" endtime="20230510 16:04:37.241"/>
</kw>
<status status="PASS" starttime="20230510 16:04:16.760" endtime="20230510 16:04:37.241"/>
</kw>
<kw name="Quando digito o valor 15" library="BDDpt-br" sourcename="Quando ${keyword}">
<kw name="Run Keyword" library="BuiltIn">
<arg>${keyword}</arg>
<doc>Executes the given keyword with the given arguments.</doc>
<kw name="digito o valor 15" library="Multiplicar">
<kw name="Wait Until Element Is Visible" library="AppiumLibrary">
<arg>${CAMPO_PRIMEIRO_NUMERO}</arg>
<doc>Waits until element specified with `locator` is visible.</doc>
<status status="PASS" starttime="20230510 16:04:37.245" endtime="20230510 16:04:37.741"/>
</kw>
<kw name="Input Text" library="AppiumLibrary">
<arg>${CAMPO_PRIMEIRO_NUMERO}</arg>
<arg>15</arg>
<doc>Types the given `text` into text field identified by `locator`.</doc>
<msg timestamp="20230510 16:04:37.741" level="INFO">Typing text '15' into text field 'id=android_field_first_number'</msg>
<status status="PASS" starttime="20230510 16:04:37.741" endtime="20230510 16:04:38.791"/>
</kw>
<status status="PASS" starttime="20230510 16:04:37.245" endtime="20230510 16:04:38.795"/>
</kw>
<status status="PASS" starttime="20230510 16:04:37.241" endtime="20230510 16:04:38.795"/>
</kw>
<status status="PASS" starttime="20230510 16:04:37.241" endtime="20230510 16:04:38.795"/>
</kw>
<kw name="E multiplico por 5" library="BDDpt-br" sourcename="E ${keyword}">
<kw name="Run Keyword" library="BuiltIn">
<arg>${keyword}</arg>
<doc>Executes the given keyword with the given arguments.</doc>
<kw name="multiplico por 5" library="Multiplicar">
<kw name="Wait Until Element Is Visible" library="AppiumLibrary">
<arg>${CAMPO_SEGUNDO_NUMERO}</arg>
<doc>Waits until element specified with `locator` is visible.</doc>
<status status="PASS" starttime="20230510 16:04:38.799" endtime="20230510 16:04:39.641"/>
</kw>
<kw name="Input Text" library="AppiumLibrary">
<arg>${CAMPO_SEGUNDO_NUMERO}</arg>
<arg>5</arg>
<doc>Types the given `text` into text field identified by `locator`.</doc>
<msg timestamp="20230510 16:04:39.645" level="INFO">Typing text '5' into text field 'id=android_field_second_number'</msg>
<status status="PASS" starttime="20230510 16:04:39.641" endtime="20230510 16:04:40.779"/>
</kw>
<status status="PASS" starttime="20230510 16:04:38.799" endtime="20230510 16:04:40.779"/>
</kw>
<status status="PASS" starttime="20230510 16:04:38.795" endtime="20230510 16:04:40.779"/>
</kw>
<status status="PASS" starttime="20230510 16:04:38.795" endtime="20230510 16:04:40.779"/>
</kw>
<kw name="Então o resultado deve ser 75" library="BDDpt-br" sourcename="Então ${keyword}">
<kw name="Run Keyword" library="BuiltIn">
<arg>${keyword}</arg>
<doc>Executes the given keyword with the given arguments.</doc>
<kw name="o resultado deve ser 75" library="Multiplicar">
<kw name="Wait Until Element Is Visible" library="AppiumLibrary">
<arg>${BOTAO_MULTIPLICAR}</arg>
<doc>Waits until element specified with `locator` is visible.</doc>
<status status="PASS" starttime="20230510 16:04:40.783" endtime="20230510 16:04:41.563"/>
</kw>
<kw name="Click Element" library="AppiumLibrary">
<arg>${BOTAO_MULTIPLICAR}</arg>
<doc>Click element identified by `locator`.</doc>
<msg timestamp="20230510 16:04:41.567" level="INFO">Clicking element 'id=android_button_mult'.</msg>
<status status="PASS" starttime="20230510 16:04:41.567" endtime="20230510 16:04:42.205"/>
</kw>
<kw name="Wait Until Element Is Visible" library="AppiumLibrary">
<arg>${RESULTADO}</arg>
<doc>Waits until element specified with `locator` is visible.</doc>
<status status="PASS" starttime="20230510 16:04:42.205" endtime="20230510 16:04:42.970"/>
</kw>
<kw name="Element Should Contain Text" library="AppiumLibrary">
<arg>${RESULTADO}</arg>
<arg>75</arg>
<doc>Verifies element identified by ``locator`` contains text ``expected``.</doc>
<msg timestamp="20230510 16:04:42.974" level="INFO">Verifying element 'id=android_result_text' contains text '75'.</msg>
<status status="PASS" starttime="20230510 16:04:42.970" endtime="20230510 16:04:43.927"/>
</kw>
<status status="PASS" starttime="20230510 16:04:40.783" endtime="20230510 16:04:43.927"/>
</kw>
<status status="PASS" starttime="20230510 16:04:40.779" endtime="20230510 16:04:43.927"/>
</kw>
<status status="PASS" starttime="20230510 16:04:40.779" endtime="20230510 16:04:43.927"/>
</kw>
<kw name="Fechar app" library="Config" type="TEARDOWN">
<kw name="Log" library="BuiltIn">
<arg>${TEST STATUS}</arg>
<doc>Logs the given message with the given level.</doc>
<msg timestamp="20230510 16:04:43.931" level="INFO">PASS</msg>
<status status="PASS" starttime="20230510 16:04:43.931" endtime="20230510 16:04:43.931"/>
</kw>
<if>
<branch type="IF" condition="'${TEST STATUS}' == 'PASS'">
<kw name="Mark Test Status" library="Config">
<arg>passed</arg>
<arg>Resultado validado com sucesso!</arg>
<kw name="TEST STATUS" library="mark-test-status">
<arg>${status}</arg>
<arg>${reason}</arg>
<status status="PASS" starttime="20230510 16:04:43.931" endtime="20230510 16:04:44.679"/>
</kw>
<status status="PASS" starttime="20230510 16:04:43.931" endtime="20230510 16:04:44.679"/>
</kw>
<status status="PASS" starttime="20230510 16:04:43.931" endtime="20230510 16:04:44.679"/>
</branch>
<branch type="ELSE">
<kw name="Mark Test Status" library="Config">
<arg>failed</arg>
<arg>Algo deu errado!</arg>
<status status="NOT RUN" starttime="20230510 16:04:44.679" endtime="20230510 16:04:44.679"/>
</kw>
<status status="NOT RUN" starttime="20230510 16:04:44.679" endtime="20230510 16:04:44.679"/>
</branch>
<status status="PASS" starttime="20230510 16:04:43.931" endtime="20230510 16:04:44.679"/>
</if>
<kw name="Close All Applications" library="AppiumLibrary">
<doc>Closes all open applications.</doc>
<status status="PASS" starttime="20230510 16:04:44.679" endtime="20230510 16:04:45.626"/>
</kw>
<status status="PASS" starttime="20230510 16:04:43.931" endtime="20230510 16:04:45.626"/>
</kw>
<status status="PASS" starttime="20230510 16:04:16.756" endtime="20230510 16:04:45.626"/>
</test>
<test id="s1-s2-t3" name="CT-003: Multiplicar 16 por 8" line="19">
<kw name="Dado que estou no app" library="BDDpt-br" sourcename="Dado ${keyword}">
<kw name="Run Keyword" library="BuiltIn">
<arg>${keyword}</arg>
<doc>Executes the given keyword with the given arguments.</doc>
<kw name="que estou no app" library="Multiplicar">
<kw name="Abrir app" library="Config">
<kw name="Open Application" library="AppiumLibrary">
<arg>remote_url=${REMOTE_URL}</arg>
<arg>app=${APP}</arg>
<arg>device=${DEVICE}</arg>
<arg>os=${OS}</arg>
<arg>os_version=${OS_VERSION}</arg>
<arg>build=${BUILD}</arg>
<arg>name=${NAME}</arg>
<arg>project=${PROJECT}</arg>
<doc>Opens a new application to given Appium server.
Capabilities of appium server, Android and iOS,
Please check https://github.com/appium/appium/blob/master/docs/en/writing-running-appium/server-args.md
| *Option*            | *Man.* | *Description*     |
| remote_url          | Yes    | Appium server url |
| alias               | no     | alias             |</doc>
<status status="PASS" starttime="20230510 16:04:45.634" endtime="20230510 16:05:06.188"/>
</kw>
<status status="PASS" starttime="20230510 16:04:45.634" endtime="20230510 16:05:06.192"/>
</kw>
<kw name="Wait Until Element Is Visible" library="AppiumLibrary">
<arg>${BOTAO_MULTIPLICAR}</arg>
<doc>Waits until element specified with `locator` is visible.</doc>
<status status="PASS" starttime="20230510 16:05:06.192" endtime="20230510 16:05:07.043"/>
</kw>
<status status="PASS" starttime="20230510 16:04:45.634" endtime="20230510 16:05:07.043"/>
</kw>
<status status="PASS" starttime="20230510 16:04:45.630" endtime="20230510 16:05:07.043"/>
</kw>
<status status="PASS" starttime="20230510 16:04:45.630" endtime="20230510 16:05:07.043"/>
</kw>
<kw name="Quando digito o valor 16" library="BDDpt-br" sourcename="Quando ${keyword}">
<kw name="Run Keyword" library="BuiltIn">
<arg>${keyword}</arg>
<doc>Executes the given keyword with the given arguments.</doc>
<kw name="digito o valor 16" library="Multiplicar">
<kw name="Wait Until Element Is Visible" library="AppiumLibrary">
<arg>${CAMPO_PRIMEIRO_NUMERO}</arg>
<doc>Waits until element specified with `locator` is visible.</doc>
<status status="PASS" starttime="20230510 16:05:07.051" endtime="20230510 16:05:07.766"/>
</kw>
<kw name="Input Text" library="AppiumLibrary">
<arg>${CAMPO_PRIMEIRO_NUMERO}</arg>
<arg>16</arg>
<doc>Types the given `text` into text field identified by `locator`.</doc>
<msg timestamp="20230510 16:05:07.770" level="INFO">Typing text '16' into text field 'id=android_field_first_number'</msg>
<status status="PASS" starttime="20230510 16:05:07.770" endtime="20230510 16:05:08.527"/>
</kw>
<status status="PASS" starttime="20230510 16:05:07.051" endtime="20230510 16:05:08.527"/>
</kw>
<status status="PASS" starttime="20230510 16:05:07.047" endtime="20230510 16:05:08.527"/>
</kw>
<status status="PASS" starttime="20230510 16:05:07.043" endtime="20230510 16:05:08.527"/>
</kw>
<kw name="E multiplico por 8" library="BDDpt-br" sourcename="E ${keyword}">
<kw name="Run Keyword" library="BuiltIn">
<arg>${keyword}</arg>
<doc>Executes the given keyword with the given arguments.</doc>
<kw name="multiplico por 8" library="Multiplicar">
<kw name="Wait Until Element Is Visible" library="AppiumLibrary">
<arg>${CAMPO_SEGUNDO_NUMERO}</arg>
<doc>Waits until element specified with `locator` is visible.</doc>
<status status="PASS" starttime="20230510 16:05:08.535" endtime="20230510 16:05:09.439"/>
</kw>
<kw name="Input Text" library="AppiumLibrary">
<arg>${CAMPO_SEGUNDO_NUMERO}</arg>
<arg>8</arg>
<doc>Types the given `text` into text field identified by `locator`.</doc>
<msg timestamp="20230510 16:05:09.443" level="INFO">Typing text '8' into text field 'id=android_field_second_number'</msg>
<status status="PASS" starttime="20230510 16:05:09.439" endtime="20230510 16:05:10.639"/>
</kw>
<status status="PASS" starttime="20230510 16:05:08.535" endtime="20230510 16:05:10.639"/>
</kw>
<status status="PASS" starttime="20230510 16:05:08.527" endtime="20230510 16:05:10.639"/>
</kw>
<status status="PASS" starttime="20230510 16:05:08.527" endtime="20230510 16:05:10.639"/>
</kw>
<kw name="Então o resultado deve ser 128" library="BDDpt-br" sourcename="Então ${keyword}">
<kw name="Run Keyword" library="BuiltIn">
<arg>${keyword}</arg>
<doc>Executes the given keyword with the given arguments.</doc>
<kw name="o resultado deve ser 128" library="Multiplicar">
<kw name="Wait Until Element Is Visible" library="AppiumLibrary">
<arg>${BOTAO_MULTIPLICAR}</arg>
<doc>Waits until element specified with `locator` is visible.</doc>
<status status="PASS" starttime="20230510 16:05:10.643" endtime="20230510 16:05:11.501"/>
</kw>
<kw name="Click Element" library="AppiumLibrary">
<arg>${BOTAO_MULTIPLICAR}</arg>
<doc>Click element identified by `locator`.</doc>
<msg timestamp="20230510 16:05:11.505" level="INFO">Clicking element 'id=android_button_mult'.</msg>
<status status="PASS" starttime="20230510 16:05:11.501" endtime="20230510 16:05:12.349"/>
</kw>
<kw name="Wait Until Element Is Visible" library="AppiumLibrary">
<arg>${RESULTADO}</arg>
<doc>Waits until element specified with `locator` is visible.</doc>
<status status="PASS" starttime="20230510 16:05:12.349" endtime="20230510 16:05:13.516"/>
</kw>
<kw name="Element Should Contain Text" library="AppiumLibrary">
<arg>${RESULTADO}</arg>
<arg>128</arg>
<doc>Verifies element identified by ``locator`` contains text ``expected``.</doc>
<msg timestamp="20230510 16:05:13.520" level="INFO">Verifying element 'id=android_result_text' contains text '128'.</msg>
<status status="PASS" starttime="20230510 16:05:13.516" endtime="20230510 16:05:14.295"/>
</kw>
<status status="PASS" starttime="20230510 16:05:10.643" endtime="20230510 16:05:14.295"/>
</kw>
<status status="PASS" starttime="20230510 16:05:10.639" endtime="20230510 16:05:14.295"/>
</kw>
<status status="PASS" starttime="20230510 16:05:10.639" endtime="20230510 16:05:14.295"/>
</kw>
<kw name="Fechar app" library="Config" type="TEARDOWN">
<kw name="Log" library="BuiltIn">
<arg>${TEST STATUS}</arg>
<doc>Logs the given message with the given level.</doc>
<msg timestamp="20230510 16:05:14.299" level="INFO">PASS</msg>
<status status="PASS" starttime="20230510 16:05:14.299" endtime="20230510 16:05:14.299"/>
</kw>
<if>
<branch type="IF" condition="'${TEST STATUS}' == 'PASS'">
<kw name="Mark Test Status" library="Config">
<arg>passed</arg>
<arg>Resultado validado com sucesso!</arg>
<kw name="TEST STATUS" library="mark-test-status">
<arg>${status}</arg>
<arg>${reason}</arg>
<status status="PASS" starttime="20230510 16:05:14.299" endtime="20230510 16:05:14.675"/>
</kw>
<status status="PASS" starttime="20230510 16:05:14.299" endtime="20230510 16:05:14.675"/>
</kw>
<status status="PASS" starttime="20230510 16:05:14.299" endtime="20230510 16:05:14.675"/>
</branch>
<branch type="ELSE">
<kw name="Mark Test Status" library="Config">
<arg>failed</arg>
<arg>Algo deu errado!</arg>
<status status="NOT RUN" starttime="20230510 16:05:14.675" endtime="20230510 16:05:14.675"/>
</kw>
<status status="NOT RUN" starttime="20230510 16:05:14.675" endtime="20230510 16:05:14.675"/>
</branch>
<status status="PASS" starttime="20230510 16:05:14.299" endtime="20230510 16:05:14.675"/>
</if>
<kw name="Close All Applications" library="AppiumLibrary">
<doc>Closes all open applications.</doc>
<status status="PASS" starttime="20230510 16:05:14.675" endtime="20230510 16:05:15.395"/>
</kw>
<status status="PASS" starttime="20230510 16:05:14.295" endtime="20230510 16:05:15.396"/>
</kw>
<status status="PASS" starttime="20230510 16:04:45.626" endtime="20230510 16:05:15.397"/>
</test>
<test id="s1-s2-t4" name="CT-004: Multiplicar 12 por 12" line="25">
<kw name="Dado que estou no app" library="BDDpt-br" sourcename="Dado ${keyword}">
<kw name="Run Keyword" library="BuiltIn">
<arg>${keyword}</arg>
<doc>Executes the given keyword with the given arguments.</doc>
<kw name="que estou no app" library="Multiplicar">
<kw name="Abrir app" library="Config">
<kw name="Open Application" library="AppiumLibrary">
<arg>remote_url=${REMOTE_URL}</arg>
<arg>app=${APP}</arg>
<arg>device=${DEVICE}</arg>
<arg>os=${OS}</arg>
<arg>os_version=${OS_VERSION}</arg>
<arg>build=${BUILD}</arg>
<arg>name=${NAME}</arg>
<arg>project=${PROJECT}</arg>
<doc>Opens a new application to given Appium server.
Capabilities of appium server, Android and iOS,
Please check https://github.com/appium/appium/blob/master/docs/en/writing-running-appium/server-args.md
| *Option*            | *Man.* | *Description*     |
| remote_url          | Yes    | Appium server url |
| alias               | no     | alias             |</doc>
<status status="PASS" starttime="20230510 16:05:15.401" endtime="20230510 16:05:35.402"/>
</kw>
<status status="PASS" starttime="20230510 16:05:15.401" endtime="20230510 16:05:35.407"/>
</kw>
<kw name="Wait Until Element Is Visible" library="AppiumLibrary">
<arg>${BOTAO_MULTIPLICAR}</arg>
<doc>Waits until element specified with `locator` is visible.</doc>
<status status="PASS" starttime="20230510 16:05:35.407" endtime="20230510 16:05:36.180"/>
</kw>
<status status="PASS" starttime="20230510 16:05:15.401" endtime="20230510 16:05:36.180"/>
</kw>
<status status="PASS" starttime="20230510 16:05:15.397" endtime="20230510 16:05:36.184"/>
</kw>
<status status="PASS" starttime="20230510 16:05:15.397" endtime="20230510 16:05:36.184"/>
</kw>
<kw name="Quando digito o valor 12" library="BDDpt-br" sourcename="Quando ${keyword}">
<kw name="Run Keyword" library="BuiltIn">
<arg>${keyword}</arg>
<doc>Executes the given keyword with the given arguments.</doc>
<kw name="digito o valor 12" library="Multiplicar">
<kw name="Wait Until Element Is Visible" library="AppiumLibrary">
<arg>${CAMPO_PRIMEIRO_NUMERO}</arg>
<doc>Waits until element specified with `locator` is visible.</doc>
<status status="PASS" starttime="20230510 16:05:36.188" endtime="20230510 16:05:36.649"/>
</kw>
<kw name="Input Text" library="AppiumLibrary">
<arg>${CAMPO_PRIMEIRO_NUMERO}</arg>
<arg>12</arg>
<doc>Types the given `text` into text field identified by `locator`.</doc>
<msg timestamp="20230510 16:05:36.653" level="INFO">Typing text '12' into text field 'id=android_field_first_number'</msg>
<status status="PASS" starttime="20230510 16:05:36.649" endtime="20230510 16:05:37.760"/>
</kw>
<status status="PASS" starttime="20230510 16:05:36.188" endtime="20230510 16:05:37.760"/>
</kw>
<status status="PASS" starttime="20230510 16:05:36.184" endtime="20230510 16:05:37.760"/>
</kw>
<status status="PASS" starttime="20230510 16:05:36.184" endtime="20230510 16:05:37.760"/>
</kw>
<kw name="E multiplico por 12" library="BDDpt-br" sourcename="E ${keyword}">
<kw name="Run Keyword" library="BuiltIn">
<arg>${keyword}</arg>
<doc>Executes the given keyword with the given arguments.</doc>
<kw name="multiplico por 12" library="Multiplicar">
<kw name="Wait Until Element Is Visible" library="AppiumLibrary">
<arg>${CAMPO_SEGUNDO_NUMERO}</arg>
<doc>Waits until element specified with `locator` is visible.</doc>
<status status="PASS" starttime="20230510 16:05:37.766" endtime="20230510 16:05:38.668"/>
</kw>
<kw name="Input Text" library="AppiumLibrary">
<arg>${CAMPO_SEGUNDO_NUMERO}</arg>
<arg>12</arg>
<doc>Types the given `text` into text field identified by `locator`.</doc>
<msg timestamp="20230510 16:05:38.668" level="INFO">Typing text '12' into text field 'id=android_field_second_number'</msg>
<status status="PASS" starttime="20230510 16:05:38.668" endtime="20230510 16:05:39.816"/>
</kw>
<status status="PASS" starttime="20230510 16:05:37.766" endtime="20230510 16:05:39.816"/>
</kw>
<status status="PASS" starttime="20230510 16:05:37.764" endtime="20230510 16:05:39.816"/>
</kw>
<status status="PASS" starttime="20230510 16:05:37.764" endtime="20230510 16:05:39.816"/>
</kw>
<kw name="Então o resultado deve ser 144" library="BDDpt-br" sourcename="Então ${keyword}">
<kw name="Run Keyword" library="BuiltIn">
<arg>${keyword}</arg>
<doc>Executes the given keyword with the given arguments.</doc>
<kw name="o resultado deve ser 144" library="Multiplicar">
<kw name="Wait Until Element Is Visible" library="AppiumLibrary">
<arg>${BOTAO_MULTIPLICAR}</arg>
<doc>Waits until element specified with `locator` is visible.</doc>
<status status="PASS" starttime="20230510 16:05:39.820" endtime="20230510 16:05:40.584"/>
</kw>
<kw name="Click Element" library="AppiumLibrary">
<arg>${BOTAO_MULTIPLICAR}</arg>
<doc>Click element identified by `locator`.</doc>
<msg timestamp="20230510 16:05:40.584" level="INFO">Clicking element 'id=android_button_mult'.</msg>
<status status="PASS" starttime="20230510 16:05:40.584" endtime="20230510 16:05:41.161"/>
</kw>
<kw name="Wait Until Element Is Visible" library="AppiumLibrary">
<arg>${RESULTADO}</arg>
<doc>Waits until element specified with `locator` is visible.</doc>
<status status="PASS" starttime="20230510 16:05:41.161" endtime="20230510 16:05:41.966"/>
</kw>
<kw name="Element Should Contain Text" library="AppiumLibrary">
<arg>${RESULTADO}</arg>
<arg>144</arg>
<doc>Verifies element identified by ``locator`` contains text ``expected``.</doc>
<msg timestamp="20230510 16:05:41.970" level="INFO">Verifying element 'id=android_result_text' contains text '144'.</msg>
<status status="PASS" starttime="20230510 16:05:41.966" endtime="20230510 16:05:42.435"/>
</kw>
<status status="PASS" starttime="20230510 16:05:39.820" endtime="20230510 16:05:42.439"/>
</kw>
<status status="PASS" starttime="20230510 16:05:39.816" endtime="20230510 16:05:42.439"/>
</kw>
<status status="PASS" starttime="20230510 16:05:39.816" endtime="20230510 16:05:42.439"/>
</kw>
<kw name="Fechar app" library="Config" type="TEARDOWN">
<kw name="Log" library="BuiltIn">
<arg>${TEST STATUS}</arg>
<doc>Logs the given message with the given level.</doc>
<msg timestamp="20230510 16:05:42.439" level="INFO">PASS</msg>
<status status="PASS" starttime="20230510 16:05:42.439" endtime="20230510 16:05:42.439"/>
</kw>
<if>
<branch type="IF" condition="'${TEST STATUS}' == 'PASS'">
<kw name="Mark Test Status" library="Config">
<arg>passed</arg>
<arg>Resultado validado com sucesso!</arg>
<kw name="TEST STATUS" library="mark-test-status">
<arg>${status}</arg>
<arg>${reason}</arg>
<status status="PASS" starttime="20230510 16:05:42.439" endtime="20230510 16:05:43.123"/>
</kw>
<status status="PASS" starttime="20230510 16:05:42.439" endtime="20230510 16:05:43.123"/>
</kw>
<status status="PASS" starttime="20230510 16:05:42.439" endtime="20230510 16:05:43.123"/>
</branch>
<branch type="ELSE">
<kw name="Mark Test Status" library="Config">
<arg>failed</arg>
<arg>Algo deu errado!</arg>
<status status="NOT RUN" starttime="20230510 16:05:43.123" endtime="20230510 16:05:43.123"/>
</kw>
<status status="NOT RUN" starttime="20230510 16:05:43.123" endtime="20230510 16:05:43.123"/>
</branch>
<status status="PASS" starttime="20230510 16:05:42.439" endtime="20230510 16:05:43.123"/>
</if>
<kw name="Close All Applications" library="AppiumLibrary">
<doc>Closes all open applications.</doc>
<status status="PASS" starttime="20230510 16:05:43.123" endtime="20230510 16:05:43.884"/>
</kw>
<status status="PASS" starttime="20230510 16:05:42.439" endtime="20230510 16:05:43.884"/>
</kw>
<status status="PASS" starttime="20230510 16:05:15.397" endtime="20230510 16:05:43.884"/>
</test>
<test id="s1-s2-t5" name="CT-005: Multiplicar 125 por 4" line="31">
<kw name="Dado que estou no app" library="BDDpt-br" sourcename="Dado ${keyword}">
<kw name="Run Keyword" library="BuiltIn">
<arg>${keyword}</arg>
<doc>Executes the given keyword with the given arguments.</doc>
<kw name="que estou no app" library="Multiplicar">
<kw name="Abrir app" library="Config">
<kw name="Open Application" library="AppiumLibrary">
<arg>remote_url=${REMOTE_URL}</arg>
<arg>app=${APP}</arg>
<arg>device=${DEVICE}</arg>
<arg>os=${OS}</arg>
<arg>os_version=${OS_VERSION}</arg>
<arg>build=${BUILD}</arg>
<arg>name=${NAME}</arg>
<arg>project=${PROJECT}</arg>
<doc>Opens a new application to given Appium server.
Capabilities of appium server, Android and iOS,
Please check https://github.com/appium/appium/blob/master/docs/en/writing-running-appium/server-args.md
| *Option*            | *Man.* | *Description*     |
| remote_url          | Yes    | Appium server url |
| alias               | no     | alias             |</doc>
<status status="PASS" starttime="20230510 16:05:43.893" endtime="20230510 16:06:06.058"/>
</kw>
<status status="PASS" starttime="20230510 16:05:43.893" endtime="20230510 16:06:06.058"/>
</kw>
<kw name="Wait Until Element Is Visible" library="AppiumLibrary">
<arg>${BOTAO_MULTIPLICAR}</arg>
<doc>Waits until element specified with `locator` is visible.</doc>
<status status="PASS" starttime="20230510 16:06:06.059" endtime="20230510 16:06:06.762"/>
</kw>
<status status="PASS" starttime="20230510 16:05:43.893" endtime="20230510 16:06:06.762"/>
</kw>
<status status="PASS" starttime="20230510 16:05:43.884" endtime="20230510 16:06:06.762"/>
</kw>
<status status="PASS" starttime="20230510 16:05:43.884" endtime="20230510 16:06:06.763"/>
</kw>
<kw name="Quando digito o valor 125" library="BDDpt-br" sourcename="Quando ${keyword}">
<kw name="Run Keyword" library="BuiltIn">
<arg>${keyword}</arg>
<doc>Executes the given keyword with the given arguments.</doc>
<kw name="digito o valor 125" library="Multiplicar">
<kw name="Wait Until Element Is Visible" library="AppiumLibrary">
<arg>${CAMPO_PRIMEIRO_NUMERO}</arg>
<doc>Waits until element specified with `locator` is visible.</doc>
<status status="PASS" starttime="20230510 16:06:06.767" endtime="20230510 16:06:07.269"/>
</kw>
<kw name="Input Text" library="AppiumLibrary">
<arg>${CAMPO_PRIMEIRO_NUMERO}</arg>
<arg>125</arg>
<doc>Types the given `text` into text field identified by `locator`.</doc>
<msg timestamp="20230510 16:06:07.271" level="INFO">Typing text '125' into text field 'id=android_field_first_number'</msg>
<status status="PASS" starttime="20230510 16:06:07.269" endtime="20230510 16:06:08.478"/>
</kw>
<status status="PASS" starttime="20230510 16:06:06.767" endtime="20230510 16:06:08.478"/>
</kw>
<status status="PASS" starttime="20230510 16:06:06.763" endtime="20230510 16:06:08.478"/>
</kw>
<status status="PASS" starttime="20230510 16:06:06.763" endtime="20230510 16:06:08.478"/>
</kw>
<kw name="E multiplico por 4" library="BDDpt-br" sourcename="E ${keyword}">
<kw name="Run Keyword" library="BuiltIn">
<arg>${keyword}</arg>
<doc>Executes the given keyword with the given arguments.</doc>
<kw name="multiplico por 4" library="Multiplicar">
<kw name="Wait Until Element Is Visible" library="AppiumLibrary">
<arg>${CAMPO_SEGUNDO_NUMERO}</arg>
<doc>Waits until element specified with `locator` is visible.</doc>
<status status="PASS" starttime="20230510 16:06:08.483" endtime="20230510 16:06:09.345"/>
</kw>
<kw name="Input Text" library="AppiumLibrary">
<arg>${CAMPO_SEGUNDO_NUMERO}</arg>
<arg>4</arg>
<doc>Types the given `text` into text field identified by `locator`.</doc>
<msg timestamp="20230510 16:06:09.348" level="INFO">Typing text '4' into text field 'id=android_field_second_number'</msg>
<status status="PASS" starttime="20230510 16:06:09.345" endtime="20230510 16:06:10.468"/>
</kw>
<status status="PASS" starttime="20230510 16:06:08.482" endtime="20230510 16:06:10.468"/>
</kw>
<status status="PASS" starttime="20230510 16:06:08.479" endtime="20230510 16:06:10.468"/>
</kw>
<status status="PASS" starttime="20230510 16:06:08.478" endtime="20230510 16:06:10.468"/>
</kw>
<kw name="Então o resultado deve ser 500" library="BDDpt-br" sourcename="Então ${keyword}">
<kw name="Run Keyword" library="BuiltIn">
<arg>${keyword}</arg>
<doc>Executes the given keyword with the given arguments.</doc>
<kw name="o resultado deve ser 500" library="Multiplicar">
<kw name="Wait Until Element Is Visible" library="AppiumLibrary">
<arg>${BOTAO_MULTIPLICAR}</arg>
<doc>Waits until element specified with `locator` is visible.</doc>
<status status="PASS" starttime="20230510 16:06:10.471" endtime="20230510 16:06:11.668"/>
</kw>
<kw name="Click Element" library="AppiumLibrary">
<arg>${BOTAO_MULTIPLICAR}</arg>
<doc>Click element identified by `locator`.</doc>
<msg timestamp="20230510 16:06:11.669" level="INFO">Clicking element 'id=android_button_mult'.</msg>
<status status="PASS" starttime="20230510 16:06:11.668" endtime="20230510 16:06:12.327"/>
</kw>
<kw name="Wait Until Element Is Visible" library="AppiumLibrary">
<arg>${RESULTADO}</arg>
<doc>Waits until element specified with `locator` is visible.</doc>
<status status="PASS" starttime="20230510 16:06:12.327" endtime="20230510 16:06:12.978"/>
</kw>
<kw name="Element Should Contain Text" library="AppiumLibrary">
<arg>${RESULTADO}</arg>
<arg>500</arg>
<doc>Verifies element identified by ``locator`` contains text ``expected``.</doc>
<msg timestamp="20230510 16:06:12.980" level="INFO">Verifying element 'id=android_result_text' contains text '500'.</msg>
<status status="PASS" starttime="20230510 16:06:12.978" endtime="20230510 16:06:13.428"/>
</kw>
<status status="PASS" starttime="20230510 16:06:10.471" endtime="20230510 16:06:13.428"/>
</kw>
<status status="PASS" starttime="20230510 16:06:10.469" endtime="20230510 16:06:13.429"/>
</kw>
<status status="PASS" starttime="20230510 16:06:10.469" endtime="20230510 16:06:13.429"/>
</kw>
<kw name="Fechar app" library="Config" type="TEARDOWN">
<kw name="Log" library="BuiltIn">
<arg>${TEST STATUS}</arg>
<doc>Logs the given message with the given level.</doc>
<msg timestamp="20230510 16:06:13.430" level="INFO">PASS</msg>
<status status="PASS" starttime="20230510 16:06:13.429" endtime="20230510 16:06:13.430"/>
</kw>
<if>
<branch type="IF" condition="'${TEST STATUS}' == 'PASS'">
<kw name="Mark Test Status" library="Config">
<arg>passed</arg>
<arg>Resultado validado com sucesso!</arg>
<kw name="TEST STATUS" library="mark-test-status">
<arg>${status}</arg>
<arg>${reason}</arg>
<status status="PASS" starttime="20230510 16:06:13.431" endtime="20230510 16:06:14.116"/>
</kw>
<status status="PASS" starttime="20230510 16:06:13.430" endtime="20230510 16:06:14.117"/>
</kw>
<status status="PASS" starttime="20230510 16:06:13.430" endtime="20230510 16:06:14.117"/>
</branch>
<branch type="ELSE">
<kw name="Mark Test Status" library="Config">
<arg>failed</arg>
<arg>Algo deu errado!</arg>
<status status="NOT RUN" starttime="20230510 16:06:14.117" endtime="20230510 16:06:14.117"/>
</kw>
<status status="NOT RUN" starttime="20230510 16:06:14.117" endtime="20230510 16:06:14.117"/>
</branch>
<status status="PASS" starttime="20230510 16:06:13.430" endtime="20230510 16:06:14.118"/>
</if>
<kw name="Close All Applications" library="AppiumLibrary">
<doc>Closes all open applications.</doc>
<status status="PASS" starttime="20230510 16:06:14.118" endtime="20230510 16:06:14.956"/>
</kw>
<status status="PASS" starttime="20230510 16:06:13.429" endtime="20230510 16:06:14.957"/>
</kw>
<status status="PASS" starttime="20230510 16:05:43.884" endtime="20230510 16:06:14.957"/>
</test>
<status status="PASS" starttime="20230510 16:03:44.228" endtime="20230510 16:06:14.958"/>
</suite>
<suite id="s1-s3" name="Somar" source="C:\PyCharm Workspace\BrowserStack-Calculator\features\Somar.robot">
<test id="s1-s3-t1" name="CT-001: Somar 15 com 25" line="7">
<kw name="Dado que estou no app" library="BDDpt-br" sourcename="Dado ${keyword}">
<kw name="Run Keyword" library="BuiltIn">
<arg>${keyword}</arg>
<doc>Executes the given keyword with the given arguments.</doc>
<kw name="que estou no app" library="Somar">
<kw name="Abrir app" library="Config">
<kw name="Open Application" library="AppiumLibrary">
<arg>remote_url=${REMOTE_URL}</arg>
<arg>app=${APP}</arg>
<arg>device=${DEVICE}</arg>
<arg>os=${OS}</arg>
<arg>os_version=${OS_VERSION}</arg>
<arg>build=${BUILD}</arg>
<arg>name=${NAME}</arg>
<arg>project=${PROJECT}</arg>
<doc>Opens a new application to given Appium server.
Capabilities of appium server, Android and iOS,
Please check https://github.com/appium/appium/blob/master/docs/en/writing-running-appium/server-args.md
| *Option*            | *Man.* | *Description*     |
| remote_url          | Yes    | Appium server url |
| alias               | no     | alias             |</doc>
<status status="PASS" starttime="20230510 16:03:44.657" endtime="20230510 16:04:05.516"/>
</kw>
<status status="PASS" starttime="20230510 16:03:44.657" endtime="20230510 16:04:05.516"/>
</kw>
<kw name="Wait Until Element Is Visible" library="AppiumLibrary">
<arg>${BOTAO_SOMAR}</arg>
<doc>Waits until element specified with `locator` is visible.</doc>
<status status="PASS" starttime="20230510 16:04:05.516" endtime="20230510 16:04:06.304"/>
</kw>
<status status="PASS" starttime="20230510 16:03:44.657" endtime="20230510 16:04:06.304"/>
</kw>
<status status="PASS" starttime="20230510 16:03:44.653" endtime="20230510 16:04:06.304"/>
</kw>
<status status="PASS" starttime="20230510 16:03:44.653" endtime="20230510 16:04:06.304"/>
</kw>
<kw name="Quando digito o valor 15" library="BDDpt-br" sourcename="Quando ${keyword}">
<kw name="Run Keyword" library="BuiltIn">
<arg>${keyword}</arg>
<doc>Executes the given keyword with the given arguments.</doc>
<kw name="digito o valor 15" library="Somar">
<kw name="Wait Until Element Is Visible" library="AppiumLibrary">
<arg>${CAMPO_PRIMEIRO_NUMERO}</arg>
<doc>Waits until element specified with `locator` is visible.</doc>
<status status="PASS" starttime="20230510 16:04:06.308" endtime="20230510 16:04:07.152"/>
</kw>
<kw name="Input Text" library="AppiumLibrary">
<arg>${CAMPO_PRIMEIRO_NUMERO}</arg>
<arg>15</arg>
<doc>Types the given `text` into text field identified by `locator`.</doc>
<msg timestamp="20230510 16:04:07.156" level="INFO">Typing text '15' into text field 'id=android_field_first_number'</msg>
<status status="PASS" starttime="20230510 16:04:07.152" endtime="20230510 16:04:07.983"/>
</kw>
<status status="PASS" starttime="20230510 16:04:06.308" endtime="20230510 16:04:07.983"/>
</kw>
[...]
<status status="PASS" starttime="20230510 16:05:28.468" endtime="20230510 16:05:29.958"/>
</kw>
<status status="PASS" starttime="20230510 16:05:27.388" endtime="20230510 16:05:29.958"/>
</kw>
<status status="PASS" starttime="20230510 16:05:27.384" endtime="20230510 16:05:29.958"/>
</kw>
<status status="PASS" starttime="20230510 16:05:27.384" endtime="20230510 16:05:29.962"/>
</kw>
<kw name="Então o resultado deve ser 70" library="BDDpt-br" sourcename="Então ${keyword}">
<kw name="Run Keyword" library="BuiltIn">
<arg>${keyword}</arg>
<doc>Executes the given keyword with the given arguments.</doc>
<kw name="o resultado deve ser 70" library="Subtrair">
<kw name="Wait Until Element Is Visible" library="AppiumLibrary">
<arg>${BOTAO_SUBTRAIR}</arg>
<doc>Waits until element specified with `locator` is visible.</doc>
<status status="PASS" starttime="20230510 16:05:29.966" endtime="20230510 16:05:30.846"/>
</kw>
<kw name="Click Element" library="AppiumLibrary">
<arg>${BOTAO_SUBTRAIR}</arg>
<doc>Click element identified by `locator`.</doc>
<msg timestamp="20230510 16:05:30.850" level="INFO">Clicking element 'id=android_button_sub'.</msg>
<status status="PASS" starttime="20230510 16:05:30.846" endtime="20230510 16:05:31.861"/>
</kw>
<kw name="Wait Until Element Is Visible" library="AppiumLibrary">
<arg>${RESULTADO}</arg>
<doc>Waits until element specified with `locator` is visible.</doc>
<status status="PASS" starttime="20230510 16:05:31.861" endtime="20230510 16:05:32.686"/>
</kw>
<kw name="Element Should Contain Text" library="AppiumLibrary">
<arg>${RESULTADO}</arg>
<arg>70</arg>
<doc>Verifies element identified by ``locator`` contains text ``expected``.</doc>
<msg timestamp="20230510 16:05:32.686" level="INFO">Verifying element 'id=android_result_text' contains text '70'.</msg>
<status status="PASS" starttime="20230510 16:05:32.686" endtime="20230510 16:05:33.418"/>
</kw>
<status status="PASS" starttime="20230510 16:05:29.966" endtime="20230510 16:05:33.418"/>
</kw>
<status status="PASS" starttime="20230510 16:05:29.962" endtime="20230510 16:05:33.418"/>
</kw>
<status status="PASS" starttime="20230510 16:05:29.962" endtime="20230510 16:05:33.418"/>
</kw>
<kw name="Fechar app" library="Config" type="TEARDOWN">
<kw name="Log" library="BuiltIn">
<arg>${TEST STATUS}</arg>
<doc>Logs the given message with the given level.</doc>
<msg timestamp="20230510 16:05:33.418" level="INFO">PASS</msg>
<status status="PASS" starttime="20230510 16:05:33.418" endtime="20230510 16:05:33.418"/>
</kw>
<if>
<branch type="IF" condition="'${TEST STATUS}' == 'PASS'">
<kw name="Mark Test Status" library="Config">
<arg>passed</arg>
<arg>Resultado validado com sucesso!</arg>
<kw name="TEST STATUS" library="mark-test-status">
<arg>${status}</arg>
<arg>${reason}</arg>
<status status="PASS" starttime="20230510 16:05:33.418" endtime="20230510 16:05:34.218"/>
</kw>
<status status="PASS" starttime="20230510 16:05:33.418" endtime="20230510 16:05:34.218"/>
</kw>
<status status="PASS" starttime="20230510 16:05:33.418" endtime="20230510 16:05:34.218"/>
</branch>
<branch type="ELSE">
<kw name="Mark Test Status" library="Config">
<arg>failed</arg>
<arg>Algo deu errado!</arg>
<status status="NOT RUN" starttime="20230510 16:05:34.222" endtime="20230510 16:05:34.222"/>
</kw>
<status status="NOT RUN" starttime="20230510 16:05:34.218" endtime="20230510 16:05:34.222"/>
</branch>
<status status="PASS" starttime="20230510 16:05:33.418" endtime="20230510 16:05:34.222"/>
</if>
<kw name="Close All Applications" library="AppiumLibrary">
<doc>Closes all open applications.</doc>
<status status="PASS" starttime="20230510 16:05:34.222" endtime="20230510 16:05:35.088"/>
</kw>
<status status="PASS" starttime="20230510 16:05:33.418" endtime="20230510 16:05:35.088"/>
</kw>
<status status="PASS" starttime="20230510 16:05:02.054" endtime="20230510 16:05:35.088"/>
</test>
<test id="s1-s4-t4" name="CT-004: Subtrair 32 de 58" line="25">
<kw name="Dado que estou no app" library="BDDpt-br" sourcename="Dado ${keyword}">
<kw name="Run Keyword" library="BuiltIn">
<arg>${keyword}</arg>
<doc>Executes the given keyword with the given arguments.</doc>
<kw name="que estou no app" library="Subtrair">
<kw name="Abrir app" library="Config">
<kw name="Open Application" library="AppiumLibrary">
<arg>remote_url=${REMOTE_URL}</arg>
<arg>app=${APP}</arg>
<arg>device=${DEVICE}</arg>
<arg>os=${OS}</arg>
<arg>os_version=${OS_VERSION}</arg>
<arg>build=${BUILD}</arg>
<arg>name=${NAME}</arg>
<arg>project=${PROJECT}</arg>
<doc>Opens a new application to given Appium server.
Capabilities of appium server, Android and iOS,
Please check https://github.com/appium/appium/blob/master/docs/en/writing-running-appium/server-args.md
| *Option*            | *Man.* | *Description*     |
| remote_url          | Yes    | Appium server url |
| alias               | no     | alias             |</doc>
<status status="PASS" starttime="20230510 16:05:35.096" endtime="20230510 16:05:55.756"/>
</kw>
<status status="PASS" starttime="20230510 16:05:35.096" endtime="20230510 16:05:55.756"/>
</kw>
<kw name="Wait Until Element Is Visible" library="AppiumLibrary">
<arg>${BOTAO_SUBTRAIR}</arg>
<doc>Waits until element specified with `locator` is visible.</doc>
<status status="PASS" starttime="20230510 16:05:55.756" endtime="20230510 16:05:56.529"/>
</kw>
<status status="PASS" starttime="20230510 16:05:35.096" endtime="20230510 16:05:56.529"/>
</kw>
<status status="PASS" starttime="20230510 16:05:35.092" endtime="20230510 16:05:56.529"/>
</kw>
<status status="PASS" starttime="20230510 16:05:35.088" endtime="20230510 16:05:56.529"/>
</kw>
<kw name="Quando digito o valor 58" library="BDDpt-br" sourcename="Quando ${keyword}">
<kw name="Run Keyword" library="BuiltIn">
<arg>${keyword}</arg>
<doc>Executes the given keyword with the given arguments.</doc>
<kw name="digito o valor 58" library="Subtrair">
<kw name="Wait Until Element Is Visible" library="AppiumLibrary">
<arg>${CAMPO_PRIMEIRO_NUMERO}</arg>
<doc>Waits until element specified with `locator` is visible.</doc>
<status status="PASS" starttime="20230510 16:05:56.537" endtime="20230510 16:05:57.111"/>
</kw>
<kw name="Input Text" library="AppiumLibrary">
<arg>${CAMPO_PRIMEIRO_NUMERO}</arg>
<arg>58</arg>
<doc>Types the given `text` into text field identified by `locator`.</doc>
<msg timestamp="20230510 16:05:57.114" level="INFO">Typing text '58' into text field 'id=android_field_first_number'</msg>
<status status="PASS" starttime="20230510 16:05:57.111" endtime="20230510 16:05:57.802"/>
</kw>
<status status="PASS" starttime="20230510 16:05:56.537" endtime="20230510 16:05:57.802"/>
</kw>
<status status="PASS" starttime="20230510 16:05:56.533" endtime="20230510 16:05:57.802"/>
</kw>
<status status="PASS" starttime="20230510 16:05:56.529" endtime="20230510 16:05:57.803"/>
</kw>
<kw name="E subtraio 32" library="BDDpt-br" sourcename="E ${keyword}">
<kw name="Run Keyword" library="BuiltIn">
<arg>${keyword}</arg>
<doc>Executes the given keyword with the given arguments.</doc>
<kw name="subtraio 32" library="Subtrair">
<kw name="Wait Until Element Is Visible" library="AppiumLibrary">
<arg>${CAMPO_SEGUNDO_NUMERO}</arg>
<doc>Waits until element specified with `locator` is visible.</doc>
<status status="PASS" starttime="20230510 16:05:57.810" endtime="20230510 16:05:58.653"/>
</kw>
<kw name="Input Text" library="AppiumLibrary">
<arg>${CAMPO_SEGUNDO_NUMERO}</arg>
<arg>32</arg>
<doc>Types the given `text` into text field identified by `locator`.</doc>
<msg timestamp="20230510 16:05:58.655" level="INFO">Typing text '32' into text field 'id=android_field_second_number'</msg>
<status status="PASS" starttime="20230510 16:05:58.653" endtime="20230510 16:05:59.887"/>
</kw>
<status status="PASS" starttime="20230510 16:05:57.809" endtime="20230510 16:05:59.888"/>
</kw>
<status status="PASS" starttime="20230510 16:05:57.804" endtime="20230510 16:05:59.888"/>
</kw>
<status status="PASS" starttime="20230510 16:05:57.803" endtime="20230510 16:05:59.888"/>
</kw>
<kw name="Então o resultado deve ser 26" library="BDDpt-br" sourcename="Então ${keyword}">
<kw name="Run Keyword" library="BuiltIn">
<arg>${keyword}</arg>
<doc>Executes the given keyword with the given arguments.</doc>
<kw name="o resultado deve ser 26" library="Subtrair">
<kw name="Wait Until Element Is Visible" library="AppiumLibrary">
<arg>${BOTAO_SUBTRAIR}</arg>
<doc>Waits until element specified with `locator` is visible.</doc>
<status status="PASS" starttime="20230510 16:05:59.892" endtime="20230510 16:06:00.702"/>
</kw>
<kw name="Click Element" library="AppiumLibrary">
<arg>${BOTAO_SUBTRAIR}</arg>
<doc>Click element identified by `locator`.</doc>
<msg timestamp="20230510 16:06:00.705" level="INFO">Clicking element 'id=android_button_sub'.</msg>
<status status="PASS" starttime="20230510 16:06:00.703" endtime="20230510 16:06:01.359"/>
</kw>
<kw name="Wait Until Element Is Visible" library="AppiumLibrary">
<arg>${RESULTADO}</arg>
<doc>Waits until element specified with `locator` is visible.</doc>
<status status="PASS" starttime="20230510 16:06:01.359" endtime="20230510 16:06:02.712"/>
</kw>
<kw name="Element Should Contain Text" library="AppiumLibrary">
<arg>${RESULTADO}</arg>
<arg>26</arg>
<doc>Verifies element identified by ``locator`` contains text ``expected``.</doc>
<msg timestamp="20230510 16:06:02.714" level="INFO">Verifying element 'id=android_result_text' contains text '26'.</msg>
<status status="PASS" starttime="20230510 16:06:02.712" endtime="20230510 16:06:03.447"/>
</kw>
<status status="PASS" starttime="20230510 16:05:59.892" endtime="20230510 16:06:03.447"/>
</kw>
<status status="PASS" starttime="20230510 16:05:59.889" endtime="20230510 16:06:03.448"/>
</kw>
<status status="PASS" starttime="20230510 16:05:59.888" endtime="20230510 16:06:03.448"/>
</kw>
<kw name="Fechar app" library="Config" type="TEARDOWN">
<kw name="Log" library="BuiltIn">
<arg>${TEST STATUS}</arg>
<doc>Logs the given message with the given level.</doc>
<msg timestamp="20230510 16:06:03.450" level="INFO">PASS</msg>
<status status="PASS" starttime="20230510 16:06:03.449" endtime="20230510 16:06:03.450"/>
</kw>
<if>
<branch type="IF" condition="'${TEST STATUS}' == 'PASS'">
<kw name="Mark Test Status" library="Config">
<arg>passed</arg>
<arg>Resultado validado com sucesso!</arg>
<kw name="TEST STATUS" library="mark-test-status">
<arg>${status}</arg>
<arg>${reason}</arg>
<status status="PASS" starttime="20230510 16:06:03.451" endtime="20230510 16:06:04.233"/>
</kw>
<status status="PASS" starttime="20230510 16:06:03.450" endtime="20230510 16:06:04.234"/>
</kw>
<status status="PASS" starttime="20230510 16:06:03.450" endtime="20230510 16:06:04.234"/>
</branch>
<branch type="ELSE">
<kw name="Mark Test Status" library="Config">
<arg>failed</arg>
<arg>Algo deu errado!</arg>
<status status="NOT RUN" starttime="20230510 16:06:04.234" endtime="20230510 16:06:04.234"/>
</kw>
<status status="NOT RUN" starttime="20230510 16:06:04.234" endtime="20230510 16:06:04.234"/>
</branch>
<status status="PASS" starttime="20230510 16:06:03.450" endtime="20230510 16:06:04.235"/>
</if>
<kw name="Close All Applications" library="AppiumLibrary">
<doc>Closes all open applications.</doc>
<status status="PASS" starttime="20230510 16:06:04.235" endtime="20230510 16:06:04.990"/>
</kw>
<status status="PASS" starttime="20230510 16:06:03.448" endtime="20230510 16:06:04.990"/>
</kw>
<status status="PASS" starttime="20230510 16:05:35.088" endtime="20230510 16:06:04.990"/>
</test>
<test id="s1-s4-t5" name="CT-005: Subtrair 56 de 94" line="31">
<kw name="Dado que estou no app" library="BDDpt-br" sourcename="Dado ${keyword}">
<kw name="Run Keyword" library="BuiltIn">
<arg>${keyword}</arg>
<doc>Executes the given keyword with the given arguments.</doc>
<kw name="que estou no app" library="Subtrair">
<kw name="Abrir app" library="Config">
<kw name="Open Application" library="AppiumLibrary">
<arg>remote_url=${REMOTE_URL}</arg>
<arg>app=${APP}</arg>
<arg>device=${DEVICE}</arg>
<arg>os=${OS}</arg>
<arg>os_version=${OS_VERSION}</arg>
<arg>build=${BUILD}</arg>
<arg>name=${NAME}</arg>
<arg>project=${PROJECT}</arg>
<doc>Opens a new application to given Appium server.
Capabilities of appium server, Android and iOS,
Please check https://github.com/appium/appium/blob/master/docs/en/writing-running-appium/server-args.md
| *Option*            | *Man.* | *Description*     |
| remote_url          | Yes    | Appium server url |
| alias               | no     | alias             |</doc>
<status status="PASS" starttime="20230510 16:06:04.994" endtime="20230510 16:06:25.204"/>
</kw>
<status status="PASS" starttime="20230510 16:06:04.994" endtime="20230510 16:06:25.205"/>
</kw>
<kw name="Wait Until Element Is Visible" library="AppiumLibrary">
<arg>${BOTAO_SUBTRAIR}</arg>
<doc>Waits until element specified with `locator` is visible.</doc>
<status status="PASS" starttime="20230510 16:06:25.205" endtime="20230510 16:06:26.040"/>
</kw>
<status status="PASS" starttime="20230510 16:06:04.994" endtime="20230510 16:06:26.040"/>
</kw>
<status status="PASS" starttime="20230510 16:06:04.992" endtime="20230510 16:06:26.040"/>
</kw>
<status status="PASS" starttime="20230510 16:06:04.991" endtime="20230510 16:06:26.040"/>
</kw>
<kw name="Quando digito o valor 94" library="BDDpt-br" sourcename="Quando ${keyword}">
<kw name="Run Keyword" library="BuiltIn">
<arg>${keyword}</arg>
<doc>Executes the given keyword with the given arguments.</doc>
<kw name="digito o valor 94" library="Subtrair">
<kw name="Wait Until Element Is Visible" library="AppiumLibrary">
<arg>${CAMPO_PRIMEIRO_NUMERO}</arg>
<doc>Waits until element specified with `locator` is visible.</doc>
<status status="PASS" starttime="20230510 16:06:26.044" endtime="20230510 16:06:26.740"/>
</kw>
<kw name="Input Text" library="AppiumLibrary">
<arg>${CAMPO_PRIMEIRO_NUMERO}</arg>
<arg>94</arg>
<doc>Types the given `text` into text field identified by `locator`.</doc>
<msg timestamp="20230510 16:06:26.740" level="INFO">Typing text '94' into text field 'id=android_field_first_number'</msg>
<status status="PASS" starttime="20230510 16:06:26.740" endtime="20230510 16:06:27.555"/>
</kw>
<status status="PASS" starttime="20230510 16:06:26.044" endtime="20230510 16:06:27.555"/>
</kw>
<status status="PASS" starttime="20230510 16:06:26.044" endtime="20230510 16:06:27.555"/>
</kw>
<status status="PASS" starttime="20230510 16:06:26.040" endtime="20230510 16:06:27.555"/>
</kw>
<kw name="E subtraio 56" library="BDDpt-br" sourcename="E ${keyword}">
<kw name="Run Keyword" library="BuiltIn">
<arg>${keyword}</arg>
<doc>Executes the given keyword with the given arguments.</doc>
<kw name="subtraio 56" library="Subtrair">
<kw name="Wait Until Element Is Visible" library="AppiumLibrary">
<arg>${CAMPO_SEGUNDO_NUMERO}</arg>
<doc>Waits until element specified with `locator` is visible.</doc>
<status status="PASS" starttime="20230510 16:06:27.559" endtime="20230510 16:06:28.549"/>
</kw>
<kw name="Input Text" library="AppiumLibrary">
<arg>${CAMPO_SEGUNDO_NUMERO}</arg>
<arg>56</arg>
<doc>Types the given `text` into text field identified by `locator`.</doc>
<msg timestamp="20230510 16:06:28.553" level="INFO">Typing text '56' into text field 'id=android_field_second_number'</msg>
<status status="PASS" starttime="20230510 16:06:28.549" endtime="20230510 16:06:29.442"/>
</kw>
<status status="PASS" starttime="20230510 16:06:27.559" endtime="20230510 16:06:29.442"/>
</kw>
<status status="PASS" starttime="20230510 16:06:27.555" endtime="20230510 16:06:29.442"/>
</kw>
<status status="PASS" starttime="20230510 16:06:27.555" endtime="20230510 16:06:29.442"/>
</kw>
<kw name="Então o resultado deve ser 38" library="BDDpt-br" sourcename="Então ${keyword}">
<kw name="Run Keyword" library="BuiltIn">
<arg>${keyword}</arg>
<doc>Executes the given keyword with the given arguments.</doc>
<kw name="o resultado deve ser 38" library="Subtrair">
<kw name="Wait Until Element Is Visible" library="AppiumLibrary">
<arg>${BOTAO_SUBTRAIR}</arg>
<doc>Waits until element specified with `locator` is visible.</doc>
<status status="PASS" starttime="20230510 16:06:29.442" endtime="20230510 16:06:30.321"/>
</kw>
<kw name="Click Element" library="AppiumLibrary">
<arg>${BOTAO_SUBTRAIR}</arg>
<doc>Click element identified by `locator`.</doc>
<msg timestamp="20230510 16:06:30.325" level="INFO">Clicking element 'id=android_button_sub'.</msg>
<status status="PASS" starttime="20230510 16:06:30.321" endtime="20230510 16:06:31.202"/>
</kw>
<kw name="Wait Until Element Is Visible" library="AppiumLibrary">
<arg>${RESULTADO}</arg>
<doc>Waits until element specified with `locator` is visible.</doc>
<status status="PASS" starttime="20230510 16:06:31.202" endtime="20230510 16:06:32.318"/>
</kw>
<kw name="Element Should Contain Text" library="AppiumLibrary">
<arg>${RESULTADO}</arg>
<arg>38</arg>
<doc>Verifies element identified by ``locator`` contains text ``expected``.</doc>
<msg timestamp="20230510 16:06:32.320" level="INFO">Verifying element 'id=android_result_text' contains text '38'.</msg>
<status status="PASS" starttime="20230510 16:06:32.318" endtime="20230510 16:06:33.057"/>
</kw>
<status status="PASS" starttime="20230510 16:06:29.442" endtime="20230510 16:06:33.057"/>
</kw>
<status status="PASS" starttime="20230510 16:06:29.442" endtime="20230510 16:06:33.057"/>
</kw>
<status status="PASS" starttime="20230510 16:06:29.442" endtime="20230510 16:06:33.057"/>
</kw>
<kw name="Fechar app" library="Config" type="TEARDOWN">
<kw name="Log" library="BuiltIn">
<arg>${TEST STATUS}</arg>
<doc>Logs the given message with the given level.</doc>
<msg timestamp="20230510 16:06:33.059" level="INFO">PASS</msg>
<status status="PASS" starttime="20230510 16:06:33.058" endtime="20230510 16:06:33.059"/>
</kw>
<if>
<branch type="IF" condition="'${TEST STATUS}' == 'PASS'">
<kw name="Mark Test Status" library="Config">
<arg>passed</arg>
<arg>Resultado validado com sucesso!</arg>
<kw name="TEST STATUS" library="mark-test-status">
<arg>${status}</arg>
<arg>${reason}</arg>
<status status="PASS" starttime="20230510 16:06:33.060" endtime="20230510 16:06:33.442"/>
</kw>
<status status="PASS" starttime="20230510 16:06:33.059" endtime="20230510 16:06:33.442"/>
</kw>
<status status="PASS" starttime="20230510 16:06:33.059" endtime="20230510 16:06:33.442"/>
</branch>
<branch type="ELSE">
<kw name="Mark Test Status" library="Config">
<arg>failed</arg>
<arg>Algo deu errado!</arg>
<status status="NOT RUN" starttime="20230510 16:06:33.443" endtime="20230510 16:06:33.443"/>
</kw>
<status status="NOT RUN" starttime="20230510 16:06:33.442" endtime="20230510 16:06:33.443"/>
</branch>
<status status="PASS" starttime="20230510 16:06:33.059" endtime="20230510 16:06:33.443"/>
</if>
<kw name="Close All Applications" library="AppiumLibrary">
<doc>Closes all open applications.</doc>
<status status="PASS" starttime="20230510 16:06:33.443" endtime="20230510 16:06:34.156"/>
</kw>
<status status="PASS" starttime="20230510 16:06:33.058" endtime="20230510 16:06:34.156"/>
</kw>
<status status="PASS" starttime="20230510 16:06:04.991" endtime="20230510 16:06:34.156"/>
</test>
<status status="PASS" starttime="20230510 16:03:44.060" endtime="20230510 16:06:34.157"/>
</suite>
<doc>[https://pabot.org/?ref=log|Pabot] result from 4 executions.</doc>
<status status="PASS" starttime="20230510 16:03:44.036" endtime="20230510 16:06:34.158"/>
</suite>
<statistics>
<total>
<stat pass="20" fail="0" skip="0">All Tests</stat>
</total>
<tag>
</tag>
<suite>
<stat pass="20" fail="0" skip="0" id="s1" name="Suites">Suites</stat>
<stat pass="5" fail="0" skip="0" id="s1-s1" name="Dividir">Suites.Dividir</stat>
<stat pass="5" fail="0" skip="0" id="s1-s2" name="Multiplicar">Suites.Multiplicar</stat>
<stat pass="5" fail="0" skip="0" id="s1-s3" name="Somar">Suites.Somar</stat>
<stat pass="5" fail="0" skip="0" id="s1-s4" name="Subtrair">Suites.Subtrair</stat>
</suite>
</statistics>
<errors>
</errors>
</robot>
