<?xml version="1.0" encoding="UTF-8"?>
<robot generator="Robot 6.0.2 (Python 3.11.0 on win32)" generated="20230510 16:03:44.156" rpa="false" schemaversion="3">
<suite id="s1" name="Suites">
<suite id="s1-s1" name="Dividir" source="C:\PyCharm Workspace\BrowserStack-Calculator\features\Dividir.robot">
<test id="s1-s1-t1" name="CT-001: Dividir 100 por 5" line="7">
<kw name="Dado que estou no app" library="BDDpt-br" sourcename="Dado ${keyword}">
<kw name="Run Keyword" library="BuiltIn">
<arg>${keyword}</arg>
<doc>Executes the given keyword with the given arguments.</doc>
<kw name="que estou no app" library="Dividir">
<kw name="Abrir app" library="Config">
<kw name="Open Application" library="AppiumLibrary">
<arg>remote_url=${REMOTE_URL}</arg>
<arg>app=${APP}</arg>
<arg>device=${DEVICE}</arg>
<arg>os=${OS}</arg>
<arg>os_version=${OS_VERSION}</arg>
<arg>build=${BUILD}</arg>
<arg>name=${NAME}</arg>
<arg>project=${PROJECT}</arg>
<doc>Opens a new application to given Appium server.
Capabilities of appium server, Android and iOS,
Please check https://github.com/appium/appium/blob/master/docs/en/writing-running-appium/server-args.md
| *Option*            | *Man.* | *Description*     |
| remote_url          | Yes    | Appium server url |
| alias               | no     | alias             |</doc>
<status status="PASS" starttime="20230510 16:03:44.673" endtime="20230510 16:04:06.637"/>
</kw>
<status status="PASS" starttime="20230510 16:03:44.669" endtime="20230510 16:04:06.637"/>
</kw>
<kw name="Wait Until Element Is Visible" library="AppiumLibrary">
<arg>${BOTAO_DIVIDIR}</arg>
<doc>Waits until element specified with `locator` is visible.</doc>
<status status="PASS" starttime="20230510 16:04:06.637" endtime="20230510 16:04:07.403"/>
</kw>
<status status="PASS" starttime="20230510 16:03:44.669" endtime="20230510 16:04:07.403"/>
</kw>
<status status="PASS" starttime="20230510 16:03:44.669" endtime="20230510 16:04:07.403"/>
</kw>
<status status="PASS" starttime="20230510 16:03:44.665" endtime="20230510 16:04:07.403"/>
</kw>
<kw name="Quando digito o valor 100" library="BDDpt-br" sourcename="Quando ${keyword}">
<kw name="Run Keyword" library="BuiltIn">
<arg>${keyword}</arg>
<doc>Executes the given keyword with the given arguments.</doc>
<kw name="digito o valor 100" library="Dividir">
<kw name="Wait Until Element Is Visible" library="AppiumLibrary">
<arg>${CAMPO_PRIMEIRO_NUMERO}</arg>
<doc>Waits until element specified with `locator` is visible.</doc>
<status status="PASS" starttime="20230510 16:04:07.407" endtime="20230510 16:04:08.159"/>
</kw>
<kw name="Input Text" library="AppiumLibrary">
<arg>${CAMPO_PRIMEIRO_NUMERO}</arg>
<arg>100</arg>
<doc>Types the given `text` into text field identified by `locator`.</doc>
<msg timestamp="20230510 16:04:08.159" level="INFO">Typing text '100' into text field 'id=android_field_first_number'</msg>
<status status="PASS" starttime="20230510 16:04:08.159" endtime="20230510 16:04:09.715"/>
</kw>
<status status="PASS" starttime="20230510 16:04:07.407" endtime="20230510 16:04:09.715"/>
</kw>
<status status="PASS" starttime="20230510 16:04:07.403" endtime="20230510 16:04:09.715"/>
</kw>
<status status="PASS" starttime="20230510 16:04:07.403" endtime="20230510 16:04:09.715"/>
</kw>
<kw name="E divido por 5" library="BDDpt-br" sourcename="E ${keyword}">
<kw name="Run Keyword" library="BuiltIn">
<arg>${keyword}</arg>
<doc>Executes the given keyword with the given arguments.</doc>
<kw name="divido por 5" library="Dividir">
<kw name="Wait Until Element Is Visible" library="AppiumLibrary">
<arg>${CAMPO_SEGUNDO_NUMERO}</arg>
<doc>Waits until element specified with `locator` is visible.</doc>
<status status="PASS" starttime="20230510 16:04:09.719" endtime="20230510 16:04:10.705"/>
</kw>
<kw name="Input Text" library="AppiumLibrary">
<arg>${CAMPO_SEGUNDO_NUMERO}</arg>
<arg>5</arg>
<doc>Types the given `text` into text field identified by `locator`.</doc>
<msg timestamp="20230510 16:04:10.709" level="INFO">Typing text '5' into text field 'id=android_field_second_number'</msg>
<status status="PASS" starttime="20230510 16:04:10.705" endtime="20230510 16:04:12.134"/>
</kw>
<status status="PASS" starttime="20230510 16:04:09.719" endtime="20230510 16:04:12.134"/>
</kw>
<status status="PASS" starttime="20230510 16:04:09.715" endtime="20230510 16:04:12.134"/>
</kw>
<status status="PASS" starttime="20230510 16:04:09.715" endtime="20230510 16:04:12.134"/>
</kw>
<kw name="Então o resultado deve ser 20" library="BDDpt-br" sourcename="Então ${keyword}">
<kw name="Run Keyword" library="BuiltIn">
<arg>${keyword}</arg>
<doc>Executes the given keyword with the given arguments.</doc>
<kw name="o resultado deve ser 20" library="Dividir">
<kw name="Wait Until Element Is Visible" library="AppiumLibrary">
<arg>${BOTAO_DIVIDIR}</arg>
<doc>Waits until element specified with `locator` is visible.</doc>
<status status="PASS" starttime="20230510 16:04:12.138" endtime="20230510 16:04:13.176"/>
</kw>
<kw name="Click Element" library="AppiumLibrary">
<arg>${BOTAO_DIVIDIR}</arg>
<doc>Click element identified by `locator`.</doc>
<msg timestamp="20230510 16:04:13.176" level="INFO">Clicking element 'id=android_button_div'.</msg>
<status status="PASS" starttime="20230510 16:04:13.176" endtime="20230510 16:04:14.090"/>
</kw>
<kw name="Wait Until Element Is Visible" library="AppiumLibrary">
<arg>${RESULTADO}</arg>
<doc>Waits until element specified with `locator` is visible.</doc>
<status status="PASS" starttime="20230510 16:04:14.090" endtime="20230510 16:04:15.053"/>
</kw>
<kw name="Element Should Contain Text" library="AppiumLibrary">
<arg>${RESULTADO}</arg>
<arg>20</arg>
<doc>Verifies element identified by ``locator`` contains text ``expected``.</doc>
<msg timestamp="20230510 16:04:15.053" level="INFO">Verifying element 'id=android_result_text' contains text '20'.</msg>
<status status="PASS" starttime="20230510 16:04:15.053" endtime="20230510 16:04:15.893"/>
</kw>
<status status="PASS" starttime="20230510 16:04:12.138" endtime="20230510 16:04:15.893"/>
</kw>
<status status="PASS" starttime="20230510 16:04:12.134" endtime="20230510 16:04:15.893"/>
</kw>
<status status="PASS" starttime="20230510 16:04:12.134" endtime="20230510 16:04:15.893"/>
</kw>
<kw name="Fechar app" library="Config" type="TEARDOWN">
<kw name="Log" library="BuiltIn">
<arg>${TEST STATUS}</arg>
<doc>Logs the given message with the given level.</doc>
<msg timestamp="20230510 16:04:15.893" level="INFO">PASS</msg>
<status status="PASS" starttime="20230510 16:04:15.893" endtime="20230510 16:04:15.897"/>
</kw>
<if>
<branch type="IF" condition="'${TEST STATUS}' == 'PASS'">
<kw name="Mark Test Status" library="Config">
<arg>passed</arg>
<arg>Resultado validado com sucesso!</arg>
<kw name="TEST STATUS" library="mark-test-status">
<arg>${status}</arg>
<arg>${reason}</arg>
<status status="PASS" starttime="20230510 16:04:15.897" endtime="20230510 16:04:16.229"/>
</kw>
<status status="PASS" starttime="20230510 16:04:15.897" endtime="20230510 16:04:16.229"/>
</kw>
<status status="PASS" starttime="20230510 16:04:15.897" endtime="20230510 16:04:16.229"/>
</branch>
<branch type="ELSE">
<kw name="Mark Test Status" library="Config">
<arg>failed</arg>
<arg>Algo deu errado!</arg>
<status status="NOT RUN" starttime="20230510 16:04:16.229" endtime="20230510 16:04:16.229"/>
</kw>
<status status="NOT RUN" starttime="20230510 16:04:16.229" endtime="20230510 16:04:16.229"/>
</branch>
<status status="PASS" starttime="20230510 16:04:15.897" endtime="20230510 16:04:16.229"/>
</if>
<kw name="Close All Applications" library="AppiumLibrary">
<doc>Closes all open applications.</doc>
<status status="PASS" starttime="20230510 16:04:16.229" endtime="20230510 16:04:17.512"/>
</kw>
<status status="PASS" starttime="20230510 16:04:15.893" endtime="20230510 16:04:17.512"/>
</kw>
<status status="PASS" starttime="20230510 16:03:44.665" endtime="20230510 16:04:17.512"/>
</test>
<test id="s1-s1-t2" name="CT-002: Dividir 30 por 2" line="13">
<kw name="Dado que estou no app" library="BDDpt-br" sourcename="Dado ${keyword}">
<kw name="Run Keyword" library="BuiltIn">
<arg>${keyword}</arg>
<doc>Executes the given keyword with the given arguments.</doc>
<kw name="que estou no app" library="Dividir">
<kw name="Abrir app" library="Config">
<kw name="Open Application" library="AppiumLibrary">
<arg>remote_url=${REMOTE_URL}</arg>
<arg>app=${APP}</arg>
<arg>device=${DEVICE}</arg>
<arg>os=${OS}</arg>
<arg>os_version=${OS_VERSION}</arg>
<arg>build=${BUILD}</arg>
<arg>name=${NAME}</arg>
<arg>project=${PROJECT}</arg>
<doc>Opens a new application to given Appium server.
Capabilities of appium server, Android and iOS,
Please check https://github.com/appium/appium/blob/master/docs/en/writing-running-appium/server-args.md
| *Option*            | *Man.* | *Description*     |
| remote_url          | Yes    | Appium server url |
| alias               | no     | alias             |</doc>
<status status="PASS" starttime="20230510 16:04:17.519" endtime="20230510 16:04:40.419"/>
</kw>
<status status="PASS" starttime="20230510 16:04:17.519" endtime="20230510 16:04:40.419"/>
</kw>
<kw name="Wait Until Element Is Visible" library="AppiumLibrary">
<arg>${BOTAO_DIVIDIR}</arg>
<doc>Waits until element specified with `locator` is visible.</doc>
<status status="PASS" starttime="20230510 16:04:40.419" endtime="20230510 16:04:41.249"/>
</kw>
<status status="PASS" starttime="20230510 16:04:17.515" endtime="20230510 16:04:41.249"/>
</kw>
<status status="PASS" starttime="20230510 16:04:17.515" endtime="20230510 16:04:41.249"/>
</kw>
<status status="PASS" starttime="20230510 16:04:17.515" endtime="20230510 16:04:41.249"/>
</kw>
<kw name="Quando digito o valor 30" library="BDDpt-br" sourcename="Quando ${keyword}">
<kw name="Run Keyword" library="BuiltIn">
<arg>${keyword}</arg>
<doc>Executes the given keyword with the given arguments.</doc>
<kw name="digito o valor 30" library="Dividir">
<kw name="Wait Until Element Is Visible" library="AppiumLibrary">
<arg>${CAMPO_PRIMEIRO_NUMERO}</arg>
<doc>Waits until element specified with `locator` is visible.</doc>
<status status="PASS" starttime="20230510 16:04:41.253" endtime="20230510 16:04:41.737"/>
</kw>
<kw name="Input Text" library="AppiumLibrary">
<arg>${CAMPO_PRIMEIRO_NUMERO}</arg>
<arg>30</arg>
<doc>Types the given `text` into text field identified by `locator`.</doc>
<msg timestamp="20230510 16:04:41.741" level="INFO">Typing text '30' into text field 'id=android_field_first_number'</msg>
<status status="PASS" starttime="20230510 16:04:41.737" endtime="20230510 16:04:42.974"/>
</kw>
<status status="PASS" starttime="20230510 16:04:41.253" endtime="20230510 16:04:42.978"/>
</kw>
<status status="PASS" starttime="20230510 16:04:41.249" endtime="20230510 16:04:42.978"/>
</kw>
<status status="PASS" starttime="20230510 16:04:41.249" endtime="20230510 16:04:42.978"/>
</kw>
<kw name="E divido por 2" library="BDDpt-br" sourcename="E ${keyword}">
<kw name="Run Keyword" library="BuiltIn">
<arg>${keyword}</arg>
<doc>Executes the given keyword with the given arguments.</doc>
<kw name="divido por 2" library="Dividir">
<kw name="Wait Until Element Is Visible" library="AppiumLibrary">
<arg>${CAMPO_SEGUNDO_NUMERO}</arg>
<doc>Waits until element specified with `locator` is visible.</doc>
<status status="PASS" starttime="20230510 16:04:42.982" endtime="20230510 16:04:43.751"/>
</kw>
<kw name="Input Text" library="AppiumLibrary">
<arg>${CAMPO_SEGUNDO_NUMERO}</arg>
<arg>2</arg>
<doc>Types the given `text` into text field identified by `locator`.</doc>
<msg timestamp="20230510 16:04:43.755" level="INFO">Typing text '2' into text field 'id=android_field_second_number'</msg>
<status status="PASS" starttime="20230510 16:04:43.751" endtime="20230510 16:04:45.275"/>
</kw>
<status status="PASS" starttime="20230510 16:04:42.982" endtime="20230510 16:04:45.275"/>
</kw>
<status status="PASS" starttime="20230510 16:04:42.978" endtime="20230510 16:04:45.275"/>
</kw>
<status status="PASS" starttime="20230510 16:04:42.978" endtime="20230510 16:04:45.275"/>
</kw>
<kw name="Então o resultado deve ser 15" library="BDDpt-br" sourcename="Então ${keyword}">
<kw name="Run Keyword" library="BuiltIn">
<arg>${keyword}</arg>
<doc>Executes the given keyword with the given arguments.</doc>
<kw name="o resultado deve ser 15" library="Dividir">
<kw name="Wait Until Element Is Visible" library="AppiumLibrary">
<arg>${BOTAO_DIVIDIR}</arg>
<doc>Waits until element specified with `locator` is visible.</doc>
<status status="PASS" starttime="20230510 16:04:45.279" endtime="20230510 16:04:46.095"/>
</kw>
<kw name="Click Element" library="AppiumLibrary">
<arg>${BOTAO_DIVIDIR}</arg>
<doc>Click element identified by `locator`.</doc>
<msg timestamp="20230510 16:04:46.099" level="INFO">Clicking element 'id=android_button_div'.</msg>
<status status="PASS" starttime="20230510 16:04:46.095" endtime="20230510 16:04:46.837"/>
</kw>
<kw name="Wait Until Element Is Visible" library="AppiumLibrary">
<arg>${RESULTADO}</arg>
<doc>Waits until element specified with `locator` is visible.</doc>
<status status="PASS" starttime="20230510 16:04:46.837" endtime="20230510 16:04:47.860"/>
</kw>
<kw name="Element Should Contain Text" library="AppiumLibrary">
<arg>${RESULTADO}</arg>
<arg>15</arg>
<doc>Verifies element identified by ``locator`` contains text ``expected``.</doc>
<msg timestamp="20230510 16:04:47.860" level="INFO">Verifying element 'id=android_result_text' contains text '15'.</msg>
<status status="PASS" starttime="20230510 16:04:47.860" endtime="20230510 16:04:48.338"/>
</kw>
<status status="PASS" starttime="20230510 16:04:45.279" endtime="20230510 16:04:48.338"/>
</kw>
<status status="PASS" starttime="20230510 16:04:45.275" endtime="20230510 16:04:48.338"/>
</kw>
<status status="PASS" starttime="20230510 16:04:45.275" endtime="20230510 16:04:48.338"/>
</kw>
<kw name="Fechar app" library="Config" type="TEARDOWN">
<kw name="Log" library="BuiltIn">
<arg>${TEST STATUS}</arg>
<doc>Logs the given message with the given level.</doc>
<msg timestamp="20230510 16:04:48.342" level="INFO">PASS</msg>
<status status="PASS" starttime="20230510 16:04:48.338" endtime="20230510 16:04:48.342"/>
</kw>
<if>
<branch type="IF" condition="'${TEST STATUS}' == 'PASS'">
<kw name="Mark Test Status" library="Config">
<arg>passed</arg>
<arg>Resultado validado com sucesso!</arg>
<kw name="TEST STATUS" library="mark-test-status">
<arg>${status}</arg>
<arg>${reason}</arg>
<status status="PASS" starttime="20230510 16:04:48.342" endtime="20230510 16:04:48.654"/>
</kw>
<status status="PASS" starttime="20230510 16:04:48.342" endtime="20230510 16:04:48.654"/>
</kw>
<status status="PASS" starttime="20230510 16:04:48.342" endtime="20230510 16:04:48.654"/>
</branch>
<branch type="ELSE">
<kw name="Mark Test Status" library="Config">
<arg>failed</arg>
<arg>Algo deu errado!</arg>
<status status="NOT RUN" starttime="20230510 16:04:48.654" endtime="20230510 16:04:48.654"/>
</kw>
<status status="NOT RUN" starttime="20230510 16:04:48.654" endtime="20230510 16:04:48.654"/>
</branch>
<status status="PASS" starttime="20230510 16:04:48.342" endtime="20230510 16:04:48.654"/>
</if>
<kw name="Close All Applications" library="AppiumLibrary">
<doc>Closes all open applications.</doc>
<status status="PASS" starttime="20230510 16:04:48.654" endtime="20230510 16:04:49.353"/>
</kw>
<status status="PASS" starttime="20230510 16:04:48.338" endtime="20230510 16:04:49.353"/>
</kw>
<status status="PASS" starttime="20230510 16:04:17.512" endtime="20230510 16:04:49.353"/>
</test>
<test id="s1-s1-t3" name="CT-003: Dividir 150 por 15" line="19">
<kw name="Dado que estou no app" library="BDDpt-br" sourcename="Dado ${keyword}">
<kw name="Run Keyword" library="BuiltIn">
<arg>${keyword}</arg>
<doc>Executes the given keyword with the given arguments.</doc>
<kw name="que estou no app" library="Dividir">
<kw name="Abrir app" library="Config">
<kw name="Open Application" library="AppiumLibrary">
<arg>remote_url=${REMOTE_URL}</arg>
<arg>app=${APP}</arg>
<arg>device=${DEVICE}</arg>
<arg>os=${OS}</arg>
<arg>os_version=${OS_VERSION}</arg>
<arg>build=${BUILD}</arg>
<arg>name=${NAME}</arg>
<arg>project=${PROJECT}</arg>
<doc>Opens a new application to given Appium server.
Capabilities of appium server, Android and iOS,
Please check https://github.com/appium/appium/blob/master/docs/en/writing-running-appium/server-args.md
| *Option*            | *Man.* | *Description*     |
| remote_url          | Yes    | Appium server url |
| alias               | no     | alias             |</doc>
<status status="PASS" starttime="20230510 16:04:49.360" endtime="20230510 16:05:08.035"/>
</kw>
<status status="PASS" starttime="20230510 16:04:49.360" endtime="20230510 16:05:08.035"/>
</kw>
<kw name="Wait Until Element Is Visible" library="AppiumLibrary">
<arg>${BOTAO_DIVIDIR}</arg>
<doc>Waits until element specified with `locator` is visible.</doc>
<status status="PASS" starttime="20230510 16:05:08.035" endtime="20230510 16:05:08.936"/>
</kw>
<status status="PASS" starttime="20230510 16:04:49.360" endtime="20230510 16:05:08.940"/>
</kw>
<status status="PASS" starttime="20230510 16:04:49.357" endtime="20230510 16:05:08.940"/>
</kw>
<status status="PASS" starttime="20230510 16:04:49.357" endtime="20230510 16:05:08.940"/>
</kw>
<kw name="Quando digito o valor 150" library="BDDpt-br" sourcename="Quando ${keyword}">
<kw name="Run Keyword" library="BuiltIn">
<arg>${keyword}</arg>
<doc>Executes the given keyword with the given arguments.</doc>
<kw name="digito o valor 150" library="Dividir">
<kw name="Wait Until Element Is Visible" library="AppiumLibrary">
<arg>${CAMPO_PRIMEIRO_NUMERO}</arg>
<doc>Waits until element specified with `locator` is visible.</doc>
<status status="PASS" starttime="20230510 16:05:08.946" endtime="20230510 16:05:09.643"/>
</kw>
<kw name="Input Text" library="AppiumLibrary">
<arg>${CAMPO_PRIMEIRO_NUMERO}</arg>
<arg>150</arg>
<doc>Types the given `text` into text field identified by `locator`.</doc>
<msg timestamp="20230510 16:05:09.649" level="INFO">Typing text '150' into text field 'id=android_field_first_number'</msg>
<status status="PASS" starttime="20230510 16:05:09.643" endtime="20230510 16:05:10.487"/>
</kw>
<status status="PASS" starttime="20230510 16:05:08.946" endtime="20230510 16:05:10.487"/>
</kw>
<status status="PASS" starttime="20230510 16:05:08.940" endtime="20230510 16:05:10.487"/>
</kw>
<status status="PASS" starttime="20230510 16:05:08.940" endtime="20230510 16:05:10.491"/>
</kw>
<kw name="E divido por 15" library="BDDpt-br" sourcename="E ${keyword}">
<kw name="Run Keyword" library="BuiltIn">
<arg>${keyword}</arg>
<doc>Executes the given keyword with the given arguments.</doc>
<kw name="divido por 15" library="Dividir">
<kw name="Wait Until Element Is Visible" library="AppiumLibrary">
<arg>${CAMPO_SEGUNDO_NUMERO}</arg>
<doc>Waits until element specified with `locator` is visible.</doc>
<status status="PASS" starttime="20230510 16:05:10.495" endtime="20230510 16:05:11.489"/>
</kw>
<kw name="Input Text" library="AppiumLibrary">
<arg>${CAMPO_SEGUNDO_NUMERO}</arg>
<arg>15</arg>
<doc>Types the given `text` into text field identified by `locator`.</doc>
<msg timestamp="20230510 16:05:11.493" level="INFO">Typing text '15' into text field 'id=android_field_second_number'</msg>
<status status="PASS" starttime="20230510 16:05:11.489" endtime="20230510 16:05:12.285"/>
</kw>
<status status="PASS" starttime="20230510 16:05:10.491" endtime="20230510 16:05:12.285"/>
</kw>
<status status="PASS" starttime="20230510 16:05:10.491" endtime="20230510 16:05:12.285"/>
</kw>
<status status="PASS" starttime="20230510 16:05:10.491" endtime="20230510 16:05:12.285"/>
</kw>
<kw name="Então o resultado deve ser 10" library="BDDpt-br" sourcename="Então ${keyword}">
<kw name="Run Keyword" library="BuiltIn">
<arg>${keyword}</arg>
<doc>Executes the given keyword with the given arguments.</doc>
<kw name="o resultado deve ser 10" library="Dividir">
<kw name="Wait Until Element Is Visible" library="AppiumLibrary">
<arg>${BOTAO_DIVIDIR}</arg>
<doc>Waits until element specified with `locator` is visible.</doc>
<status status="PASS" starttime="20230510 16:05:12.293" endtime="20230510 16:05:13.295"/>
</kw>
<kw name="Click Element" library="AppiumLibrary">
<arg>${BOTAO_DIVIDIR}</arg>
<doc>Click element identified by `locator`.</doc>
<msg timestamp="20230510 16:05:13.299" level="INFO">Clicking element 'id=android_button_div'.</msg>
<status status="PASS" starttime="20230510 16:05:13.295" endtime="20230510 16:05:14.118"/>
</kw>
<kw name="Wait Until Element Is Visible" library="AppiumLibrary">
<arg>${RESULTADO}</arg>
<doc>Waits until element specified with `locator` is visible.</doc>
<status status="PASS" starttime="20230510 16:05:14.118" endtime="20230510 16:05:14.934"/>
</kw>
<kw name="Element Should Contain Text" library="AppiumLibrary">
<arg>${RESULTADO}</arg>
<arg>10</arg>
<doc>Verifies element identified by ``locator`` contains text ``expected``.</doc>
<msg timestamp="20230510 16:05:14.938" level="INFO">Verifying element 'id=android_result_text' contains text '10'.</msg>
<status status="PASS" starttime="20230510 16:05:14.934" endtime="20230510 16:05:15.798"/>
</kw>
<status status="PASS" starttime="20230510 16:05:12.289" endtime="20230510 16:05:15.798"/>
</kw>
<status status="PASS" starttime="20230510 16:05:12.285" endtime="20230510 16:05:15.798"/>
</kw>
<status status="PASS" starttime="20230510 16:05:12.285" endtime="20230510 16:05:15.798"/>
</kw>
<kw name="Fechar app" library="Config" type="TEARDOWN">
<kw name="Log" library="BuiltIn">
<arg>${TEST STATUS}</arg>
<doc>Logs the given message with the given level.</doc>
<msg timestamp="20230510 16:05:15.799" level="INFO">PASS</msg>
<status status="PASS" starttime="20230510 16:05:15.799" endtime="20230510 16:05:15.799"/>
</kw>
<if>
<branch type="IF" condition="'${TEST STATUS}' == 'PASS'">
<kw name="Mark Test Status" library="Config">
<arg>passed</arg>
<arg>Resultado validado com sucesso!</arg>
<kw name="TEST STATUS" library="mark-test-status">
<arg>${status}</arg>
<arg>${reason}</arg>
<status status="PASS" starttime="20230510 16:05:15.799" endtime="20230510 16:05:16.603"/>
</kw>
<status status="PASS" starttime="20230510 16:05:15.799" endtime="20230510 16:05:16.604"/>
</kw>
<status status="PASS" starttime="20230510 16:05:15.799" endtime="20230510 16:05:16.604"/>
</branch>
<branch type="ELSE">
<kw name="Mark Test Status" library="Config">
<arg>failed</arg>
<arg>Algo deu errado!</arg>
<status status="NOT RUN" starttime="20230510 16:05:16.606" endtime="20230510 16:05:16.606"/>
</kw>
<status status="NOT RUN" starttime="20230510 16:05:16.606" endtime="20230510 16:05:16.606"/>
</branch>
<status status="PASS" starttime="20230510 16:05:15.799" endtime="20230510 16:05:16.606"/>
</if>
<kw name="Close All Applications" library="AppiumLibrary">
<doc>Closes all open applications.</doc>
<status status="PASS" starttime="20230510 16:05:16.606" endtime="20230510 16:05:17.526"/>
</kw>
<status status="PASS" starttime="20230510 16:05:15.799" endtime="20230510 16:05:17.526"/>
</kw>
<status status="PASS" starttime="20230510 16:04:49.357" endtime="20230510 16:05:17.526"/>
</test>
<test id="s1-s1-t4" name="CT-004: Dividir 350 por 7" line="25">
<kw name="Dado que estou no app" library="BDDpt-br" sourcename="Dado ${keyword}">
<kw name="Run Keyword" library="BuiltIn">
<arg>${keyword}</arg>
<doc>Executes the given keyword with the given arguments.</doc>
<kw name="que estou no app" library="Dividir">
<kw name="Abrir app" library="Config">
<kw name="Open Application" library="AppiumLibrary">
<arg>remote_url=${REMOTE_URL}</arg>
<arg>app=${APP}</arg>
<arg>device=${DEVICE}</arg>
<arg>os=${OS}</arg>
<arg>os_version=${OS_VERSION}</arg>
<arg>build=${BUILD}</arg>
<arg>name=${NAME}</arg>
<arg>project=${PROJECT}</arg>
<doc>Opens a new application to given Appium server.
Capabilities of appium server, Android and iOS,
Please check https://github.com/appium/appium/blob/master/docs/en/writing-running-appium/server-args.md
| *Option*            | *Man.* | *Description*     |
| remote_url          | Yes    | Appium server url |
| alias               | no     | alias             |</doc>
<status status="PASS" starttime="20230510 16:05:17.535" endtime="20230510 16:05:38.503"/>
</kw>
<status status="PASS" starttime="20230510 16:05:17.534" endtime="20230510 16:05:38.503"/>
</kw>
<kw name="Wait Until Element Is Visible" library="AppiumLibrary">
<arg>${BOTAO_DIVIDIR}</arg>
<doc>Waits until element specified with `locator` is visible.</doc>
<status status="PASS" starttime="20230510 16:05:38.507" endtime="20230510 16:05:39.262"/>
</kw>
<status status="PASS" starttime="20230510 16:05:17.534" endtime="20230510 16:05:39.266"/>
</kw>
<status status="PASS" starttime="20230510 16:05:17.530" endtime="20230510 16:05:39.266"/>
</kw>
<status status="PASS" starttime="20230510 16:05:17.526" endtime="20230510 16:05:39.266"/>
</kw>
<kw name="Quando digito o valor 350" library="BDDpt-br" sourcename="Quando ${keyword}">
<kw name="Run Keyword" library="BuiltIn">
<arg>${keyword}</arg>
<doc>Executes the given keyword with the given arguments.</doc>
<kw name="digito o valor 350" library="Dividir">
<kw name="Wait Until Element Is Visible" library="AppiumLibrary">
<arg>${CAMPO_PRIMEIRO_NUMERO}</arg>
<doc>Waits until element specified with `locator` is visible.</doc>
<status status="PASS" starttime="20230510 16:05:39.270" endtime="20230510 16:05:39.843"/>
</kw>
<kw name="Input Text" library="AppiumLibrary">
<arg>${CAMPO_PRIMEIRO_NUMERO}</arg>
<arg>350</arg>
<doc>Types the given `text` into text field identified by `locator`.</doc>
<msg timestamp="20230510 16:05:39.843" level="INFO">Typing text '350' into text field 'id=android_field_first_number'</msg>
<status status="PASS" starttime="20230510 16:05:39.843" endtime="20230510 16:05:41.385"/>
</kw>
<status status="PASS" starttime="20230510 16:05:39.270" endtime="20230510 16:05:41.385"/>
</kw>
<status status="PASS" starttime="20230510 16:05:39.266" endtime="20230510 16:05:41.385"/>
</kw>
<status status="PASS" starttime="20230510 16:05:39.266" endtime="20230510 16:05:41.385"/>
</kw>
<kw name="E divido por 7" library="BDDpt-br" sourcename="E ${keyword}">
<kw name="Run Keyword" library="BuiltIn">
<arg>${keyword}</arg>
<doc>Executes the given keyword with the given arguments.</doc>
<kw name="divido por 7" library="Dividir">
<kw name="Wait Until Element Is Visible" library="AppiumLibrary">
<arg>${CAMPO_SEGUNDO_NUMERO}</arg>
<doc>Waits until element specified with `locator` is visible.</doc>
<status status="PASS" starttime="20230510 16:05:41.393" endtime="20230510 16:05:42.099"/>
</kw>
<kw name="Input Text" library="AppiumLibrary">
<arg>${CAMPO_SEGUNDO_NUMERO}</arg>
<arg>7</arg>
<doc>Types the given `text` into text field identified by `locator`.</doc>
<msg timestamp="20230510 16:05:42.099" level="INFO">Typing text '7' into text field 'id=android_field_second_number'</msg>
<status status="PASS" starttime="20230510 16:05:42.099" endtime="20230510 16:05:42.812"/>
</kw>
<status status="PASS" starttime="20230510 16:05:41.393" endtime="20230510 16:05:42.812"/>
</kw>
<status status="PASS" starttime="20230510 16:05:41.389" endtime="20230510 16:05:42.812"/>
</kw>
<status status="PASS" starttime="20230510 16:05:41.385" endtime="20230510 16:05:42.812"/>
</kw>
<kw name="Então o resultado deve ser 50" library="BDDpt-br" sourcename="Então ${keyword}">
<kw name="Run Keyword" library="BuiltIn">
<arg>${keyword}</arg>
<doc>Executes the given keyword with the given arguments.</doc>
<kw name="o resultado deve ser 50" library="Dividir">
<kw name="Wait Until Element Is Visible" library="AppiumLibrary">
<arg>${BOTAO_DIVIDIR}</arg>
<doc>Waits until element specified with `locator` is visible.</doc>
<status status="PASS" starttime="20230510 16:05:42.816" endtime="20230510 16:05:43.825"/>
</kw>
<kw name="Click Element" library="AppiumLibrary">
<arg>${BOTAO_DIVIDIR}</arg>
<doc>Click element identified by `locator`.</doc>
<msg timestamp="20230510 16:05:43.825" level="INFO">Clicking element 'id=android_button_div'.</msg>
<status status="PASS" starttime="20230510 16:05:43.825" endtime="20230510 16:05:44.529"/>
</kw>
<kw name="Wait Until Element Is Visible" library="AppiumLibrary">
<arg>${RESULTADO}</arg>
<doc>Waits until element specified with `locator` is visible.</doc>
<status status="PASS" starttime="20230510 16:05:44.529" endtime="20230510 16:05:45.290"/>
</kw>
<kw name="Element Should Contain Text" library="AppiumLibrary">
<arg>${RESULTADO}</arg>
<arg>50</arg>
<doc>Verifies element identified by ``locator`` contains text ``expected``.</doc>
<msg timestamp="20230510 16:05:45.294" level="INFO">Verifying element 'id=android_result_text' contains text '50'.</msg>
<status status="PASS" starttime="20230510 16:05:45.290" endtime="20230510 16:05:45.885"/>
</kw>
<status status="PASS" starttime="20230510 16:05:42.816" endtime="20230510 16:05:45.885"/>
</kw>
<status status="PASS" starttime="20230510 16:05:42.812" endtime="20230510 16:05:45.885"/>
</kw>
<status status="PASS" starttime="20230510 16:05:42.812" endtime="20230510 16:05:45.885"/>
</kw>
<kw name="Fechar app" library="Config" type="TEARDOWN">
<kw name="Log" library="BuiltIn">
<arg>${TEST STATUS}</arg>
<doc>Logs the given message with the given level.</doc>
<msg timestamp="20230510 16:05:45.889" level="INFO">PASS</msg>
<status status="PASS" starttime="20230510 16:05:45.889" endtime="20230510 16:05:45.889"/>
</kw>
<if>
<branch type="IF" condition="'${TEST STATUS}' == 'PASS'">
<kw name="Mark Test Status" library="Config">
<arg>passed</arg>
<arg>Resultado validado com sucesso!</arg>
<kw name="TEST STATUS" library="mark-test-status">
<arg>${status}</arg>
<arg>${reason}</arg>
<status status="PASS" starttime="20230510 16:05:45.889" endtime="20230510 16:05:46.572"/>
</kw>
<status status="PASS" starttime="20230510 16:05:45.889" endtime="20230510 16:05:46.572"/>
</kw>
<status status="PASS" starttime="20230510 16:05:45.889" endtime="20230510 16:05:46.572"/>
</branch>
<branch type="ELSE">
<kw name="Mark Test Status" library="Config">
<arg>failed</arg>
<arg>Algo deu errado!</arg>
<status status="NOT RUN" starttime="20230510 16:05:46.572" endtime="20230510 16:05:46.572"/>
</kw>
<status status="NOT RUN" starttime="20230510 16:05:46.572" endtime="20230510 16:05:46.572"/>
</branch>
<status status="PASS" starttime="20230510 16:05:45.889" endtime="20230510 16:05:46.572"/>
</if>
<kw name="Close All Applications" library="AppiumLibrary">
<doc>Closes all open applications.</doc>
<status status="PASS" starttime="20230510 16:05:46.572" endtime="20230510 16:05:47.366"/>
</kw>
<status status="PASS" starttime="20230510 16:05:45.889" endtime="20230510 16:05:47.366"/>
</kw>
<status status="PASS" starttime="20230510 16:05:17.526" endtime="20230510 16:05:47.366"/>
</test>
<test id="s1-s1-t5" name="CT-005: Dividir 512 por 32" line="31">
<kw name="Dado que estou no app" library="BDDpt-br" sourcename="Dado ${keyword}">
<kw name="Run Keyword" library="BuiltIn">
<arg>${keyword}</arg>
<doc>Executes the given keyword with the given arguments.</doc>
<kw name="que estou no app" library="Dividir">
<kw name="Abrir app" library="Config">
<kw name="Open Application" library="AppiumLibrary">
<arg>remote_url=${REMOTE_URL}</arg>
<arg>app=${APP}</arg>
<arg>device=${DEVICE}</arg>
<arg>os=${OS}</arg>
<arg>os_version=${OS_VERSION}</arg>
<arg>build=${BUILD}</arg>
<arg>name=${NAME}</arg>
<arg>project=${PROJECT}</arg>
<doc>Opens a new application to given Appium server.
Capabilities of appium server, Android and iOS,
Please check https://github.com/appium/appium/blob/master/docs/en/writing-running-appium/server-args.md
| *Option*            | *Man.* | *Description*     |
| remote_url          | Yes    | Appium server url |
| alias               | no     | alias             |</doc>
<status status="PASS" starttime="20230510 16:05:47.374" endtime="20230510 16:06:08.187"/>
</kw>
<status status="PASS" starttime="20230510 16:05:47.370" endtime="20230510 16:06:08.187"/>
</kw>
<kw name="Wait Until Element Is Visible" library="AppiumLibrary">
<arg>${BOTAO_DIVIDIR}</arg>
<doc>Waits until element specified with `locator` is visible.</doc>
<status status="PASS" starttime="20230510 16:06:08.187" endtime="20230510 16:06:09.007"/>
</kw>
<status status="PASS" starttime="20230510 16:05:47.370" endtime="20230510 16:06:09.007"/>
</kw>
<status status="PASS" starttime="20230510 16:05:47.366" endtime="20230510 16:06:09.007"/>
</kw>
<status status="PASS" starttime="20230510 16:05:47.366" endtime="20230510 16:06:09.007"/>
</kw>
<kw name="Quando digito o valor 512" library="BDDpt-br" sourcename="Quando ${keyword}">
<kw name="Run Keyword" library="BuiltIn">
<arg>${keyword}</arg>
<doc>Executes the given keyword with the given arguments.</doc>
<kw name="digito o valor 512" library="Dividir">
<kw name="Wait Until Element Is Visible" library="AppiumLibrary">
<arg>${CAMPO_PRIMEIRO_NUMERO}</arg>
<doc>Waits until element specified with `locator` is visible.</doc>
<status status="PASS" starttime="20230510 16:06:09.010" endtime="20230510 16:06:09.778"/>
</kw>
<kw name="Input Text" library="AppiumLibrary">
<arg>${CAMPO_PRIMEIRO_NUMERO}</arg>
<arg>512</arg>
<doc>Types the given `text` into text field identified by `locator`.</doc>
<msg timestamp="20230510 16:06:09.780" level="INFO">Typing text '512' into text field 'id=android_field_first_number'</msg>
<status status="PASS" starttime="20230510 16:06:09.778" endtime="20230510 16:06:11.098"/>
</kw>
<status status="PASS" starttime="20230510 16:06:09.010" endtime="20230510 16:06:11.099"/>
</kw>
<status status="PASS" starttime="20230510 16:06:09.008" endtime="20230510 16:06:11.099"/>
</kw>
<status status="PASS" starttime="20230510 16:06:09.008" endtime="20230510 16:06:11.099"/>
</kw>
<kw name="E divido por 32" library="BDDpt-br" sourcename="E ${keyword}">
<kw name="Run Keyword" library="BuiltIn">
<arg>${keyword}</arg>
<doc>Executes the given keyword with the given arguments.</doc>
<kw name="divido por 32" library="Dividir">
<kw name="Wait Until Element Is Visible" library="AppiumLibrary">
<arg>${CAMPO_SEGUNDO_NUMERO}</arg>
<doc>Waits until element specified with `locator` is visible.</doc>
<status status="PASS" starttime="20230510 16:06:11.102" endtime="20230510 16:06:12.078"/>
</kw>
<kw name="Input Text" library="AppiumLibrary">
<arg>${CAMPO_SEGUNDO_NUMERO}</arg>
<arg>32</arg>
<doc>Types the given `text` into text field identified by `locator`.</doc>
<msg timestamp="20230510 16:06:12.080" level="INFO">Typing text '32' into text field 'id=android_field_second_number'</msg>
<status status="PASS" starttime="20230510 16:06:12.078" endtime="20230510 16:06:13.326"/>
</kw>
<status status="PASS" starttime="20230510 16:06:11.102" endtime="20230510 16:06:13.326"/>
</kw>
<status status="PASS" starttime="20230510 16:06:11.100" endtime="20230510 16:06:13.327"/>
</kw>
<status status="PASS" starttime="20230510 16:06:11.099" endtime="20230510 16:06:13.327"/>
</kw>
<kw name="Então o resultado deve ser 16" library="BDDpt-br" sourcename="Então ${keyword}">
<kw name="Run Keyword" library="BuiltIn">
<arg>${keyword}</arg>
<doc>Executes the given keyword with the given arguments.</doc>
<kw name="o resultado deve ser 16" library="Dividir">
<kw name="Wait Until Element Is Visible" library="AppiumLibrary">
<arg>${BOTAO_DIVIDIR}</arg>
<doc>Waits until element specified with `locator` is visible.</doc>
<status status="PASS" starttime="20230510 16:06:13.330" endtime="20230510 16:06:14.224"/>
</kw>
<kw name="Click Element" library="AppiumLibrary">
<arg>${BOTAO_DIVIDIR}</arg>
<doc>Click element identified by `locator`.</doc>
<msg timestamp="20230510 16:06:14.226" level="INFO">Clicking element 'id=android_button_div'.</msg>
<status status="PASS" starttime="20230510 16:06:14.224" endtime="20230510 16:06:15.477"/>
</kw>
<kw name="Wait Until Element Is Visible" library="AppiumLibrary">
<arg>${RESULTADO}</arg>
<doc>Waits until element specified with `locator` is visible.</doc>
<status status="PASS" starttime="20230510 16:06:15.477" endtime="20230510 16:06:16.332"/>
</kw>
<kw name="Element Should Contain Text" library="AppiumLibrary">
<arg>${RESULTADO}</arg>
<arg>16</arg>
<doc>Verifies element identified by ``locator`` contains text ``expected``.</doc>
<msg timestamp="20230510 16:06:16.334" level="INFO">Verifying element 'id=android_result_text' contains text '16'.</msg>
<status status="PASS" starttime="20230510 16:06:16.332" endtime="20230510 16:06:17.223"/>
</kw>
<status status="PASS" starttime="20230510 16:06:13.330" endtime="20230510 16:06:17.223"/>
</kw>
<status status="PASS" starttime="20230510 16:06:13.327" endtime="20230510 16:06:17.223"/>
</kw>
<status status="PASS" starttime="20230510 16:06:13.327" endtime="20230510 16:06:17.223"/>
</kw>
<kw name="Fechar app" library="Config" type="TEARDOWN">
<kw name="Log" library="BuiltIn">
<arg>${TEST STATUS}</arg>
<doc>Logs the given message with the given level.</doc>
<msg timestamp="20230510 16:06:17.225" level="INFO">PASS</msg>
<status status="PASS" starttime="20230510 16:06:17.225" endtime="20230510 16:06:17.225"/>
</kw>
<if>
<branch type="IF" condition="'${TEST STATUS}' == 'PASS'">
<kw name="Mark Test Status" library="Config">
<arg>passed</arg>
<arg>Resultado validado com sucesso!</arg>
<kw name="TEST STATUS" library="mark-test-status">
<arg>${status}</arg>
<arg>${reason}</arg>
<status status="PASS" starttime="20230510 16:06:17.225" endtime="20230510 16:06:18.202"/>
</kw>
<status status="PASS" starttime="20230510 16:06:17.225" endtime="20230510 16:06:18.203"/>
</kw>
<status status="PASS" starttime="20230510 16:06:17.225" endtime="20230510 16:06:18.203"/>
</branch>
<branch type="ELSE">
<kw name="Mark Test Status" library="Config">
<arg>failed</arg>
<arg>Algo deu errado!</arg>
<status status="NOT RUN" starttime="20230510 16:06:18.203" endtime="20230510 16:06:18.203"/>
</kw>
<status status="NOT RUN" starttime="20230510 16:06:18.203" endtime="20230510 16:06:18.203"/>
</branch>
<status status="PASS" starttime="20230510 16:06:17.225" endtime="20230510 16:06:18.203"/>
</if>
<kw name="Close All Applications" library="AppiumLibrary">
<doc>Closes all open applications.</doc>
<status status="PASS" starttime="20230510 16:06:18.203" endtime="20230510 16:06:19.523"/>
</kw>
<status status="PASS" starttime="20230510 16:06:17.223" endtime="20230510 16:06:19.523"/>
</kw>
<status status="PASS" starttime="20230510 16:05:47.366" endtime="20230510 16:06:19.523"/>
</test>
<status status="PASS" starttime="20230510 16:03:44.204" endtime="20230510 16:06:19.524"/>
</suite>
<status status="PASS" starttime="20230510 16:03:44.176" endtime="20230510 16:06:19.526"/>
</suite>
<statistics>
<total>
<stat pass="5" fail="0" skip="0">All Tests</stat>
</total>
<tag>
</tag>
<suite>
<stat pass="5" fail="0" skip="0" id="s1" name="Suites">Suites</stat>
<stat pass="5" fail="0" skip="0" id="s1-s1" name="Dividir">Suites.Dividir</stat>
</suite>
</statistics>
<errors>
</errors>
</robot>
